Using pre-set license
Built from '2020.3/staging' branch; Version is '2020.3.32f1 (12f8b0834f07) revision 1243312'; Using compiler version '192528614'; Build Type 'Release'
OS: 'Windows 11  (10.0.22621) 64bit Professional' Language: 'ru' Physical Memory: 16327 MB
BatchMode: 1, IsHumanControllingUs: 0, StartBugReporterOnCrash: 0, Is64bit: 1, IsPro: 0

COMMAND LINE ARGUMENTS:
D:\ProgramSD\Unity 2020.3.32f1\Editor\Unity.exe
-adb2
-batchMode
-noUpm
-name
AssetImportWorker0
-projectPath
D:/ProgramSD/Git/NINJA_DELIVERY_XP_YAZAEBALSA/LUDUM_NINJA.DELIVERY_XP
-logFile
Logs/AssetImportWorker0.log
-srvPort
51028
Successfully changed project path to: D:/ProgramSD/Git/NINJA_DELIVERY_XP_YAZAEBALSA/LUDUM_NINJA.DELIVERY_XP
D:/ProgramSD/Git/NINJA_DELIVERY_XP_YAZAEBALSA/LUDUM_NINJA.DELIVERY_XP
Using Asset Import Pipeline V2.
Refreshing native plugins compatible for Editor in 64.53 ms, found 3 plugins.
Preloading 0 native plugins for Editor in 0.00 ms.
Initialize engine version: 2020.3.32f1 (12f8b0834f07)
[Subsystems] Discovering subsystems at path D:/ProgramSD/Unity 2020.3.32f1/Editor/Data/Resources/UnitySubsystems
[Subsystems] Discovering subsystems at path D:/ProgramSD/Git/NINJA_DELIVERY_XP_YAZAEBALSA/LUDUM_NINJA.DELIVERY_XP/Assets
GfxDevice: creating device client; threaded=0
Direct3D:
    Version:  Direct3D 11.0 [level 11.1]
    Renderer: NVIDIA GeForce RTX 3060 Ti (ID=0x2489)
    Vendor:   
    VRAM:     8038 MB
    Driver:   31.0.15.3168
Initialize mono
Mono path[0] = 'D:/ProgramSD/Unity 2020.3.32f1/Editor/Data/Managed'
Mono path[1] = 'D:/ProgramSD/Unity 2020.3.32f1/Editor/Data/MonoBleedingEdge/lib/mono/unityjit'
Mono config path = 'D:/ProgramSD/Unity 2020.3.32f1/Editor/Data/MonoBleedingEdge/etc'
Using monoOptions --debugger-agent=transport=dt_socket,embedding=1,server=y,suspend=n,address=127.0.0.1:56368
Begin MonoManager ReloadAssembly
Registering precompiled unity dll's ...
Register platform support module: D:/ProgramSD/Unity 2020.3.32f1/Editor/Data/PlaybackEngines/WindowsStandaloneSupport/UnityEditor.WindowsStandalone.Extensions.dll
Registered in 0.001023 seconds.
Native extension for WindowsStandalone target not found
Refreshing native plugins compatible for Editor in 60.19 ms, found 3 plugins.
Preloading 0 native plugins for Editor in 0.00 ms.
Mono: successfully reloaded assembly
- Completed reload, in  0.779 seconds
Domain Reload Profiling:
	ReloadAssembly (779ms)
		BeginReloadAssembly (83ms)
			ExecutionOrderSort (0ms)
			DisableScriptedObjects (0ms)
			BackupInstance (0ms)
			ReleaseScriptingObjects (0ms)
			CreateAndSetChildDomain (1ms)
		EndReloadAssembly (605ms)
			LoadAssemblies (81ms)
			RebuildTransferFunctionScriptingTraits (0ms)
			SetupTypeCache (199ms)
			ReleaseScriptCaches (0ms)
			RebuildScriptCaches (38ms)
			SetupLoadedEditorAssemblies (231ms)
				LogAssemblyErrors (0ms)
				InitializePlatformSupportModulesInManaged (6ms)
				SetLoadedEditorAssemblies (0ms)
				RefreshPlugins (60ms)
				BeforeProcessingInitializeOnLoad (17ms)
				ProcessInitializeOnLoadAttributes (110ms)
				ProcessInitializeOnLoadMethodAttributes (38ms)
				AfterProcessingInitializeOnLoad (0ms)
				EditorAssembliesLoaded (0ms)
			ExecutionOrderSort2 (0ms)
			AwakeInstancesAfterBackupRestoration (0ms)
Platform modules already initialized, skipping
Registering precompiled user dll's ...
Registered in 0.002877 seconds.
Begin MonoManager ReloadAssembly
Native extension for WindowsStandalone target not found
Refreshing native plugins compatible for Editor in 48.27 ms, found 3 plugins.
Preloading 0 native plugins for Editor in 0.00 ms.
Mono: successfully reloaded assembly
- Completed reload, in  1.186 seconds
Domain Reload Profiling:
	ReloadAssembly (1187ms)
		BeginReloadAssembly (155ms)
			ExecutionOrderSort (0ms)
			DisableScriptedObjects (6ms)
			BackupInstance (0ms)
			ReleaseScriptingObjects (0ms)
			CreateAndSetChildDomain (20ms)
		EndReloadAssembly (973ms)
			LoadAssemblies (104ms)
			RebuildTransferFunctionScriptingTraits (0ms)
			SetupTypeCache (317ms)
			ReleaseScriptCaches (0ms)
			RebuildScriptCaches (50ms)
			SetupLoadedEditorAssemblies (374ms)
				LogAssemblyErrors (0ms)
				InitializePlatformSupportModulesInManaged (4ms)
				SetLoadedEditorAssemblies (0ms)
				RefreshPlugins (48ms)
				BeforeProcessingInitializeOnLoad (78ms)
				ProcessInitializeOnLoadAttributes (220ms)
				ProcessInitializeOnLoadMethodAttributes (21ms)
				AfterProcessingInitializeOnLoad (2ms)
				EditorAssembliesLoaded (0ms)
			ExecutionOrderSort2 (0ms)
			AwakeInstancesAfterBackupRestoration (8ms)
Platform modules already initialized, skipping
========================================================================
Worker process is ready to serve import requests
Launched and connected shader compiler UnityShaderCompiler.exe after 0.05 seconds
Refreshing native plugins compatible for Editor in 0.82 ms, found 3 plugins.
Preloading 0 native plugins for Editor in 0.00 ms.
Unloading 2203 Unused Serialized files (Serialized files now loaded: 0)
System memory in use before: 97.1 MB.
System memory in use after: 97.0 MB.

Unloading 31 unused Assets to reduce memory usage. Loaded Objects now: 2634.
Total: 4.794800 ms (FindLiveObjects: 0.244700 ms CreateObjectMapping: 0.216100 ms MarkObjects: 4.158000 ms  DeleteObjects: 0.174700 ms)

AssetImportParameters requested are different than current active one (requested -> active):
  custom:framework-win-MediaFoundation: 216162199b28c13a410421893ffa2e32 -> 
  custom:video-decoder-ogg-theora: a1e56fd34408186e4bbccfd4996cb3dc -> 
  custom:container-muxer-webm: aa71ff27fc2769a1b78a27578f13a17b -> 
  custom:container-demuxer-webm: 4f35f7cbe854078d1ac9338744f61a02 -> 
  custom:container-demuxer-ogg: 62fdf1f143b41e24485cea50d1cbac27 -> 
  custom:video-encoder-webm-vp8: eb34c28f22e8b96e1ab97ce403110664 -> 
  custom:video-codec-MediaFoundation-h265: 746d11721c4dcdbdad8f713fa42b33f4 -> 
  custom:video-decoder-webm-vp8: 9c59270c3fd7afecdb556c50c9e8de78 -> 
  custom:audio-decoder-ogg-vorbis: bf7c407c2cedff20999df2af8eb42d56 -> 
  custom:audio-encoder-webm-vorbis: bf7c407c2cedff20999df2af8eb42d56 -> 
========================================================================
Received Import Request.
  path: Assets/Scripts/ShootBomerang.cs
  artifactKey: Guid(37fdfe02203a4fe4989885bb9a9f6e07) Importer(815301076,1909f56bfc062723c751e8b465ee728b)
Start importing Assets/Scripts/ShootBomerang.cs using Guid(37fdfe02203a4fe4989885bb9a9f6e07) Importer(815301076,1909f56bfc062723c751e8b465ee728b)  -> (artifact id: '4fd628ca8411f929d47e90b3d7350ce6') in 0.040534 seconds 
========================================================================
Received Import Request.
  Time since last request: 0.000285 seconds.
  path: Assets/Scripts/Boomerang.cs
  artifactKey: Guid(4d7653205f914344099619cb74af1325) Importer(815301076,1909f56bfc062723c751e8b465ee728b)
Start importing Assets/Scripts/Boomerang.cs using Guid(4d7653205f914344099619cb74af1325) Importer(815301076,1909f56bfc062723c751e8b465ee728b)  -> (artifact id: '88132e258e0995bd10d7863d80d19be0') in 0.006907 seconds 
========================================================================
Received Import Request.
  Time since last request: 0.000282 seconds.
  path: Assets/Scripts/PLR_MOVE.cs
  artifactKey: Guid(8edd5bb4bc8b0c74cb498dfeb6e8afee) Importer(815301076,1909f56bfc062723c751e8b465ee728b)
Start importing Assets/Scripts/PLR_MOVE.cs using Guid(8edd5bb4bc8b0c74cb498dfeb6e8afee) Importer(815301076,1909f56bfc062723c751e8b465ee728b)  -> (artifact id: 'd984fc8dba798683dbac94453380e62d') in 0.006021 seconds 
========================================================================
Received Import Request.
  Time since last request: 0.000240 seconds.
  path: Assets/Scripts
  artifactKey: Guid(9dce4ce8ba56ada428d088f0deeddde8) Importer(815301076,1909f56bfc062723c751e8b465ee728b)
Start importing Assets/Scripts using Guid(9dce4ce8ba56ada428d088f0deeddde8) Importer(815301076,1909f56bfc062723c751e8b465ee728b)  -> (artifact id: '81928f2680114991a4be6f5d5b9fc834') in 0.006045 seconds 
========================================================================
Received Prepare
Registering precompiled user dll's ...
Registered in 0.002362 seconds.
Begin MonoManager ReloadAssembly
Native extension for WindowsStandalone target not found
Refreshing native plugins compatible for Editor in 0.49 ms, found 3 plugins.
Preloading 0 native plugins for Editor in 0.00 ms.
Mono: successfully reloaded assembly
- Completed reload, in  1.097 seconds
Domain Reload Profiling:
	ReloadAssembly (1098ms)
		BeginReloadAssembly (131ms)
			ExecutionOrderSort (0ms)
			DisableScriptedObjects (8ms)
			BackupInstance (0ms)
			ReleaseScriptingObjects (0ms)
			CreateAndSetChildDomain (43ms)
		EndReloadAssembly (905ms)
			LoadAssemblies (100ms)
			RebuildTransferFunctionScriptingTraits (0ms)
			SetupTypeCache (313ms)
			ReleaseScriptCaches (1ms)
			RebuildScriptCaches (53ms)
			SetupLoadedEditorAssemblies (337ms)
				LogAssemblyErrors (0ms)
				InitializePlatformSupportModulesInManaged (5ms)
				SetLoadedEditorAssemblies (1ms)
				RefreshPlugins (1ms)
				BeforeProcessingInitializeOnLoad (102ms)
				ProcessInitializeOnLoadAttributes (214ms)
				ProcessInitializeOnLoadMethodAttributes (13ms)
				AfterProcessingInitializeOnLoad (2ms)
				EditorAssembliesLoaded (0ms)
			ExecutionOrderSort2 (0ms)
			AwakeInstancesAfterBackupRestoration (10ms)
Platform modules already initialized, skipping
Refreshing native plugins compatible for Editor in 0.47 ms, found 3 plugins.
Preloading 0 native plugins for Editor in 0.00 ms.
Unloading 2202 Unused Serialized files (Serialized files now loaded: 0)
System memory in use before: 97.1 MB.
System memory in use after: 97.1 MB.

Unloading 20 unused Assets to reduce memory usage. Loaded Objects now: 2641.
Total: 3.626000 ms (FindLiveObjects: 0.240400 ms CreateObjectMapping: 0.080100 ms MarkObjects: 3.171600 ms  DeleteObjects: 0.132300 ms)

AssetImportParameters requested are different than current active one (requested -> active):
  custom:framework-win-MediaFoundation: 216162199b28c13a410421893ffa2e32 -> 
  custom:video-decoder-ogg-theora: a1e56fd34408186e4bbccfd4996cb3dc -> 
  custom:container-muxer-webm: aa71ff27fc2769a1b78a27578f13a17b -> 
  custom:container-demuxer-webm: 4f35f7cbe854078d1ac9338744f61a02 -> 
  custom:container-demuxer-ogg: 62fdf1f143b41e24485cea50d1cbac27 -> 
  custom:video-encoder-webm-vp8: eb34c28f22e8b96e1ab97ce403110664 -> 
  custom:video-codec-MediaFoundation-h265: 746d11721c4dcdbdad8f713fa42b33f4 -> 
  custom:video-decoder-webm-vp8: 9c59270c3fd7afecdb556c50c9e8de78 -> 
  custom:audio-decoder-ogg-vorbis: bf7c407c2cedff20999df2af8eb42d56 -> 
  custom:audio-encoder-webm-vorbis: bf7c407c2cedff20999df2af8eb42d56 -> 
========================================================================
Received Import Request.
  Time since last request: 120.530960 seconds.
  path: Assets/Prototype Hero Demo - Pixel Art
  artifactKey: Guid(c0e50cba53e84c44eb8a3585abe7b2f8) Importer(815301076,1909f56bfc062723c751e8b465ee728b)
Start importing Assets/Prototype Hero Demo - Pixel Art using Guid(c0e50cba53e84c44eb8a3585abe7b2f8) Importer(815301076,1909f56bfc062723c751e8b465ee728b)  -> (artifact id: '560e470a7bd0a72d424ede041512639b') in 0.012548 seconds 
========================================================================
Received Import Request.
  Time since last request: 0.461997 seconds.
  path: Assets/Prototype Hero Demo - Pixel Art/Audio
  artifactKey: Guid(c0a25cb790688234ca068b666e3360dd) Importer(815301076,1909f56bfc062723c751e8b465ee728b)
Start importing Assets/Prototype Hero Demo - Pixel Art/Audio using Guid(c0a25cb790688234ca068b666e3360dd) Importer(815301076,1909f56bfc062723c751e8b465ee728b)  -> (artifact id: 'df0ac4b981f658ed540496a90930590d') in 0.009702 seconds 
========================================================================
Received Import Request.
  Time since last request: 1.094861 seconds.
  path: Assets/Prototype Hero Demo - Pixel Art/Animations
  artifactKey: Guid(41229bb698c230046aa08132e15eab69) Importer(815301076,1909f56bfc062723c751e8b465ee728b)
Start importing Assets/Prototype Hero Demo - Pixel Art/Animations using Guid(41229bb698c230046aa08132e15eab69) Importer(815301076,1909f56bfc062723c751e8b465ee728b)  -> (artifact id: '10eec589ad23e8920f8f881c0970ec35') in 0.008392 seconds 
========================================================================
Received Import Request.
  Time since last request: 0.965325 seconds.
  path: Assets/Prototype Hero Demo - Pixel Art/Sprites
  artifactKey: Guid(fe0dd8d84ad077a439f068110a4c1145) Importer(815301076,1909f56bfc062723c751e8b465ee728b)
Start importing Assets/Prototype Hero Demo - Pixel Art/Sprites using Guid(fe0dd8d84ad077a439f068110a4c1145) Importer(815301076,1909f56bfc062723c751e8b465ee728b)  -> (artifact id: '80c1aac235d2691acf06ad39445d109f') in 0.008887 seconds 
========================================================================
Received Import Request.
  Time since last request: 0.630833 seconds.
  path: Assets/Prototype Hero Demo - Pixel Art/Sprites/Background.png
  artifactKey: Guid(d9c5f41937dce6a4aaea431fd404415b) Importer(815301076,1909f56bfc062723c751e8b465ee728b)
Start importing Assets/Prototype Hero Demo - Pixel Art/Sprites/Background.png using Guid(d9c5f41937dce6a4aaea431fd404415b) Importer(815301076,1909f56bfc062723c751e8b465ee728b)  -> (artifact id: '4c2922abcc1ac966cdbe6a21d92dc6c5') in 0.137341 seconds 
========================================================================
Received Import Request.
  Time since last request: 0.000287 seconds.
  path: Assets/Prototype Hero Demo - Pixel Art/Sprites/EnvironmentTiles.png
  artifactKey: Guid(7706d4b3f7d8d2e42b82d09010a105ec) Importer(815301076,1909f56bfc062723c751e8b465ee728b)
Start importing Assets/Prototype Hero Demo - Pixel Art/Sprites/EnvironmentTiles.png using Guid(7706d4b3f7d8d2e42b82d09010a105ec) Importer(815301076,1909f56bfc062723c751e8b465ee728b)  -> (artifact id: '8afcb578e7c4ad1faa4b9e72309f5810') in 0.038982 seconds 
========================================================================
Received Import Request.
  Time since last request: 0.000417 seconds.
  path: Assets/Prototype Hero Demo - Pixel Art/Sprites/PrototypeHero_noSword.png
  artifactKey: Guid(0409f2fddf07780408257c186ab69681) Importer(815301076,1909f56bfc062723c751e8b465ee728b)
Start importing Assets/Prototype Hero Demo - Pixel Art/Sprites/PrototypeHero_noSword.png using Guid(0409f2fddf07780408257c186ab69681) Importer(815301076,1909f56bfc062723c751e8b465ee728b)  -> (artifact id: '48283c00c0ef83bc5836a120706f1df5') in 0.123077 seconds 
========================================================================
Received Import Request.
  Time since last request: 0.000278 seconds.
  path: Assets/Prototype Hero Demo - Pixel Art/Sprites/PrototypeHero.png
  artifactKey: Guid(300ea1a5869382b43bf6149aba92c4db) Importer(815301076,1909f56bfc062723c751e8b465ee728b)
Start importing Assets/Prototype Hero Demo - Pixel Art/Sprites/PrototypeHero.png using Guid(300ea1a5869382b43bf6149aba92c4db) Importer(815301076,1909f56bfc062723c751e8b465ee728b)  -> (artifact id: 'c62b33b5e838b48a98b2e0bce940c625') in 0.115965 seconds 
========================================================================
Received Import Request.
  Time since last request: 0.000254 seconds.
  path: Assets/Prototype Hero Demo - Pixel Art/Sprites/Dust.png
  artifactKey: Guid(197dc101be73bc64ebf9c4837ee28a15) Importer(815301076,1909f56bfc062723c751e8b465ee728b)
Start importing Assets/Prototype Hero Demo - Pixel Art/Sprites/Dust.png using Guid(197dc101be73bc64ebf9c4837ee28a15) Importer(815301076,1909f56bfc062723c751e8b465ee728b)  -> (artifact id: '96cfba77e0178c1fa37277f6ef4407ba') in 0.071541 seconds 
========================================================================
Received Import Request.
  Time since last request: 3.884854 seconds.
  path: Assets/Prototype Hero Demo - Pixel Art/Environment
  artifactKey: Guid(52873c474e7fe244c871f1cb933736c4) Importer(815301076,1909f56bfc062723c751e8b465ee728b)
Start importing Assets/Prototype Hero Demo - Pixel Art/Environment using Guid(52873c474e7fe244c871f1cb933736c4) Importer(815301076,1909f56bfc062723c751e8b465ee728b)  -> (artifact id: 'fc9b2ad083d040060eac434b8ecbaa33') in 0.010424 seconds 
========================================================================
Received Import Request.
  Time since last request: 0.043846 seconds.
  path: Assets/Prototype Hero Demo - Pixel Art/Environment/EnvironmentPalette_Prototype.prefab
  artifactKey: Guid(ef06610bdafab1143b3e18004e4719b3) Importer(815301076,1909f56bfc062723c751e8b465ee728b)
Start importing Assets/Prototype Hero Demo - Pixel Art/Environment/EnvironmentPalette_Prototype.prefab using Guid(ef06610bdafab1143b3e18004e4719b3) Importer(815301076,1909f56bfc062723c751e8b465ee728b)  -> (artifact id: 'b98abc9fd848197a77939f95dd30f97d') in 0.043966 seconds 
========================================================================
Received Import Request.
  Time since last request: 0.000278 seconds.
  path: Assets/Prototype Hero Demo - Pixel Art/Environment/EnvironmentTiles_1.asset
  artifactKey: Guid(2df9905a1cc5ae64fb4dedb716f51bb7) Importer(815301076,1909f56bfc062723c751e8b465ee728b)
Start importing Assets/Prototype Hero Demo - Pixel Art/Environment/EnvironmentTiles_1.asset using Guid(2df9905a1cc5ae64fb4dedb716f51bb7) Importer(815301076,1909f56bfc062723c751e8b465ee728b)  -> (artifact id: '41c7d83d83eb7480a710813e2776f317') in 0.022209 seconds 
========================================================================
Received Import Request.
  Time since last request: 0.000230 seconds.
  path: Assets/Prototype Hero Demo - Pixel Art/Environment/EnvironmentTiles_2.asset
  artifactKey: Guid(8be7de5514576614f9116d9da2150b3e) Importer(815301076,1909f56bfc062723c751e8b465ee728b)
Start importing Assets/Prototype Hero Demo - Pixel Art/Environment/EnvironmentTiles_2.asset using Guid(8be7de5514576614f9116d9da2150b3e) Importer(815301076,1909f56bfc062723c751e8b465ee728b)  -> (artifact id: 'b7ffbaf8571b203d63c60f1148d668d0') in 0.014202 seconds 
========================================================================
Received Import Request.
  Time since last request: 0.000233 seconds.
  path: Assets/Prototype Hero Demo - Pixel Art/Environment/EnvironmentTiles_3.asset
  artifactKey: Guid(9af352b19c729fc478ec1f18e714585a) Importer(815301076,1909f56bfc062723c751e8b465ee728b)
Start importing Assets/Prototype Hero Demo - Pixel Art/Environment/EnvironmentTiles_3.asset using Guid(9af352b19c729fc478ec1f18e714585a) Importer(815301076,1909f56bfc062723c751e8b465ee728b)  -> (artifact id: 'c7e300de54674699f852167ebdc81592') in 0.011324 seconds 
========================================================================
Received Import Request.
  Time since last request: 0.000223 seconds.
  path: Assets/Prototype Hero Demo - Pixel Art/Environment/EnvironmentTiles_0.asset
  artifactKey: Guid(b966ba8d7d465b6458e43bb42b6e0eb7) Importer(815301076,1909f56bfc062723c751e8b465ee728b)
Start importing Assets/Prototype Hero Demo - Pixel Art/Environment/EnvironmentTiles_0.asset using Guid(b966ba8d7d465b6458e43bb42b6e0eb7) Importer(815301076,1909f56bfc062723c751e8b465ee728b)  -> (artifact id: '38d09f58126f3a108fd9141474e01f70') in 0.012800 seconds 
========================================================================
Received Import Request.
  Time since last request: 1.340436 seconds.
  path: Assets/Prototype Hero Demo - Pixel Art/Demo
  artifactKey: Guid(6289fda832ad64b4295e560089668425) Importer(815301076,1909f56bfc062723c751e8b465ee728b)
Start importing Assets/Prototype Hero Demo - Pixel Art/Demo using Guid(6289fda832ad64b4295e560089668425) Importer(815301076,1909f56bfc062723c751e8b465ee728b)  -> (artifact id: '9ccd039f3e8376e4429e7e3200226129') in 0.008296 seconds 
========================================================================
Received Import Request.
  Time since last request: 0.057018 seconds.
  path: Assets/Prototype Hero Demo - Pixel Art/Demo/JumpDust.prefab
  artifactKey: Guid(4a4123fbc8b39d441868897a71d2b2b1) Importer(815301076,1909f56bfc062723c751e8b465ee728b)
Start importing Assets/Prototype Hero Demo - Pixel Art/Demo/JumpDust.prefab using Guid(4a4123fbc8b39d441868897a71d2b2b1) Importer(815301076,1909f56bfc062723c751e8b465ee728b)  -> (artifact id: '7a49d973552435fdbbb4a7e4fd925c41') in 0.024495 seconds 
========================================================================
Received Import Request.
  Time since last request: 0.000251 seconds.
  path: Assets/Prototype Hero Demo - Pixel Art/Demo/RunStopDust.prefab
  artifactKey: Guid(39afca3c109b26049a80bc07593eb271) Importer(815301076,1909f56bfc062723c751e8b465ee728b)
Start importing Assets/Prototype Hero Demo - Pixel Art/Demo/RunStopDust.prefab using Guid(39afca3c109b26049a80bc07593eb271) Importer(815301076,1909f56bfc062723c751e8b465ee728b)  -> (artifact id: 'b20592bf721a88372dffcd40bf013733') in 0.016537 seconds 
========================================================================
Received Import Request.
  Time since last request: 0.000260 seconds.
  path: Assets/Prototype Hero Demo - Pixel Art/Demo/PrototypeHero.prefab
  artifactKey: Guid(e481822248898d04e9808a3d3ca78e5a) Importer(815301076,1909f56bfc062723c751e8b465ee728b)
Start importing Assets/Prototype Hero Demo - Pixel Art/Demo/PrototypeHero.prefab using Guid(e481822248898d04e9808a3d3ca78e5a) Importer(815301076,1909f56bfc062723c751e8b465ee728b)  -> (artifact id: 'b4b59f2a31da84e8771487b5f696ceb5') in 0.026300 seconds 
========================================================================
Received Import Request.
  Time since last request: 0.000294 seconds.
  path: Assets/Prototype Hero Demo - Pixel Art/Demo/LandingDust.prefab
  artifactKey: Guid(0b745be9abb3a6d4dadd8705950196d1) Importer(815301076,1909f56bfc062723c751e8b465ee728b)
Start importing Assets/Prototype Hero Demo - Pixel Art/Demo/LandingDust.prefab using Guid(0b745be9abb3a6d4dadd8705950196d1) Importer(815301076,1909f56bfc062723c751e8b465ee728b)  -> (artifact id: 'fd383b471f817f5e76dbe2ed0f4899b4') in 0.018019 seconds 
========================================================================
Received Import Request.
  Time since last request: 9.886489 seconds.
  path: Assets/Prototype Hero Demo - Pixel Art/Audio/Footstep1.wav
  artifactKey: Guid(1a631ada4ecd9cf49a88b135aa70c396) Importer(815301076,1909f56bfc062723c751e8b465ee728b)
Start importing Assets/Prototype Hero Demo - Pixel Art/Audio/Footstep1.wav using Guid(1a631ada4ecd9cf49a88b135aa70c396) Importer(815301076,1909f56bfc062723c751e8b465ee728b)  -> (artifact id: '0b96af3fdbb0246e3ab3ca0ebad5c60d') in 0.032244 seconds 
========================================================================
Received Import Request.
  Time since last request: 0.000220 seconds.
  path: Assets/Prototype Hero Demo - Pixel Art/Audio/Footstep3.wav
  artifactKey: Guid(9b0833c02b71a294faba6438278d937a) Importer(815301076,1909f56bfc062723c751e8b465ee728b)
Start importing Assets/Prototype Hero Demo - Pixel Art/Audio/Footstep3.wav using Guid(9b0833c02b71a294faba6438278d937a) Importer(815301076,1909f56bfc062723c751e8b465ee728b)  -> (artifact id: '17dfc06a632bc1ccb57ed38b877791e9') in 0.024203 seconds 
========================================================================
Received Import Request.
  Time since last request: 0.000306 seconds.
  path: Assets/Prototype Hero Demo - Pixel Art/Audio/Jump.wav
  artifactKey: Guid(5a18f2ef7db9f1943bedda13ff85ee89) Importer(815301076,1909f56bfc062723c751e8b465ee728b)
Start importing Assets/Prototype Hero Demo - Pixel Art/Audio/Jump.wav using Guid(5a18f2ef7db9f1943bedda13ff85ee89) Importer(815301076,1909f56bfc062723c751e8b465ee728b)  -> (artifact id: 'e09e6442e45a2abacb2e85e9f9e3631f') in 0.011765 seconds 
========================================================================
Received Import Request.
  Time since last request: 0.000294 seconds.
  path: Assets/Prototype Hero Demo - Pixel Art/Audio/Footstep2.wav
  artifactKey: Guid(ee00faf8b8432ff40a6e008c84d5ae59) Importer(815301076,1909f56bfc062723c751e8b465ee728b)
Start importing Assets/Prototype Hero Demo - Pixel Art/Audio/Footstep2.wav using Guid(ee00faf8b8432ff40a6e008c84d5ae59) Importer(815301076,1909f56bfc062723c751e8b465ee728b)  -> (artifact id: '39a78469ed7199bb4f4d99081724b0be') in 0.014049 seconds 
========================================================================
Received Import Request.
  Time since last request: 0.000216 seconds.
  path: Assets/Prototype Hero Demo - Pixel Art/Audio/Landing.wav
  artifactKey: Guid(5329b99920a6642409627b29d379aff7) Importer(815301076,1909f56bfc062723c751e8b465ee728b)
Start importing Assets/Prototype Hero Demo - Pixel Art/Audio/Landing.wav using Guid(5329b99920a6642409627b29d379aff7) Importer(815301076,1909f56bfc062723c751e8b465ee728b)  -> (artifact id: 'fe685fd139502d444fdab4ce184ba333') in 0.014132 seconds 
========================================================================
Received Import Request.
  Time since last request: 15.696935 seconds.
  path: Assets/Prototype Hero Demo - Pixel Art/Animations/Effects
  artifactKey: Guid(74859b2488caa714388b4cedb7324ad6) Importer(815301076,1909f56bfc062723c751e8b465ee728b)
Start importing Assets/Prototype Hero Demo - Pixel Art/Animations/Effects using Guid(74859b2488caa714388b4cedb7324ad6) Importer(815301076,1909f56bfc062723c751e8b465ee728b)  -> (artifact id: 'ed743fedda40e84eaf3bcb0198788267') in 0.009835 seconds 
========================================================================
Received Import Request.
  Time since last request: 1.079715 seconds.
  path: Assets/Prototype Hero Demo - Pixel Art/Animations/Effects/JumpDust.controller
  artifactKey: Guid(b74530df16ae3c0459f4deda1dc8dbee) Importer(815301076,1909f56bfc062723c751e8b465ee728b)
Start importing Assets/Prototype Hero Demo - Pixel Art/Animations/Effects/JumpDust.controller using Guid(b74530df16ae3c0459f4deda1dc8dbee) Importer(815301076,1909f56bfc062723c751e8b465ee728b)  -> (artifact id: '26853fd079ff273ab1297773fa4dc30f') in 0.006188 seconds 
========================================================================
Received Import Request.
  Time since last request: 2.159357 seconds.
  path: Assets/Prototype Hero Demo - Pixel Art/Animations/Prototype Hero
  artifactKey: Guid(a92db283cbbb35249902f2a0e12b2286) Importer(815301076,1909f56bfc062723c751e8b465ee728b)
Start importing Assets/Prototype Hero Demo - Pixel Art/Animations/Prototype Hero using Guid(a92db283cbbb35249902f2a0e12b2286) Importer(815301076,1909f56bfc062723c751e8b465ee728b)  -> (artifact id: 'e777f417594881a81059a392368fecd0') in 0.007638 seconds 
========================================================================
Received Import Request.
  Time since last request: 1.780765 seconds.
  path: Assets/Prototype Hero Demo - Pixel Art/Animations/Prototype Hero noSword
  artifactKey: Guid(b1115da9fc608444da55296f3ece4122) Importer(815301076,1909f56bfc062723c751e8b465ee728b)
Start importing Assets/Prototype Hero Demo - Pixel Art/Animations/Prototype Hero noSword using Guid(b1115da9fc608444da55296f3ece4122) Importer(815301076,1909f56bfc062723c751e8b465ee728b)  -> (artifact id: 'c3a941f3e5d9dd1dbf7828f303183857') in 0.008308 seconds 
========================================================================
Received Prepare
Registering precompiled user dll's ...
Registered in 0.003107 seconds.
Begin MonoManager ReloadAssembly
Native extension for WindowsStandalone target not found
Refreshing native plugins compatible for Editor in 0.65 ms, found 3 plugins.
Preloading 0 native plugins for Editor in 0.00 ms.
Mono: successfully reloaded assembly
- Completed reload, in  1.041 seconds
Domain Reload Profiling:
	ReloadAssembly (1042ms)
		BeginReloadAssembly (123ms)
			ExecutionOrderSort (0ms)
			DisableScriptedObjects (7ms)
			BackupInstance (0ms)
			ReleaseScriptingObjects (0ms)
			CreateAndSetChildDomain (38ms)
		EndReloadAssembly (855ms)
			LoadAssemblies (104ms)
			RebuildTransferFunctionScriptingTraits (0ms)
			SetupTypeCache (295ms)
			ReleaseScriptCaches (1ms)
			RebuildScriptCaches (50ms)
			SetupLoadedEditorAssemblies (310ms)
				LogAssemblyErrors (0ms)
				InitializePlatformSupportModulesInManaged (5ms)
				SetLoadedEditorAssemblies (1ms)
				RefreshPlugins (1ms)
				BeforeProcessingInitializeOnLoad (96ms)
				ProcessInitializeOnLoadAttributes (193ms)
				ProcessInitializeOnLoadMethodAttributes (13ms)
				AfterProcessingInitializeOnLoad (2ms)
				EditorAssembliesLoaded (0ms)
			ExecutionOrderSort2 (0ms)
			AwakeInstancesAfterBackupRestoration (10ms)
Platform modules already initialized, skipping
Refreshing native plugins compatible for Editor in 0.49 ms, found 3 plugins.
Preloading 0 native plugins for Editor in 0.00 ms.
Unloading 2202 Unused Serialized files (Serialized files now loaded: 0)
System memory in use before: 100.4 MB.
System memory in use after: 100.4 MB.

Unloading 20 unused Assets to reduce memory usage. Loaded Objects now: 2664.
Total: 3.293900 ms (FindLiveObjects: 0.176100 ms CreateObjectMapping: 0.050300 ms MarkObjects: 2.937100 ms  DeleteObjects: 0.129100 ms)

AssetImportParameters requested are different than current active one (requested -> active):
  custom:framework-win-MediaFoundation: 216162199b28c13a410421893ffa2e32 -> 
  custom:video-decoder-ogg-theora: a1e56fd34408186e4bbccfd4996cb3dc -> 
  custom:container-muxer-webm: aa71ff27fc2769a1b78a27578f13a17b -> 
  custom:container-demuxer-webm: 4f35f7cbe854078d1ac9338744f61a02 -> 
  custom:container-demuxer-ogg: 62fdf1f143b41e24485cea50d1cbac27 -> 
  custom:video-encoder-webm-vp8: eb34c28f22e8b96e1ab97ce403110664 -> 
  custom:video-codec-MediaFoundation-h265: 746d11721c4dcdbdad8f713fa42b33f4 -> 
  custom:video-decoder-webm-vp8: 9c59270c3fd7afecdb556c50c9e8de78 -> 
  custom:audio-decoder-ogg-vorbis: bf7c407c2cedff20999df2af8eb42d56 -> 
  custom:audio-encoder-webm-vorbis: bf7c407c2cedff20999df2af8eb42d56 -> 
========================================================================
Received Prepare
Registering precompiled user dll's ...
Registered in 0.002499 seconds.
Begin MonoManager ReloadAssembly
Native extension for WindowsStandalone target not found
Refreshing native plugins compatible for Editor in 0.53 ms, found 3 plugins.
Preloading 0 native plugins for Editor in 0.00 ms.
Mono: successfully reloaded assembly
- Completed reload, in  1.286 seconds
Domain Reload Profiling:
	ReloadAssembly (1286ms)
		BeginReloadAssembly (152ms)
			ExecutionOrderSort (0ms)
			DisableScriptedObjects (10ms)
			BackupInstance (0ms)
			ReleaseScriptingObjects (0ms)
			CreateAndSetChildDomain (49ms)
		EndReloadAssembly (1061ms)
			LoadAssemblies (126ms)
			RebuildTransferFunctionScriptingTraits (0ms)
			SetupTypeCache (371ms)
			ReleaseScriptCaches (1ms)
			RebuildScriptCaches (61ms)
			SetupLoadedEditorAssemblies (384ms)
				LogAssemblyErrors (0ms)
				InitializePlatformSupportModulesInManaged (6ms)
				SetLoadedEditorAssemblies (1ms)
				RefreshPlugins (1ms)
				BeforeProcessingInitializeOnLoad (120ms)
				ProcessInitializeOnLoadAttributes (238ms)
				ProcessInitializeOnLoadMethodAttributes (15ms)
				AfterProcessingInitializeOnLoad (2ms)
				EditorAssembliesLoaded (0ms)
			ExecutionOrderSort2 (0ms)
			AwakeInstancesAfterBackupRestoration (12ms)
Platform modules already initialized, skipping
Refreshing native plugins compatible for Editor in 0.54 ms, found 3 plugins.
Preloading 0 native plugins for Editor in 0.00 ms.
Unloading 2202 Unused Serialized files (Serialized files now loaded: 0)
System memory in use before: 100.4 MB.
System memory in use after: 100.4 MB.

Unloading 20 unused Assets to reduce memory usage. Loaded Objects now: 2667.
Total: 4.511800 ms (FindLiveObjects: 0.205200 ms CreateObjectMapping: 0.119900 ms MarkObjects: 4.034900 ms  DeleteObjects: 0.150600 ms)

AssetImportParameters requested are different than current active one (requested -> active):
  custom:framework-win-MediaFoundation: 216162199b28c13a410421893ffa2e32 -> 
  custom:video-decoder-ogg-theora: a1e56fd34408186e4bbccfd4996cb3dc -> 
  custom:container-muxer-webm: aa71ff27fc2769a1b78a27578f13a17b -> 
  custom:container-demuxer-webm: 4f35f7cbe854078d1ac9338744f61a02 -> 
  custom:container-demuxer-ogg: 62fdf1f143b41e24485cea50d1cbac27 -> 
  custom:video-encoder-webm-vp8: eb34c28f22e8b96e1ab97ce403110664 -> 
  custom:video-codec-MediaFoundation-h265: 746d11721c4dcdbdad8f713fa42b33f4 -> 
  custom:video-decoder-webm-vp8: 9c59270c3fd7afecdb556c50c9e8de78 -> 
  custom:audio-decoder-ogg-vorbis: bf7c407c2cedff20999df2af8eb42d56 -> 
  custom:audio-encoder-webm-vorbis: bf7c407c2cedff20999df2af8eb42d56 -> 
========================================================================
Received Prepare
Registering precompiled user dll's ...
Registered in 0.003388 seconds.
Begin MonoManager ReloadAssembly
Native extension for WindowsStandalone target not found
Refreshing native plugins compatible for Editor in 0.47 ms, found 3 plugins.
Preloading 0 native plugins for Editor in 0.00 ms.
Mono: successfully reloaded assembly
- Completed reload, in  1.037 seconds
Domain Reload Profiling:
	ReloadAssembly (1038ms)
		BeginReloadAssembly (111ms)
			ExecutionOrderSort (0ms)
			DisableScriptedObjects (7ms)
			BackupInstance (0ms)
			ReleaseScriptingObjects (0ms)
			CreateAndSetChildDomain (34ms)
		EndReloadAssembly (868ms)
			LoadAssemblies (98ms)
			RebuildTransferFunctionScriptingTraits (0ms)
			SetupTypeCache (288ms)
			ReleaseScriptCaches (1ms)
			RebuildScriptCaches (45ms)
			SetupLoadedEditorAssemblies (338ms)
				LogAssemblyErrors (0ms)
				InitializePlatformSupportModulesInManaged (5ms)
				SetLoadedEditorAssemblies (1ms)
				RefreshPlugins (1ms)
				BeforeProcessingInitializeOnLoad (117ms)
				ProcessInitializeOnLoadAttributes (200ms)
				ProcessInitializeOnLoadMethodAttributes (13ms)
				AfterProcessingInitializeOnLoad (2ms)
				EditorAssembliesLoaded (0ms)
			ExecutionOrderSort2 (0ms)
			AwakeInstancesAfterBackupRestoration (10ms)
Platform modules already initialized, skipping
Refreshing native plugins compatible for Editor in 0.50 ms, found 3 plugins.
Preloading 0 native plugins for Editor in 0.00 ms.
Unloading 2202 Unused Serialized files (Serialized files now loaded: 0)
System memory in use before: 100.4 MB.
System memory in use after: 100.4 MB.

Unloading 20 unused Assets to reduce memory usage. Loaded Objects now: 2670.
Total: 3.548700 ms (FindLiveObjects: 0.176100 ms CreateObjectMapping: 0.050700 ms MarkObjects: 3.150600 ms  DeleteObjects: 0.170300 ms)

AssetImportParameters requested are different than current active one (requested -> active):
  custom:framework-win-MediaFoundation: 216162199b28c13a410421893ffa2e32 -> 
  custom:video-decoder-ogg-theora: a1e56fd34408186e4bbccfd4996cb3dc -> 
  custom:container-muxer-webm: aa71ff27fc2769a1b78a27578f13a17b -> 
  custom:container-demuxer-webm: 4f35f7cbe854078d1ac9338744f61a02 -> 
  custom:container-demuxer-ogg: 62fdf1f143b41e24485cea50d1cbac27 -> 
  custom:video-encoder-webm-vp8: eb34c28f22e8b96e1ab97ce403110664 -> 
  custom:video-codec-MediaFoundation-h265: 746d11721c4dcdbdad8f713fa42b33f4 -> 
  custom:video-decoder-webm-vp8: 9c59270c3fd7afecdb556c50c9e8de78 -> 
  custom:audio-decoder-ogg-vorbis: bf7c407c2cedff20999df2af8eb42d56 -> 
  custom:audio-encoder-webm-vorbis: bf7c407c2cedff20999df2af8eb42d56 -> 
AssetImportWorkerClient::OnTransportError - code=2 error=End of file
