Using pre-set license
Built from '2020.3/staging' branch; Version is '2020.3.32f1 (12f8b0834f07) revision 1243312'; Using compiler version '192528614'; Build Type 'Release'
OS: 'Windows 11  (10.0.22621) 64bit Professional' Language: 'ru' Physical Memory: 16327 MB
BatchMode: 1, IsHumanControllingUs: 0, StartBugReporterOnCrash: 0, Is64bit: 1, IsPro: 0

COMMAND LINE ARGUMENTS:
D:\ProgramSD\Unity 2020.3.32f1\Editor\Unity.exe
-adb2
-batchMode
-noUpm
-name
AssetImportWorker0
-projectPath
D:/ProgramSD/Git/NINJA_DELIVERY_XP_YAZAEBALSA/LUDUM_NINJA.DELIVERY_XP
-logFile
Logs/AssetImportWorker0.log
-srvPort
49678
Successfully changed project path to: D:/ProgramSD/Git/NINJA_DELIVERY_XP_YAZAEBALSA/LUDUM_NINJA.DELIVERY_XP
D:/ProgramSD/Git/NINJA_DELIVERY_XP_YAZAEBALSA/LUDUM_NINJA.DELIVERY_XP
Using Asset Import Pipeline V2.
Refreshing native plugins compatible for Editor in 62.40 ms, found 3 plugins.
Preloading 0 native plugins for Editor in 0.00 ms.
Initialize engine version: 2020.3.32f1 (12f8b0834f07)
[Subsystems] Discovering subsystems at path D:/ProgramSD/Unity 2020.3.32f1/Editor/Data/Resources/UnitySubsystems
[Subsystems] Discovering subsystems at path D:/ProgramSD/Git/NINJA_DELIVERY_XP_YAZAEBALSA/LUDUM_NINJA.DELIVERY_XP/Assets
GfxDevice: creating device client; threaded=0
Direct3D:
    Version:  Direct3D 11.0 [level 11.1]
    Renderer: NVIDIA GeForce RTX 3060 Ti (ID=0x2489)
    Vendor:   
    VRAM:     8038 MB
    Driver:   31.0.15.3168
Initialize mono
Mono path[0] = 'D:/ProgramSD/Unity 2020.3.32f1/Editor/Data/Managed'
Mono path[1] = 'D:/ProgramSD/Unity 2020.3.32f1/Editor/Data/MonoBleedingEdge/lib/mono/unityjit'
Mono config path = 'D:/ProgramSD/Unity 2020.3.32f1/Editor/Data/MonoBleedingEdge/etc'
Using monoOptions --debugger-agent=transport=dt_socket,embedding=1,server=y,suspend=n,address=127.0.0.1:56396
Begin MonoManager ReloadAssembly
Registering precompiled unity dll's ...
Register platform support module: D:/ProgramSD/Unity 2020.3.32f1/Editor/Data/PlaybackEngines/WindowsStandaloneSupport/UnityEditor.WindowsStandalone.Extensions.dll
Registered in 0.001051 seconds.
Native extension for WindowsStandalone target not found
Refreshing native plugins compatible for Editor in 57.04 ms, found 3 plugins.
Preloading 0 native plugins for Editor in 0.00 ms.
Mono: successfully reloaded assembly
- Completed reload, in  0.764 seconds
Domain Reload Profiling:
	ReloadAssembly (764ms)
		BeginReloadAssembly (76ms)
			ExecutionOrderSort (0ms)
			DisableScriptedObjects (0ms)
			BackupInstance (0ms)
			ReleaseScriptingObjects (0ms)
			CreateAndSetChildDomain (1ms)
		EndReloadAssembly (595ms)
			LoadAssemblies (75ms)
			RebuildTransferFunctionScriptingTraits (0ms)
			SetupTypeCache (195ms)
			ReleaseScriptCaches (0ms)
			RebuildScriptCaches (39ms)
			SetupLoadedEditorAssemblies (213ms)
				LogAssemblyErrors (0ms)
				InitializePlatformSupportModulesInManaged (5ms)
				SetLoadedEditorAssemblies (0ms)
				RefreshPlugins (57ms)
				BeforeProcessingInitializeOnLoad (16ms)
				ProcessInitializeOnLoadAttributes (98ms)
				ProcessInitializeOnLoadMethodAttributes (37ms)
				AfterProcessingInitializeOnLoad (0ms)
				EditorAssembliesLoaded (0ms)
			ExecutionOrderSort2 (0ms)
			AwakeInstancesAfterBackupRestoration (0ms)
Platform modules already initialized, skipping
Registering precompiled user dll's ...
Registered in 0.002179 seconds.
Begin MonoManager ReloadAssembly
Native extension for WindowsStandalone target not found
Refreshing native plugins compatible for Editor in 53.08 ms, found 3 plugins.
Preloading 0 native plugins for Editor in 0.00 ms.
Mono: successfully reloaded assembly
- Completed reload, in  1.241 seconds
Domain Reload Profiling:
	ReloadAssembly (1242ms)
		BeginReloadAssembly (157ms)
			ExecutionOrderSort (0ms)
			DisableScriptedObjects (6ms)
			BackupInstance (0ms)
			ReleaseScriptingObjects (0ms)
			CreateAndSetChildDomain (19ms)
		EndReloadAssembly (1017ms)
			LoadAssemblies (99ms)
			RebuildTransferFunctionScriptingTraits (0ms)
			SetupTypeCache (331ms)
			ReleaseScriptCaches (0ms)
			RebuildScriptCaches (53ms)
			SetupLoadedEditorAssemblies (391ms)
				LogAssemblyErrors (0ms)
				InitializePlatformSupportModulesInManaged (4ms)
				SetLoadedEditorAssemblies (0ms)
				RefreshPlugins (53ms)
				BeforeProcessingInitializeOnLoad (83ms)
				ProcessInitializeOnLoadAttributes (228ms)
				ProcessInitializeOnLoadMethodAttributes (20ms)
				AfterProcessingInitializeOnLoad (2ms)
				EditorAssembliesLoaded (0ms)
			ExecutionOrderSort2 (0ms)
			AwakeInstancesAfterBackupRestoration (7ms)
Platform modules already initialized, skipping
========================================================================
Worker process is ready to serve import requests
Launched and connected shader compiler UnityShaderCompiler.exe after 0.11 seconds
Refreshing native plugins compatible for Editor in 0.66 ms, found 3 plugins.
Preloading 0 native plugins for Editor in 0.00 ms.
Unloading 2209 Unused Serialized files (Serialized files now loaded: 0)
System memory in use before: 97.2 MB.
System memory in use after: 97.2 MB.

Unloading 31 unused Assets to reduce memory usage. Loaded Objects now: 2640.
Total: 3.732600 ms (FindLiveObjects: 0.194000 ms CreateObjectMapping: 0.064300 ms MarkObjects: 3.305300 ms  DeleteObjects: 0.168100 ms)

AssetImportParameters requested are different than current active one (requested -> active):
  custom:framework-win-MediaFoundation: 216162199b28c13a410421893ffa2e32 -> 
  custom:video-decoder-ogg-theora: a1e56fd34408186e4bbccfd4996cb3dc -> 
  custom:container-muxer-webm: aa71ff27fc2769a1b78a27578f13a17b -> 
  custom:container-demuxer-webm: 4f35f7cbe854078d1ac9338744f61a02 -> 
  custom:container-demuxer-ogg: 62fdf1f143b41e24485cea50d1cbac27 -> 
  custom:video-encoder-webm-vp8: eb34c28f22e8b96e1ab97ce403110664 -> 
  custom:video-codec-MediaFoundation-h265: 746d11721c4dcdbdad8f713fa42b33f4 -> 
  custom:video-decoder-webm-vp8: 9c59270c3fd7afecdb556c50c9e8de78 -> 
  custom:audio-decoder-ogg-vorbis: bf7c407c2cedff20999df2af8eb42d56 -> 
  custom:audio-encoder-webm-vorbis: bf7c407c2cedff20999df2af8eb42d56 -> 
========================================================================
Received Import Request.
  path: Assets/Scenes
  artifactKey: Guid(131a6b21c8605f84396be9f6751fb6e3) Importer(815301076,1909f56bfc062723c751e8b465ee728b)
Start importing Assets/Scenes using Guid(131a6b21c8605f84396be9f6751fb6e3) Importer(815301076,1909f56bfc062723c751e8b465ee728b)  -> (artifact id: 'df75b7d1a31c5b4f73fd45661b403b04') in 0.009854 seconds 
========================================================================
Received Import Request.
  Time since last request: 0.000227 seconds.
  path: Assets/Scenes/SampleScene.unity
  artifactKey: Guid(2cda990e2423bbf4892e6590ba056729) Importer(815301076,1909f56bfc062723c751e8b465ee728b)
Start importing Assets/Scenes/SampleScene.unity using Guid(2cda990e2423bbf4892e6590ba056729) Importer(815301076,1909f56bfc062723c751e8b465ee728b)  -> (artifact id: '39547d91d5a0f5d2ddc316c71aec8d52') in 0.001617 seconds 
========================================================================
Received Import Request.
  Time since last request: 0.000248 seconds.
  path: Assets/Scripts
  artifactKey: Guid(9dce4ce8ba56ada428d088f0deeddde8) Importer(815301076,1909f56bfc062723c751e8b465ee728b)
Start importing Assets/Scripts using Guid(9dce4ce8ba56ada428d088f0deeddde8) Importer(815301076,1909f56bfc062723c751e8b465ee728b)  -> (artifact id: '81928f2680114991a4be6f5d5b9fc834') in 0.007499 seconds 
========================================================================
Received Import Request.
  Time since last request: 42.197980 seconds.
  path: Assets/Prefabs
  artifactKey: Guid(28e5f9b230ea40741a551db8986b3364) Importer(815301076,1909f56bfc062723c751e8b465ee728b)
Start importing Assets/Prefabs using Guid(28e5f9b230ea40741a551db8986b3364) Importer(815301076,1909f56bfc062723c751e8b465ee728b)  -> (artifact id: '1b3dcbbe785cadebe29274b078f66ad0') in 0.007763 seconds 
========================================================================
Received Import Request.
  Time since last request: 0.052607 seconds.
  path: Assets/Prefabs/Bullet.prefab
  artifactKey: Guid(2a183af557ab5064c8ff21470d085ef6) Importer(815301076,1909f56bfc062723c751e8b465ee728b)
Start importing Assets/Prefabs/Bullet.prefab using Guid(2a183af557ab5064c8ff21470d085ef6) Importer(815301076,1909f56bfc062723c751e8b465ee728b)  -> (artifact id: '53ffee1af54a2c7faf01955c9fa8fe60') in 0.117443 seconds 
========================================================================
Received Import Request.
  Time since last request: 0.000209 seconds.
  path: Assets/Prefabs/StairRight.prefab
  artifactKey: Guid(22e820d1d0e2a9d45b8d6aae149138bb) Importer(815301076,1909f56bfc062723c751e8b465ee728b)
Start importing Assets/Prefabs/StairRight.prefab using Guid(22e820d1d0e2a9d45b8d6aae149138bb) Importer(815301076,1909f56bfc062723c751e8b465ee728b)  -> (artifact id: '105d3f78396a75404da29d6316b34aa3') in 0.021476 seconds 
========================================================================
Received Import Request.
  Time since last request: 0.000271 seconds.
  path: Assets/Prefabs/StairLeft.prefab
  artifactKey: Guid(1e7fb9992c123164896ab208a35f4eae) Importer(815301076,1909f56bfc062723c751e8b465ee728b)
Start importing Assets/Prefabs/StairLeft.prefab using Guid(1e7fb9992c123164896ab208a35f4eae) Importer(815301076,1909f56bfc062723c751e8b465ee728b)  -> (artifact id: '17e3cbf34b484cab58f2ae207f94e291') in 0.016134 seconds 
========================================================================
Received Import Request.
  Time since last request: 4.700921 seconds.
  path: Assets/Prototype Hero Demo - Pixel Art
  artifactKey: Guid(c0e50cba53e84c44eb8a3585abe7b2f8) Importer(815301076,1909f56bfc062723c751e8b465ee728b)
Start importing Assets/Prototype Hero Demo - Pixel Art using Guid(c0e50cba53e84c44eb8a3585abe7b2f8) Importer(815301076,1909f56bfc062723c751e8b465ee728b)  -> (artifact id: '560e470a7bd0a72d424ede041512639b') in 0.008482 seconds 
========================================================================
Received Import Request.
  Time since last request: 419.851396 seconds.
  path: Assets/Prefabs/RightStair.prefab
  artifactKey: Guid(43297116e590d5c4ebbb313f70ed0ee1) Importer(815301076,1909f56bfc062723c751e8b465ee728b)
Start importing Assets/Prefabs/RightStair.prefab using Guid(43297116e590d5c4ebbb313f70ed0ee1) Importer(815301076,1909f56bfc062723c751e8b465ee728b)  -> (artifact id: '550f7b1eaa307b1729d6888ea1d8cfd1') in 0.018589 seconds 
========================================================================
Received Import Request.
  Time since last request: 2.100869 seconds.
  path: Assets/Prefabs/RightStair (1).prefab
  artifactKey: Guid(d3b1030561e63a64db2dc5bd64ed3e12) Importer(815301076,1909f56bfc062723c751e8b465ee728b)
Start importing Assets/Prefabs/RightStair (1).prefab using Guid(d3b1030561e63a64db2dc5bd64ed3e12) Importer(815301076,1909f56bfc062723c751e8b465ee728b)  -> (artifact id: '32310b2ed7bf87950e75d7fb8e0389e7') in 0.015907 seconds 
========================================================================
Received Import Request.
  Time since last request: 27.210407 seconds.
  path: Assets/Prototype Hero Demo - Pixel Art/Environment
  artifactKey: Guid(52873c474e7fe244c871f1cb933736c4) Importer(815301076,1909f56bfc062723c751e8b465ee728b)
Start importing Assets/Prototype Hero Demo - Pixel Art/Environment using Guid(52873c474e7fe244c871f1cb933736c4) Importer(815301076,1909f56bfc062723c751e8b465ee728b)  -> (artifact id: 'fc9b2ad083d040060eac434b8ecbaa33') in 0.008835 seconds 
========================================================================
Received Import Request.
  Time since last request: 0.518941 seconds.
  path: Assets/Prototype Hero Demo - Pixel Art/Environment/EnvironmentPalette_Prototype.prefab
  artifactKey: Guid(ef06610bdafab1143b3e18004e4719b3) Importer(815301076,1909f56bfc062723c751e8b465ee728b)
Start importing Assets/Prototype Hero Demo - Pixel Art/Environment/EnvironmentPalette_Prototype.prefab using Guid(ef06610bdafab1143b3e18004e4719b3) Importer(815301076,1909f56bfc062723c751e8b465ee728b)  -> (artifact id: 'b98abc9fd848197a77939f95dd30f97d') in 0.018012 seconds 
========================================================================
Received Import Request.
  Time since last request: 0.000222 seconds.
  path: Assets/Prototype Hero Demo - Pixel Art/Environment/EnvironmentTiles_1.asset
  artifactKey: Guid(2df9905a1cc5ae64fb4dedb716f51bb7) Importer(815301076,1909f56bfc062723c751e8b465ee728b)
Start importing Assets/Prototype Hero Demo - Pixel Art/Environment/EnvironmentTiles_1.asset using Guid(2df9905a1cc5ae64fb4dedb716f51bb7) Importer(815301076,1909f56bfc062723c751e8b465ee728b)  -> (artifact id: '41c7d83d83eb7480a710813e2776f317') in 0.028952 seconds 
========================================================================
Received Import Request.
  Time since last request: 0.000257 seconds.
  path: Assets/Prototype Hero Demo - Pixel Art/Environment/EnvironmentTiles_2.asset
  artifactKey: Guid(8be7de5514576614f9116d9da2150b3e) Importer(815301076,1909f56bfc062723c751e8b465ee728b)
Start importing Assets/Prototype Hero Demo - Pixel Art/Environment/EnvironmentTiles_2.asset using Guid(8be7de5514576614f9116d9da2150b3e) Importer(815301076,1909f56bfc062723c751e8b465ee728b)  -> (artifact id: 'b7ffbaf8571b203d63c60f1148d668d0') in 0.014289 seconds 
========================================================================
Received Import Request.
  Time since last request: 0.000245 seconds.
  path: Assets/Prototype Hero Demo - Pixel Art/Environment/EnvironmentTiles_3.asset
  artifactKey: Guid(9af352b19c729fc478ec1f18e714585a) Importer(815301076,1909f56bfc062723c751e8b465ee728b)
Start importing Assets/Prototype Hero Demo - Pixel Art/Environment/EnvironmentTiles_3.asset using Guid(9af352b19c729fc478ec1f18e714585a) Importer(815301076,1909f56bfc062723c751e8b465ee728b)  -> (artifact id: 'c7e300de54674699f852167ebdc81592') in 0.014327 seconds 
========================================================================
Received Import Request.
  Time since last request: 0.000259 seconds.
  path: Assets/Prototype Hero Demo - Pixel Art/Environment/EnvironmentTiles_0.asset
  artifactKey: Guid(b966ba8d7d465b6458e43bb42b6e0eb7) Importer(815301076,1909f56bfc062723c751e8b465ee728b)
Start importing Assets/Prototype Hero Demo - Pixel Art/Environment/EnvironmentTiles_0.asset using Guid(b966ba8d7d465b6458e43bb42b6e0eb7) Importer(815301076,1909f56bfc062723c751e8b465ee728b)  -> (artifact id: '38d09f58126f3a108fd9141474e01f70') in 0.011829 seconds 
========================================================================
Received Import Request.
  Time since last request: 2.839312 seconds.
  path: Assets/Prototype Hero Demo - Pixel Art/Demo
  artifactKey: Guid(6289fda832ad64b4295e560089668425) Importer(815301076,1909f56bfc062723c751e8b465ee728b)
Start importing Assets/Prototype Hero Demo - Pixel Art/Demo using Guid(6289fda832ad64b4295e560089668425) Importer(815301076,1909f56bfc062723c751e8b465ee728b)  -> (artifact id: '9ccd039f3e8376e4429e7e3200226129') in 0.008451 seconds 
========================================================================
Received Import Request.
  Time since last request: 0.851636 seconds.
  path: Assets/Prototype Hero Demo - Pixel Art/Demo/JumpDust.prefab
  artifactKey: Guid(4a4123fbc8b39d441868897a71d2b2b1) Importer(815301076,1909f56bfc062723c751e8b465ee728b)
Start importing Assets/Prototype Hero Demo - Pixel Art/Demo/JumpDust.prefab using Guid(4a4123fbc8b39d441868897a71d2b2b1) Importer(815301076,1909f56bfc062723c751e8b465ee728b)  -> (artifact id: '7a49d973552435fdbbb4a7e4fd925c41') in 0.016933 seconds 
========================================================================
Received Import Request.
  Time since last request: 0.000222 seconds.
  path: Assets/Prototype Hero Demo - Pixel Art/Demo/RunStopDust.prefab
  artifactKey: Guid(39afca3c109b26049a80bc07593eb271) Importer(815301076,1909f56bfc062723c751e8b465ee728b)
Start importing Assets/Prototype Hero Demo - Pixel Art/Demo/RunStopDust.prefab using Guid(39afca3c109b26049a80bc07593eb271) Importer(815301076,1909f56bfc062723c751e8b465ee728b)  -> (artifact id: 'b20592bf721a88372dffcd40bf013733') in 0.017945 seconds 
========================================================================
Received Import Request.
  Time since last request: 0.000253 seconds.
  path: Assets/Prototype Hero Demo - Pixel Art/Demo/PrototypeHero.prefab
  artifactKey: Guid(e481822248898d04e9808a3d3ca78e5a) Importer(815301076,1909f56bfc062723c751e8b465ee728b)
Start importing Assets/Prototype Hero Demo - Pixel Art/Demo/PrototypeHero.prefab using Guid(e481822248898d04e9808a3d3ca78e5a) Importer(815301076,1909f56bfc062723c751e8b465ee728b)  -> (artifact id: 'b4b59f2a31da84e8771487b5f696ceb5') in 0.035219 seconds 
========================================================================
Received Import Request.
  Time since last request: 0.000249 seconds.
  path: Assets/Prototype Hero Demo - Pixel Art/Demo/LandingDust.prefab
  artifactKey: Guid(0b745be9abb3a6d4dadd8705950196d1) Importer(815301076,1909f56bfc062723c751e8b465ee728b)
Start importing Assets/Prototype Hero Demo - Pixel Art/Demo/LandingDust.prefab using Guid(0b745be9abb3a6d4dadd8705950196d1) Importer(815301076,1909f56bfc062723c751e8b465ee728b)  -> (artifact id: 'fd383b471f817f5e76dbe2ed0f4899b4') in 0.018008 seconds 
========================================================================
Received Import Request.
  Time since last request: 30.531247 seconds.
  path: Assets/Prototype Hero Demo - Pixel Art/Sprites
  artifactKey: Guid(fe0dd8d84ad077a439f068110a4c1145) Importer(815301076,1909f56bfc062723c751e8b465ee728b)
Start importing Assets/Prototype Hero Demo - Pixel Art/Sprites using Guid(fe0dd8d84ad077a439f068110a4c1145) Importer(815301076,1909f56bfc062723c751e8b465ee728b)  -> (artifact id: '80c1aac235d2691acf06ad39445d109f') in 0.008537 seconds 
========================================================================
Received Prepare
Registering precompiled user dll's ...
Registered in 0.003084 seconds.
Begin MonoManager ReloadAssembly
Native extension for WindowsStandalone target not found
Refreshing native plugins compatible for Editor in 0.47 ms, found 3 plugins.
Preloading 0 native plugins for Editor in 0.00 ms.
Mono: successfully reloaded assembly
- Completed reload, in  1.196 seconds
Domain Reload Profiling:
	ReloadAssembly (1197ms)
		BeginReloadAssembly (143ms)
			ExecutionOrderSort (0ms)
			DisableScriptedObjects (12ms)
			BackupInstance (0ms)
			ReleaseScriptingObjects (0ms)
			CreateAndSetChildDomain (42ms)
		EndReloadAssembly (979ms)
			LoadAssemblies (118ms)
			RebuildTransferFunctionScriptingTraits (0ms)
			SetupTypeCache (381ms)
			ReleaseScriptCaches (1ms)
			RebuildScriptCaches (55ms)
			SetupLoadedEditorAssemblies (329ms)
				LogAssemblyErrors (0ms)
				InitializePlatformSupportModulesInManaged (6ms)
				SetLoadedEditorAssemblies (1ms)
				RefreshPlugins (1ms)
				BeforeProcessingInitializeOnLoad (100ms)
				ProcessInitializeOnLoadAttributes (207ms)
				ProcessInitializeOnLoadMethodAttributes (13ms)
				AfterProcessingInitializeOnLoad (2ms)
				EditorAssembliesLoaded (0ms)
			ExecutionOrderSort2 (0ms)
			AwakeInstancesAfterBackupRestoration (12ms)
Platform modules already initialized, skipping
Refreshing native plugins compatible for Editor in 0.54 ms, found 3 plugins.
Preloading 0 native plugins for Editor in 0.00 ms.
Unloading 2204 Unused Serialized files (Serialized files now loaded: 0)
System memory in use before: 100.4 MB.
System memory in use after: 100.3 MB.

Unloading 20 unused Assets to reduce memory usage. Loaded Objects now: 2653.
Total: 3.349200 ms (FindLiveObjects: 0.193500 ms CreateObjectMapping: 0.059700 ms MarkObjects: 2.970200 ms  DeleteObjects: 0.124800 ms)

AssetImportParameters requested are different than current active one (requested -> active):
  custom:framework-win-MediaFoundation: 216162199b28c13a410421893ffa2e32 -> 
  custom:video-decoder-ogg-theora: a1e56fd34408186e4bbccfd4996cb3dc -> 
  custom:container-muxer-webm: aa71ff27fc2769a1b78a27578f13a17b -> 
  custom:container-demuxer-webm: 4f35f7cbe854078d1ac9338744f61a02 -> 
  custom:container-demuxer-ogg: 62fdf1f143b41e24485cea50d1cbac27 -> 
  custom:video-encoder-webm-vp8: eb34c28f22e8b96e1ab97ce403110664 -> 
  custom:video-codec-MediaFoundation-h265: 746d11721c4dcdbdad8f713fa42b33f4 -> 
  custom:video-decoder-webm-vp8: 9c59270c3fd7afecdb556c50c9e8de78 -> 
  custom:audio-decoder-ogg-vorbis: bf7c407c2cedff20999df2af8eb42d56 -> 
  custom:audio-encoder-webm-vorbis: bf7c407c2cedff20999df2af8eb42d56 -> 
AssetImportWorkerClient::OnTransportError - code=2 error=End of file
