Using pre-set license
Built from '2020.3/staging' branch; Version is '2020.3.32f1 (12f8b0834f07) revision 1243312'; Using compiler version '192528614'; Build Type 'Release'
OS: 'Windows 11  (10.0.22621) 64bit Professional' Language: 'ru' Physical Memory: 16327 MB
BatchMode: 1, IsHumanControllingUs: 0, StartBugReporterOnCrash: 0, Is64bit: 1, IsPro: 0

COMMAND LINE ARGUMENTS:
D:\ProgramSD\Unity 2020.3.32f1\Editor\Unity.exe
-adb2
-batchMode
-noUpm
-name
AssetImportWorker0
-projectPath
D:/ProgramSD/Git/NINJA_DELIVERY_XP_YAZAEBALSA/NINJA_DELIVERY
-logFile
Logs/AssetImportWorker0.log
-srvPort
52476
Successfully changed project path to: D:/ProgramSD/Git/NINJA_DELIVERY_XP_YAZAEBALSA/NINJA_DELIVERY
D:/ProgramSD/Git/NINJA_DELIVERY_XP_YAZAEBALSA/NINJA_DELIVERY
Using Asset Import Pipeline V2.
Refreshing native plugins compatible for Editor in 61.01 ms, found 3 plugins.
Preloading 0 native plugins for Editor in 0.00 ms.
Initialize engine version: 2020.3.32f1 (12f8b0834f07)
[Subsystems] Discovering subsystems at path D:/ProgramSD/Unity 2020.3.32f1/Editor/Data/Resources/UnitySubsystems
[Subsystems] Discovering subsystems at path D:/ProgramSD/Git/NINJA_DELIVERY_XP_YAZAEBALSA/NINJA_DELIVERY/Assets
GfxDevice: creating device client; threaded=0
Direct3D:
    Version:  Direct3D 11.0 [level 11.1]
    Renderer: NVIDIA GeForce RTX 3060 Ti (ID=0x2489)
    Vendor:   
    VRAM:     8038 MB
    Driver:   31.0.15.3168
Initialize mono
Mono path[0] = 'D:/ProgramSD/Unity 2020.3.32f1/Editor/Data/Managed'
Mono path[1] = 'D:/ProgramSD/Unity 2020.3.32f1/Editor/Data/MonoBleedingEdge/lib/mono/unityjit'
Mono config path = 'D:/ProgramSD/Unity 2020.3.32f1/Editor/Data/MonoBleedingEdge/etc'
Using monoOptions --debugger-agent=transport=dt_socket,embedding=1,server=y,suspend=n,address=127.0.0.1:56840
Begin MonoManager ReloadAssembly
Registering precompiled unity dll's ...
Register platform support module: D:/ProgramSD/Unity 2020.3.32f1/Editor/Data/PlaybackEngines/WindowsStandaloneSupport/UnityEditor.WindowsStandalone.Extensions.dll
Registered in 0.000888 seconds.
Native extension for WindowsStandalone target not found
Refreshing native plugins compatible for Editor in 52.68 ms, found 3 plugins.
Preloading 0 native plugins for Editor in 0.00 ms.
Mono: successfully reloaded assembly
- Completed reload, in  0.693 seconds
Domain Reload Profiling:
	ReloadAssembly (693ms)
		BeginReloadAssembly (76ms)
			ExecutionOrderSort (0ms)
			DisableScriptedObjects (0ms)
			BackupInstance (0ms)
			ReleaseScriptingObjects (0ms)
			CreateAndSetChildDomain (1ms)
		EndReloadAssembly (529ms)
			LoadAssemblies (75ms)
			RebuildTransferFunctionScriptingTraits (0ms)
			SetupTypeCache (174ms)
			ReleaseScriptCaches (0ms)
			RebuildScriptCaches (32ms)
			SetupLoadedEditorAssemblies (206ms)
				LogAssemblyErrors (0ms)
				InitializePlatformSupportModulesInManaged (4ms)
				SetLoadedEditorAssemblies (0ms)
				RefreshPlugins (53ms)
				BeforeProcessingInitializeOnLoad (16ms)
				ProcessInitializeOnLoadAttributes (98ms)
				ProcessInitializeOnLoadMethodAttributes (35ms)
				AfterProcessingInitializeOnLoad (0ms)
				EditorAssembliesLoaded (0ms)
			ExecutionOrderSort2 (0ms)
			AwakeInstancesAfterBackupRestoration (0ms)
Platform modules already initialized, skipping
Registering precompiled user dll's ...
Registered in 0.002529 seconds.
Begin MonoManager ReloadAssembly
Native extension for WindowsStandalone target not found
Refreshing native plugins compatible for Editor in 99.08 ms, found 3 plugins.
Preloading 0 native plugins for Editor in 0.00 ms.
Mono: successfully reloaded assembly
- Completed reload, in  1.489 seconds
Domain Reload Profiling:
	ReloadAssembly (1490ms)
		BeginReloadAssembly (160ms)
			ExecutionOrderSort (0ms)
			DisableScriptedObjects (5ms)
			BackupInstance (0ms)
			ReleaseScriptingObjects (0ms)
			CreateAndSetChildDomain (19ms)
		EndReloadAssembly (1265ms)
			LoadAssemblies (102ms)
			RebuildTransferFunctionScriptingTraits (0ms)
			SetupTypeCache (338ms)
			ReleaseScriptCaches (1ms)
			RebuildScriptCaches (71ms)
			SetupLoadedEditorAssemblies (555ms)
				LogAssemblyErrors (0ms)
				InitializePlatformSupportModulesInManaged (5ms)
				SetLoadedEditorAssemblies (0ms)
				RefreshPlugins (99ms)
				BeforeProcessingInitializeOnLoad (142ms)
				ProcessInitializeOnLoadAttributes (282ms)
				ProcessInitializeOnLoadMethodAttributes (23ms)
				AfterProcessingInitializeOnLoad (2ms)
				EditorAssembliesLoaded (0ms)
			ExecutionOrderSort2 (0ms)
			AwakeInstancesAfterBackupRestoration (11ms)
Platform modules already initialized, skipping
========================================================================
Worker process is ready to serve import requests
Launched and connected shader compiler UnityShaderCompiler.exe after 0.06 seconds
Refreshing native plugins compatible for Editor in 0.75 ms, found 3 plugins.
Preloading 0 native plugins for Editor in 0.00 ms.
Unloading 2220 Unused Serialized files (Serialized files now loaded: 0)
System memory in use before: 99.5 MB.
System memory in use after: 99.4 MB.

Unloading 31 unused Assets to reduce memory usage. Loaded Objects now: 2653.
Total: 4.308800 ms (FindLiveObjects: 0.214100 ms CreateObjectMapping: 0.058200 ms MarkObjects: 3.758700 ms  DeleteObjects: 0.276100 ms)

AssetImportParameters requested are different than current active one (requested -> active):
  custom:framework-win-MediaFoundation: 216162199b28c13a410421893ffa2e32 -> 
  custom:video-decoder-ogg-theora: a1e56fd34408186e4bbccfd4996cb3dc -> 
  custom:container-muxer-webm: aa71ff27fc2769a1b78a27578f13a17b -> 
  custom:container-demuxer-webm: 4f35f7cbe854078d1ac9338744f61a02 -> 
  custom:container-demuxer-ogg: 62fdf1f143b41e24485cea50d1cbac27 -> 
  custom:video-encoder-webm-vp8: eb34c28f22e8b96e1ab97ce403110664 -> 
  custom:video-codec-MediaFoundation-h265: 746d11721c4dcdbdad8f713fa42b33f4 -> 
  custom:video-decoder-webm-vp8: 9c59270c3fd7afecdb556c50c9e8de78 -> 
  custom:audio-decoder-ogg-vorbis: bf7c407c2cedff20999df2af8eb42d56 -> 
  custom:audio-encoder-webm-vorbis: bf7c407c2cedff20999df2af8eb42d56 -> 
========================================================================
Received Import Request.
  path: Assets/photo1682934715.png
  artifactKey: Guid(2f49aef7f8d905841bc8217ccded5770) Importer(815301076,1909f56bfc062723c751e8b465ee728b)
Start importing Assets/photo1682934715.png using Guid(2f49aef7f8d905841bc8217ccded5770) Importer(815301076,1909f56bfc062723c751e8b465ee728b)  -> (artifact id: '6f170a9ccb1f2e2a545b873894ab41fa') in 0.135218 seconds 
========================================================================
Received Import Request.
  Time since last request: 0.000333 seconds.
  path: Assets/photo1682934715.jpeg
  artifactKey: Guid(86e91cdd52a99f84a99a7ae0e1ca148d) Importer(815301076,1909f56bfc062723c751e8b465ee728b)
Start importing Assets/photo1682934715.jpeg using Guid(86e91cdd52a99f84a99a7ae0e1ca148d) Importer(815301076,1909f56bfc062723c751e8b465ee728b)  -> (artifact id: 'cc64024ce672b0dd68c042ba9af87e73') in 0.044220 seconds 
========================================================================
Received Import Request.
  Time since last request: 4.031645 seconds.
  path: Assets/Pictures
  artifactKey: Guid(62b5f3fe2c92a70498b44b5713a188f9) Importer(815301076,1909f56bfc062723c751e8b465ee728b)
Start importing Assets/Pictures using Guid(62b5f3fe2c92a70498b44b5713a188f9) Importer(815301076,1909f56bfc062723c751e8b465ee728b)  -> (artifact id: '3e4b72fcebaede23f838ea696ac45873') in 0.007293 seconds 
========================================================================
Received Import Request.
  Time since last request: 0.760893 seconds.
  path: Assets/Pictures/1.png
  artifactKey: Guid(e8ceb6d1406ec8a4394ef4160bf00652) Importer(815301076,1909f56bfc062723c751e8b465ee728b)
Start importing Assets/Pictures/1.png using Guid(e8ceb6d1406ec8a4394ef4160bf00652) Importer(815301076,1909f56bfc062723c751e8b465ee728b)  -> (artifact id: '9e78c9e2dba2044363679a5585090be7') in 0.022059 seconds 
========================================================================
Received Import Request.
  Time since last request: 0.000352 seconds.
  path: Assets/Pictures/2.png
  artifactKey: Guid(bc8d148533d477043994f6541e8d00f7) Importer(815301076,1909f56bfc062723c751e8b465ee728b)
Start importing Assets/Pictures/2.png using Guid(bc8d148533d477043994f6541e8d00f7) Importer(815301076,1909f56bfc062723c751e8b465ee728b)  -> (artifact id: '01631fc2c845a11931c1a11591f239c4') in 0.022725 seconds 
========================================================================
Received Import Request.
  Time since last request: 0.000334 seconds.
  path: Assets/Pictures/3.png
  artifactKey: Guid(6a55588fdb952d14499b5cb8924325fd) Importer(815301076,1909f56bfc062723c751e8b465ee728b)
Start importing Assets/Pictures/3.png using Guid(6a55588fdb952d14499b5cb8924325fd) Importer(815301076,1909f56bfc062723c751e8b465ee728b)  -> (artifact id: 'bb6feed36fb9cf0ddbe450f7dd5d5281') in 0.023874 seconds 
========================================================================
Received Import Request.
  Time since last request: 0.000300 seconds.
  path: Assets/Pictures/7.png
  artifactKey: Guid(be6c45559d98da748a9faba6edd9e0d0) Importer(815301076,1909f56bfc062723c751e8b465ee728b)
Start importing Assets/Pictures/7.png using Guid(be6c45559d98da748a9faba6edd9e0d0) Importer(815301076,1909f56bfc062723c751e8b465ee728b)  -> (artifact id: 'dae8d6b4d4ba31f87cbd9ca09c4edfaa') in 0.022719 seconds 
========================================================================
Received Import Request.
  Time since last request: 0.000275 seconds.
  path: Assets/Pictures/8.png
  artifactKey: Guid(5a7d195d944941949b08ca39ef771781) Importer(815301076,1909f56bfc062723c751e8b465ee728b)
Start importing Assets/Pictures/8.png using Guid(5a7d195d944941949b08ca39ef771781) Importer(815301076,1909f56bfc062723c751e8b465ee728b)  -> (artifact id: 'd656f3ad3c3a3ec46e51c3f361cac914') in 0.023856 seconds 
========================================================================
Received Import Request.
  Time since last request: 0.000305 seconds.
  path: Assets/Pictures/9.png
  artifactKey: Guid(8af2d772280e01f4ea10c53a01c13910) Importer(815301076,1909f56bfc062723c751e8b465ee728b)
Start importing Assets/Pictures/9.png using Guid(8af2d772280e01f4ea10c53a01c13910) Importer(815301076,1909f56bfc062723c751e8b465ee728b)  -> (artifact id: 'e40327cb1e84c8bb48d79024dcdda11e') in 0.025325 seconds 
========================================================================
Received Import Request.
  Time since last request: 0.000277 seconds.
  path: Assets/Pictures/10.png
  artifactKey: Guid(bbb96fc7ecee9c6428a7af6e156ca0e1) Importer(815301076,1909f56bfc062723c751e8b465ee728b)
Start importing Assets/Pictures/10.png using Guid(bbb96fc7ecee9c6428a7af6e156ca0e1) Importer(815301076,1909f56bfc062723c751e8b465ee728b)  -> (artifact id: 'fee0def300bc6b6f22f8c8ac711eda37') in 0.025215 seconds 
========================================================================
Received Import Request.
  Time since last request: 0.000287 seconds.
  path: Assets/Pictures/6.png
  artifactKey: Guid(38e4a35ae34ff81439ef318260860824) Importer(815301076,1909f56bfc062723c751e8b465ee728b)
Start importing Assets/Pictures/6.png using Guid(38e4a35ae34ff81439ef318260860824) Importer(815301076,1909f56bfc062723c751e8b465ee728b)  -> (artifact id: 'f605f4489ddc52ee05b16a7278693325') in 0.020674 seconds 
========================================================================
Received Import Request.
  Time since last request: 0.000307 seconds.
  path: Assets/Pictures/4.png
  artifactKey: Guid(1f18459c4004efb4baf8453a4619d401) Importer(815301076,1909f56bfc062723c751e8b465ee728b)
Start importing Assets/Pictures/4.png using Guid(1f18459c4004efb4baf8453a4619d401) Importer(815301076,1909f56bfc062723c751e8b465ee728b)  -> (artifact id: '7bbb5935f5a284336214272f22d25c3a') in 0.022554 seconds 
========================================================================
Received Import Request.
  Time since last request: 0.000325 seconds.
  path: Assets/Pictures/5.png
  artifactKey: Guid(70b899ee5665b7349a53bacd97b777d9) Importer(815301076,1909f56bfc062723c751e8b465ee728b)
Start importing Assets/Pictures/5.png using Guid(70b899ee5665b7349a53bacd97b777d9) Importer(815301076,1909f56bfc062723c751e8b465ee728b)  -> (artifact id: '561ae502354f7290169ceb8f679ba760') in 0.020977 seconds 
========================================================================
Received Import Request.
  Time since last request: 0.000290 seconds.
  path: Assets/Pictures/11.png
  artifactKey: Guid(0c660dfe237b2f749b2545e110f8dd40) Importer(815301076,1909f56bfc062723c751e8b465ee728b)
Start importing Assets/Pictures/11.png using Guid(0c660dfe237b2f749b2545e110f8dd40) Importer(815301076,1909f56bfc062723c751e8b465ee728b)  -> (artifact id: 'aea3083950d136b19d3c0e21e6362ed8') in 0.019504 seconds 
========================================================================
Received Prepare
Registering precompiled user dll's ...
Registered in 0.002244 seconds.
Begin MonoManager ReloadAssembly
Native extension for WindowsStandalone target not found
Refreshing native plugins compatible for Editor in 0.50 ms, found 3 plugins.
Preloading 0 native plugins for Editor in 0.00 ms.
Mono: successfully reloaded assembly
- Completed reload, in  1.075 seconds
Domain Reload Profiling:
	ReloadAssembly (1076ms)
		BeginReloadAssembly (113ms)
			ExecutionOrderSort (0ms)
			DisableScriptedObjects (7ms)
			BackupInstance (0ms)
			ReleaseScriptingObjects (0ms)
			CreateAndSetChildDomain (35ms)
		EndReloadAssembly (895ms)
			LoadAssemblies (94ms)
			RebuildTransferFunctionScriptingTraits (0ms)
			SetupTypeCache (306ms)
			ReleaseScriptCaches (1ms)
			RebuildScriptCaches (48ms)
			SetupLoadedEditorAssemblies (334ms)
				LogAssemblyErrors (0ms)
				InitializePlatformSupportModulesInManaged (6ms)
				SetLoadedEditorAssemblies (1ms)
				RefreshPlugins (1ms)
				BeforeProcessingInitializeOnLoad (101ms)
				ProcessInitializeOnLoadAttributes (212ms)
				ProcessInitializeOnLoadMethodAttributes (12ms)
				AfterProcessingInitializeOnLoad (2ms)
				EditorAssembliesLoaded (0ms)
			ExecutionOrderSort2 (0ms)
			AwakeInstancesAfterBackupRestoration (10ms)
Platform modules already initialized, skipping
Refreshing native plugins compatible for Editor in 0.64 ms, found 3 plugins.
Preloading 0 native plugins for Editor in 0.00 ms.
Unloading 2202 Unused Serialized files (Serialized files now loaded: 0)
System memory in use before: 101.1 MB.
System memory in use after: 101.0 MB.

Unloading 20 unused Assets to reduce memory usage. Loaded Objects now: 2664.
Total: 3.305100 ms (FindLiveObjects: 0.177200 ms CreateObjectMapping: 0.050300 ms MarkObjects: 2.951500 ms  DeleteObjects: 0.124800 ms)

AssetImportParameters requested are different than current active one (requested -> active):
  custom:framework-win-MediaFoundation: 216162199b28c13a410421893ffa2e32 -> 
  custom:video-decoder-ogg-theora: a1e56fd34408186e4bbccfd4996cb3dc -> 
  custom:container-muxer-webm: aa71ff27fc2769a1b78a27578f13a17b -> 
  custom:container-demuxer-webm: 4f35f7cbe854078d1ac9338744f61a02 -> 
  custom:container-demuxer-ogg: 62fdf1f143b41e24485cea50d1cbac27 -> 
  custom:video-encoder-webm-vp8: eb34c28f22e8b96e1ab97ce403110664 -> 
  custom:video-codec-MediaFoundation-h265: 746d11721c4dcdbdad8f713fa42b33f4 -> 
  custom:video-decoder-webm-vp8: 9c59270c3fd7afecdb556c50c9e8de78 -> 
  custom:audio-decoder-ogg-vorbis: bf7c407c2cedff20999df2af8eb42d56 -> 
  custom:audio-encoder-webm-vorbis: bf7c407c2cedff20999df2af8eb42d56 -> 
========================================================================
Received Import Request.
  Time since last request: 40.205875 seconds.
  path: Assets/Prefabs/Map.prefab
  artifactKey: Guid(585f4b269a4e35744af52b08f29ba4e5) Importer(815301076,1909f56bfc062723c751e8b465ee728b)
Start importing Assets/Prefabs/Map.prefab using Guid(585f4b269a4e35744af52b08f29ba4e5) Importer(815301076,1909f56bfc062723c751e8b465ee728b)  -> (artifact id: '72b510eaf4511c449644354bf4e75cb2') in 0.070307 seconds 
========================================================================
Received Import Request.
  Time since last request: 0.000329 seconds.
  path: Assets/Prefabs
  artifactKey: Guid(28e5f9b230ea40741a551db8986b3364) Importer(815301076,1909f56bfc062723c751e8b465ee728b)
Start importing Assets/Prefabs using Guid(28e5f9b230ea40741a551db8986b3364) Importer(815301076,1909f56bfc062723c751e8b465ee728b)  -> (artifact id: 'fd837df3aec61a72f9cda6effcec0108') in 0.007023 seconds 
========================================================================
Received Import Request.
  Time since last request: 0.000314 seconds.
  path: Assets/Prefabs/Bullet.prefab
  artifactKey: Guid(2a183af557ab5064c8ff21470d085ef6) Importer(815301076,1909f56bfc062723c751e8b465ee728b)
Start importing Assets/Prefabs/Bullet.prefab using Guid(2a183af557ab5064c8ff21470d085ef6) Importer(815301076,1909f56bfc062723c751e8b465ee728b)  -> (artifact id: 'c7da440dd4fbef47c27d09bc41cd799f') in 0.015138 seconds 
========================================================================
Received Import Request.
  Time since last request: 0.000236 seconds.
  path: Assets/Prefabs/Player.prefab
  artifactKey: Guid(40866c3b6a494e044a5407ab7a1f2d12) Importer(815301076,1909f56bfc062723c751e8b465ee728b)
Start importing Assets/Prefabs/Player.prefab using Guid(40866c3b6a494e044a5407ab7a1f2d12) Importer(815301076,1909f56bfc062723c751e8b465ee728b)  -> (artifact id: 'f9e7d949bbcd25945fc3d85679f6efa4') in 0.015363 seconds 
========================================================================
Received Import Request.
  Time since last request: 0.000230 seconds.
  path: Assets/Prefabs/RightStair (1).prefab
  artifactKey: Guid(07a4275091d23c946837f1a475d80f3f) Importer(815301076,1909f56bfc062723c751e8b465ee728b)
Start importing Assets/Prefabs/RightStair (1).prefab using Guid(07a4275091d23c946837f1a475d80f3f) Importer(815301076,1909f56bfc062723c751e8b465ee728b)  -> (artifact id: 'cd1176b672cd63054319fbdc198f468b') in 0.014514 seconds 
========================================================================
Received Import Request.
  Time since last request: 0.000247 seconds.
  path: Assets/Prefabs/Enemy.prefab
  artifactKey: Guid(994ad7c60d467da4498d58ff8fed9cd4) Importer(815301076,1909f56bfc062723c751e8b465ee728b)
Start importing Assets/Prefabs/Enemy.prefab using Guid(994ad7c60d467da4498d58ff8fed9cd4) Importer(815301076,1909f56bfc062723c751e8b465ee728b)  -> (artifact id: '7ab8c283ae79cf96c739a5f9a6b76a38') in 0.015650 seconds 
========================================================================
Received Import Request.
  Time since last request: 0.000235 seconds.
  path: Assets/Prefabs/RightStair.prefab
  artifactKey: Guid(7d55ee004bbef47419d69e1798a024b0) Importer(815301076,1909f56bfc062723c751e8b465ee728b)
Start importing Assets/Prefabs/RightStair.prefab using Guid(7d55ee004bbef47419d69e1798a024b0) Importer(815301076,1909f56bfc062723c751e8b465ee728b)  -> (artifact id: '0975cb62d312ad95126790ef35b04584') in 0.015937 seconds 
========================================================================
Received Import Request.
  Time since last request: 4.534498 seconds.
  path: Assets/Scenes
  artifactKey: Guid(131a6b21c8605f84396be9f6751fb6e3) Importer(815301076,1909f56bfc062723c751e8b465ee728b)
Start importing Assets/Scenes using Guid(131a6b21c8605f84396be9f6751fb6e3) Importer(815301076,1909f56bfc062723c751e8b465ee728b)  -> (artifact id: 'ffae677c86e903bacef8065336249a81') in 0.009023 seconds 
========================================================================
Received Import Request.
  Time since last request: 0.997290 seconds.
  path: Assets/Scenes/GameOver.unity
  artifactKey: Guid(6144e18cad712ba4f888ed3d4ff81e9f) Importer(815301076,1909f56bfc062723c751e8b465ee728b)
Start importing Assets/Scenes/GameOver.unity using Guid(6144e18cad712ba4f888ed3d4ff81e9f) Importer(815301076,1909f56bfc062723c751e8b465ee728b)  -> (artifact id: '1ab0e06c231acf7a0f1b69b9efa6e830') in 0.007663 seconds 
========================================================================
Received Import Request.
  Time since last request: 0.550478 seconds.
  path: Assets/Scenes/Menu.unity
  artifactKey: Guid(9630584f01ab668458befd4f8f0df214) Importer(815301076,1909f56bfc062723c751e8b465ee728b)
Start importing Assets/Scenes/Menu.unity using Guid(9630584f01ab668458befd4f8f0df214) Importer(815301076,1909f56bfc062723c751e8b465ee728b)  -> (artifact id: 'e4cef2ef91b2041c385bfa5bcc90066e') in 0.007923 seconds 
========================================================================
Received Import Request.
  Time since last request: 0.803220 seconds.
  path: Assets/Scenes/SampleScene.unity
  artifactKey: Guid(2cda990e2423bbf4892e6590ba056729) Importer(815301076,1909f56bfc062723c751e8b465ee728b)
Start importing Assets/Scenes/SampleScene.unity using Guid(2cda990e2423bbf4892e6590ba056729) Importer(815301076,1909f56bfc062723c751e8b465ee728b)  -> (artifact id: '818dfbf2095dfecfbac5fddfcc104fc2') in 0.008411 seconds 
========================================================================
Received Import Request.
  Time since last request: 105.091924 seconds.
  path: Assets/Scripts
  artifactKey: Guid(9dce4ce8ba56ada428d088f0deeddde8) Importer(815301076,1909f56bfc062723c751e8b465ee728b)
Start importing Assets/Scripts using Guid(9dce4ce8ba56ada428d088f0deeddde8) Importer(815301076,1909f56bfc062723c751e8b465ee728b)  -> (artifact id: '83a344b05099898baf947062df9c7f3f') in 0.010360 seconds 
========================================================================
Received Import Request.
  Time since last request: 1.014919 seconds.
  path: Assets/Scripts/Boomerang.cs
  artifactKey: Guid(4d7653205f914344099619cb74af1325) Importer(815301076,1909f56bfc062723c751e8b465ee728b)
Start importing Assets/Scripts/Boomerang.cs using Guid(4d7653205f914344099619cb74af1325) Importer(815301076,1909f56bfc062723c751e8b465ee728b)  -> (artifact id: 'b7cb524994a978f284cf1be317ab8c00') in 0.010466 seconds 
========================================================================
Received Import Request.
  Time since last request: 1.587975 seconds.
  path: Assets/Scripts/CameraFollow.cs
  artifactKey: Guid(2fe4893a226e7e34884cb7802e78b0a8) Importer(815301076,1909f56bfc062723c751e8b465ee728b)
Start importing Assets/Scripts/CameraFollow.cs using Guid(2fe4893a226e7e34884cb7802e78b0a8) Importer(815301076,1909f56bfc062723c751e8b465ee728b)  -> (artifact id: 'c9dcfd82a72734235b638b30e53b9466') in 0.008073 seconds 
========================================================================
Received Import Request.
  Time since last request: 3.336795 seconds.
  path: Assets/Scripts/Enemy.cs
  artifactKey: Guid(be8d960e3c887fc44a5c509bfd4ef1db) Importer(815301076,1909f56bfc062723c751e8b465ee728b)
Start importing Assets/Scripts/Enemy.cs using Guid(be8d960e3c887fc44a5c509bfd4ef1db) Importer(815301076,1909f56bfc062723c751e8b465ee728b)  -> (artifact id: 'f1323efcb14407944956bd0e87f0f9c7') in 0.002427 seconds 
========================================================================
Received Import Request.
  Time since last request: 1.146816 seconds.
  path: Assets/Scripts/LoadScene.cs
  artifactKey: Guid(a8a39a52bc362cf4893197cb58557bcd) Importer(815301076,1909f56bfc062723c751e8b465ee728b)
Start importing Assets/Scripts/LoadScene.cs using Guid(a8a39a52bc362cf4893197cb58557bcd) Importer(815301076,1909f56bfc062723c751e8b465ee728b)  -> (artifact id: '03d433ba7c780b7869e91a7ebae95aff') in 0.009262 seconds 
========================================================================
Received Import Request.
  Time since last request: 0.623379 seconds.
  path: Assets/Scripts/Muvment.cs
  artifactKey: Guid(8513ef822e9c9cd4996c781fb170d47a) Importer(815301076,1909f56bfc062723c751e8b465ee728b)
Start importing Assets/Scripts/Muvment.cs using Guid(8513ef822e9c9cd4996c781fb170d47a) Importer(815301076,1909f56bfc062723c751e8b465ee728b)  -> (artifact id: '18e6bc823ca3282826e88f2e83b03efe') in 0.008436 seconds 
========================================================================
Received Import Request.
  Time since last request: 0.499952 seconds.
  path: Assets/Scripts/PLR_MOVE.cs
  artifactKey: Guid(8edd5bb4bc8b0c74cb498dfeb6e8afee) Importer(815301076,1909f56bfc062723c751e8b465ee728b)
Start importing Assets/Scripts/PLR_MOVE.cs using Guid(8edd5bb4bc8b0c74cb498dfeb6e8afee) Importer(815301076,1909f56bfc062723c751e8b465ee728b)  -> (artifact id: '52b418d146962d1c96d5b57abeb91373') in 0.006636 seconds 
========================================================================
Received Import Request.
  Time since last request: 0.283131 seconds.
  path: Assets/Scripts/ShootBomerang.cs
  artifactKey: Guid(37fdfe02203a4fe4989885bb9a9f6e07) Importer(815301076,1909f56bfc062723c751e8b465ee728b)
Start importing Assets/Scripts/ShootBomerang.cs using Guid(37fdfe02203a4fe4989885bb9a9f6e07) Importer(815301076,1909f56bfc062723c751e8b465ee728b)  -> (artifact id: 'af4b787432ab6975ac36e9a6f688efc8') in 0.007915 seconds 
========================================================================
Received Prepare
Registering precompiled user dll's ...
Registered in 0.002467 seconds.
Begin MonoManager ReloadAssembly
Native extension for WindowsStandalone target not found
Refreshing native plugins compatible for Editor in 0.50 ms, found 3 plugins.
Preloading 0 native plugins for Editor in 0.00 ms.
Mono: successfully reloaded assembly
- Completed reload, in  1.095 seconds
Domain Reload Profiling:
	ReloadAssembly (1096ms)
		BeginReloadAssembly (121ms)
			ExecutionOrderSort (0ms)
			DisableScriptedObjects (8ms)
			BackupInstance (0ms)
			ReleaseScriptingObjects (0ms)
			CreateAndSetChildDomain (38ms)
		EndReloadAssembly (908ms)
			LoadAssemblies (103ms)
			RebuildTransferFunctionScriptingTraits (0ms)
			SetupTypeCache (323ms)
			ReleaseScriptCaches (1ms)
			RebuildScriptCaches (47ms)
			SetupLoadedEditorAssemblies (328ms)
				LogAssemblyErrors (0ms)
				InitializePlatformSupportModulesInManaged (5ms)
				SetLoadedEditorAssemblies (1ms)
				RefreshPlugins (1ms)
				BeforeProcessingInitializeOnLoad (99ms)
				ProcessInitializeOnLoadAttributes (207ms)
				ProcessInitializeOnLoadMethodAttributes (13ms)
				AfterProcessingInitializeOnLoad (2ms)
				EditorAssembliesLoaded (0ms)
			ExecutionOrderSort2 (0ms)
			AwakeInstancesAfterBackupRestoration (10ms)
Platform modules already initialized, skipping
Refreshing native plugins compatible for Editor in 0.75 ms, found 3 plugins.
Preloading 0 native plugins for Editor in 0.00 ms.
Unloading 2206 Unused Serialized files (Serialized files now loaded: 0)
System memory in use before: 101.4 MB.
System memory in use after: 101.4 MB.

Unloading 20 unused Assets to reduce memory usage. Loaded Objects now: 2676.
Total: 3.748200 ms (FindLiveObjects: 0.178600 ms CreateObjectMapping: 0.051700 ms MarkObjects: 3.384700 ms  DeleteObjects: 0.131600 ms)

AssetImportParameters requested are different than current active one (requested -> active):
  custom:framework-win-MediaFoundation: 216162199b28c13a410421893ffa2e32 -> 
  custom:video-decoder-ogg-theora: a1e56fd34408186e4bbccfd4996cb3dc -> 
  custom:container-muxer-webm: aa71ff27fc2769a1b78a27578f13a17b -> 
  custom:container-demuxer-webm: 4f35f7cbe854078d1ac9338744f61a02 -> 
  custom:container-demuxer-ogg: 62fdf1f143b41e24485cea50d1cbac27 -> 
  custom:video-encoder-webm-vp8: eb34c28f22e8b96e1ab97ce403110664 -> 
  custom:video-codec-MediaFoundation-h265: 746d11721c4dcdbdad8f713fa42b33f4 -> 
  custom:video-decoder-webm-vp8: 9c59270c3fd7afecdb556c50c9e8de78 -> 
  custom:audio-decoder-ogg-vorbis: bf7c407c2cedff20999df2af8eb42d56 -> 
  custom:audio-encoder-webm-vorbis: bf7c407c2cedff20999df2af8eb42d56 -> 
========================================================================
Received Import Request.
  Time since last request: 67.608435 seconds.
  path: Assets/Prototype Hero Demo - Pixel Art/Audio
  artifactKey: Guid(c0a25cb790688234ca068b666e3360dd) Importer(815301076,1909f56bfc062723c751e8b465ee728b)
Start importing Assets/Prototype Hero Demo - Pixel Art/Audio using Guid(c0a25cb790688234ca068b666e3360dd) Importer(815301076,1909f56bfc062723c751e8b465ee728b)  -> (artifact id: 'df0ac4b981f658ed540496a90930590d') in 0.009601 seconds 
========================================================================
Received Import Request.
  Time since last request: 0.000233 seconds.
  path: Assets/Prototype Hero Demo - Pixel Art
  artifactKey: Guid(d37bf3a43b5b7514fa5d81e68248fffb) Importer(815301076,1909f56bfc062723c751e8b465ee728b)
Start importing Assets/Prototype Hero Demo - Pixel Art using Guid(d37bf3a43b5b7514fa5d81e68248fffb) Importer(815301076,1909f56bfc062723c751e8b465ee728b)  -> (artifact id: 'c70e863a73a28be333a7f34b949ff389') in 0.006596 seconds 
========================================================================
Received Import Request.
  Time since last request: 0.319542 seconds.
  path: Assets/Prototype Hero Demo - Pixel Art/Environment
  artifactKey: Guid(52873c474e7fe244c871f1cb933736c4) Importer(815301076,1909f56bfc062723c751e8b465ee728b)
Start importing Assets/Prototype Hero Demo - Pixel Art/Environment using Guid(52873c474e7fe244c871f1cb933736c4) Importer(815301076,1909f56bfc062723c751e8b465ee728b)  -> (artifact id: 'fc9b2ad083d040060eac434b8ecbaa33') in 0.007161 seconds 
========================================================================
Received Import Request.
  Time since last request: 1.084975 seconds.
  path: Assets/Prototype Hero Demo - Pixel Art/Demo
  artifactKey: Guid(6289fda832ad64b4295e560089668425) Importer(815301076,1909f56bfc062723c751e8b465ee728b)
Start importing Assets/Prototype Hero Demo - Pixel Art/Demo using Guid(6289fda832ad64b4295e560089668425) Importer(815301076,1909f56bfc062723c751e8b465ee728b)  -> (artifact id: '9ccd039f3e8376e4429e7e3200226129') in 0.008893 seconds 
========================================================================
Received Import Request.
  Time since last request: 0.079200 seconds.
  path: Assets/Prototype Hero Demo - Pixel Art/Demo/JumpDust.prefab
  artifactKey: Guid(4a4123fbc8b39d441868897a71d2b2b1) Importer(815301076,1909f56bfc062723c751e8b465ee728b)
Start importing Assets/Prototype Hero Demo - Pixel Art/Demo/JumpDust.prefab using Guid(4a4123fbc8b39d441868897a71d2b2b1) Importer(815301076,1909f56bfc062723c751e8b465ee728b)  -> (artifact id: '7a49d973552435fdbbb4a7e4fd925c41') in 0.069895 seconds 
========================================================================
Received Import Request.
  Time since last request: 0.000305 seconds.
  path: Assets/Prototype Hero Demo - Pixel Art/Demo/RunStopDust.prefab
  artifactKey: Guid(39afca3c109b26049a80bc07593eb271) Importer(815301076,1909f56bfc062723c751e8b465ee728b)
Start importing Assets/Prototype Hero Demo - Pixel Art/Demo/RunStopDust.prefab using Guid(39afca3c109b26049a80bc07593eb271) Importer(815301076,1909f56bfc062723c751e8b465ee728b)  -> (artifact id: 'b20592bf721a88372dffcd40bf013733') in 0.017599 seconds 
========================================================================
Received Import Request.
  Time since last request: 0.000246 seconds.
  path: Assets/Prototype Hero Demo - Pixel Art/Demo/PrototypeHero.prefab
  artifactKey: Guid(e481822248898d04e9808a3d3ca78e5a) Importer(815301076,1909f56bfc062723c751e8b465ee728b)
Start importing Assets/Prototype Hero Demo - Pixel Art/Demo/PrototypeHero.prefab using Guid(e481822248898d04e9808a3d3ca78e5a) Importer(815301076,1909f56bfc062723c751e8b465ee728b)  -> (artifact id: '5cbba8d72effc065bf9de7c460af85b7') in 0.028152 seconds 
========================================================================
Received Import Request.
  Time since last request: 0.000237 seconds.
  path: Assets/Prototype Hero Demo - Pixel Art/Demo/LandingDust.prefab
  artifactKey: Guid(0b745be9abb3a6d4dadd8705950196d1) Importer(815301076,1909f56bfc062723c751e8b465ee728b)
Start importing Assets/Prototype Hero Demo - Pixel Art/Demo/LandingDust.prefab using Guid(0b745be9abb3a6d4dadd8705950196d1) Importer(815301076,1909f56bfc062723c751e8b465ee728b)  -> (artifact id: 'fd383b471f817f5e76dbe2ed0f4899b4') in 0.017076 seconds 
========================================================================
Received Prepare
Registering precompiled user dll's ...
Registered in 0.002697 seconds.
Begin MonoManager ReloadAssembly
Native extension for WindowsStandalone target not found
Refreshing native plugins compatible for Editor in 0.58 ms, found 3 plugins.
Preloading 0 native plugins for Editor in 0.00 ms.
Mono: successfully reloaded assembly
- Completed reload, in  1.121 seconds
Domain Reload Profiling:
	ReloadAssembly (1122ms)
		BeginReloadAssembly (120ms)
			ExecutionOrderSort (0ms)
			DisableScriptedObjects (8ms)
			BackupInstance (0ms)
			ReleaseScriptingObjects (0ms)
			CreateAndSetChildDomain (40ms)
		EndReloadAssembly (929ms)
			LoadAssemblies (104ms)
			RebuildTransferFunctionScriptingTraits (0ms)
			SetupTypeCache (312ms)
			ReleaseScriptCaches (1ms)
			RebuildScriptCaches (52ms)
			SetupLoadedEditorAssemblies (352ms)
				LogAssemblyErrors (0ms)
				InitializePlatformSupportModulesInManaged (5ms)
				SetLoadedEditorAssemblies (1ms)
				RefreshPlugins (1ms)
				BeforeProcessingInitializeOnLoad (106ms)
				ProcessInitializeOnLoadAttributes (225ms)
				ProcessInitializeOnLoadMethodAttributes (13ms)
				AfterProcessingInitializeOnLoad (2ms)
				EditorAssembliesLoaded (0ms)
			ExecutionOrderSort2 (0ms)
			AwakeInstancesAfterBackupRestoration (11ms)
Platform modules already initialized, skipping
Refreshing native plugins compatible for Editor in 0.50 ms, found 3 plugins.
Preloading 0 native plugins for Editor in 0.00 ms.
Unloading 2206 Unused Serialized files (Serialized files now loaded: 0)
System memory in use before: 101.5 MB.
System memory in use after: 101.4 MB.

Unloading 20 unused Assets to reduce memory usage. Loaded Objects now: 2680.
Total: 3.425200 ms (FindLiveObjects: 0.177800 ms CreateObjectMapping: 0.050700 ms MarkObjects: 3.057800 ms  DeleteObjects: 0.137700 ms)

AssetImportParameters requested are different than current active one (requested -> active):
  custom:framework-win-MediaFoundation: 216162199b28c13a410421893ffa2e32 -> 
  custom:video-decoder-ogg-theora: a1e56fd34408186e4bbccfd4996cb3dc -> 
  custom:container-muxer-webm: aa71ff27fc2769a1b78a27578f13a17b -> 
  custom:container-demuxer-webm: 4f35f7cbe854078d1ac9338744f61a02 -> 
  custom:container-demuxer-ogg: 62fdf1f143b41e24485cea50d1cbac27 -> 
  custom:video-encoder-webm-vp8: eb34c28f22e8b96e1ab97ce403110664 -> 
  custom:video-codec-MediaFoundation-h265: 746d11721c4dcdbdad8f713fa42b33f4 -> 
  custom:video-decoder-webm-vp8: 9c59270c3fd7afecdb556c50c9e8de78 -> 
  custom:audio-decoder-ogg-vorbis: bf7c407c2cedff20999df2af8eb42d56 -> 
  custom:audio-encoder-webm-vorbis: bf7c407c2cedff20999df2af8eb42d56 -> 
========================================================================
Received Prepare
Registering precompiled user dll's ...
Registered in 0.002095 seconds.
Begin MonoManager ReloadAssembly
Native extension for WindowsStandalone target not found
Refreshing native plugins compatible for Editor in 0.50 ms, found 3 plugins.
Preloading 0 native plugins for Editor in 0.00 ms.
Mono: successfully reloaded assembly
- Completed reload, in  1.139 seconds
Domain Reload Profiling:
	ReloadAssembly (1139ms)
		BeginReloadAssembly (122ms)
			ExecutionOrderSort (0ms)
			DisableScriptedObjects (8ms)
			BackupInstance (0ms)
			ReleaseScriptingObjects (0ms)
			CreateAndSetChildDomain (43ms)
		EndReloadAssembly (952ms)
			LoadAssemblies (101ms)
			RebuildTransferFunctionScriptingTraits (0ms)
			SetupTypeCache (324ms)
			ReleaseScriptCaches (1ms)
			RebuildScriptCaches (50ms)
			SetupLoadedEditorAssemblies (348ms)
				LogAssemblyErrors (0ms)
				InitializePlatformSupportModulesInManaged (5ms)
				SetLoadedEditorAssemblies (1ms)
				RefreshPlugins (1ms)
				BeforeProcessingInitializeOnLoad (108ms)
				ProcessInitializeOnLoadAttributes (218ms)
				ProcessInitializeOnLoadMethodAttributes (14ms)
				AfterProcessingInitializeOnLoad (2ms)
				EditorAssembliesLoaded (0ms)
			ExecutionOrderSort2 (0ms)
			AwakeInstancesAfterBackupRestoration (12ms)
Platform modules already initialized, skipping
Refreshing native plugins compatible for Editor in 0.56 ms, found 3 plugins.
Preloading 0 native plugins for Editor in 0.00 ms.
Unloading 2206 Unused Serialized files (Serialized files now loaded: 0)
System memory in use before: 101.5 MB.
System memory in use after: 101.4 MB.

Unloading 20 unused Assets to reduce memory usage. Loaded Objects now: 2683.
Total: 3.927000 ms (FindLiveObjects: 0.178600 ms CreateObjectMapping: 0.051800 ms MarkObjects: 3.529500 ms  DeleteObjects: 0.166100 ms)

AssetImportParameters requested are different than current active one (requested -> active):
  custom:framework-win-MediaFoundation: 216162199b28c13a410421893ffa2e32 -> 
  custom:video-decoder-ogg-theora: a1e56fd34408186e4bbccfd4996cb3dc -> 
  custom:container-muxer-webm: aa71ff27fc2769a1b78a27578f13a17b -> 
  custom:container-demuxer-webm: 4f35f7cbe854078d1ac9338744f61a02 -> 
  custom:container-demuxer-ogg: 62fdf1f143b41e24485cea50d1cbac27 -> 
  custom:video-encoder-webm-vp8: eb34c28f22e8b96e1ab97ce403110664 -> 
  custom:video-codec-MediaFoundation-h265: 746d11721c4dcdbdad8f713fa42b33f4 -> 
  custom:video-decoder-webm-vp8: 9c59270c3fd7afecdb556c50c9e8de78 -> 
  custom:audio-decoder-ogg-vorbis: bf7c407c2cedff20999df2af8eb42d56 -> 
  custom:audio-encoder-webm-vorbis: bf7c407c2cedff20999df2af8eb42d56 -> 
========================================================================
Received Prepare
Registering precompiled user dll's ...
Registered in 0.003263 seconds.
Begin MonoManager ReloadAssembly
Native extension for WindowsStandalone target not found
Refreshing native plugins compatible for Editor in 0.53 ms, found 3 plugins.
Preloading 0 native plugins for Editor in 0.00 ms.
Mono: successfully reloaded assembly
- Completed reload, in  1.410 seconds
Domain Reload Profiling:
	ReloadAssembly (1410ms)
		BeginReloadAssembly (161ms)
			ExecutionOrderSort (0ms)
			DisableScriptedObjects (10ms)
			BackupInstance (0ms)
			ReleaseScriptingObjects (0ms)
			CreateAndSetChildDomain (50ms)
		EndReloadAssembly (1156ms)
			LoadAssemblies (144ms)
			RebuildTransferFunctionScriptingTraits (0ms)
			SetupTypeCache (466ms)
			ReleaseScriptCaches (1ms)
			RebuildScriptCaches (56ms)
			SetupLoadedEditorAssemblies (376ms)
				LogAssemblyErrors (0ms)
				InitializePlatformSupportModulesInManaged (6ms)
				SetLoadedEditorAssemblies (1ms)
				RefreshPlugins (1ms)
				BeforeProcessingInitializeOnLoad (118ms)
				ProcessInitializeOnLoadAttributes (234ms)
				ProcessInitializeOnLoadMethodAttributes (14ms)
				AfterProcessingInitializeOnLoad (2ms)
				EditorAssembliesLoaded (0ms)
			ExecutionOrderSort2 (0ms)
			AwakeInstancesAfterBackupRestoration (12ms)
Platform modules already initialized, skipping
Refreshing native plugins compatible for Editor in 0.55 ms, found 3 plugins.
Preloading 0 native plugins for Editor in 0.00 ms.
Unloading 2206 Unused Serialized files (Serialized files now loaded: 0)
System memory in use before: 101.5 MB.
System memory in use after: 101.5 MB.

Unloading 20 unused Assets to reduce memory usage. Loaded Objects now: 2686.
Total: 4.728500 ms (FindLiveObjects: 0.316300 ms CreateObjectMapping: 0.187300 ms MarkObjects: 4.045700 ms  DeleteObjects: 0.178000 ms)

AssetImportParameters requested are different than current active one (requested -> active):
  custom:framework-win-MediaFoundation: 216162199b28c13a410421893ffa2e32 -> 
  custom:video-decoder-ogg-theora: a1e56fd34408186e4bbccfd4996cb3dc -> 
  custom:container-muxer-webm: aa71ff27fc2769a1b78a27578f13a17b -> 
  custom:container-demuxer-webm: 4f35f7cbe854078d1ac9338744f61a02 -> 
  custom:container-demuxer-ogg: 62fdf1f143b41e24485cea50d1cbac27 -> 
  custom:video-encoder-webm-vp8: eb34c28f22e8b96e1ab97ce403110664 -> 
  custom:video-codec-MediaFoundation-h265: 746d11721c4dcdbdad8f713fa42b33f4 -> 
  custom:video-decoder-webm-vp8: 9c59270c3fd7afecdb556c50c9e8de78 -> 
  custom:audio-decoder-ogg-vorbis: bf7c407c2cedff20999df2af8eb42d56 -> 
  custom:audio-encoder-webm-vorbis: bf7c407c2cedff20999df2af8eb42d56 -> 
========================================================================
Received Prepare
Registering precompiled user dll's ...
Registered in 0.002900 seconds.
Begin MonoManager ReloadAssembly
Native extension for WindowsStandalone target not found
Refreshing native plugins compatible for Editor in 0.56 ms, found 3 plugins.
Preloading 0 native plugins for Editor in 0.00 ms.
Mono: successfully reloaded assembly
- Completed reload, in  1.376 seconds
Domain Reload Profiling:
	ReloadAssembly (1377ms)
		BeginReloadAssembly (130ms)
			ExecutionOrderSort (0ms)
			DisableScriptedObjects (9ms)
			BackupInstance (0ms)
			ReleaseScriptingObjects (0ms)
			CreateAndSetChildDomain (38ms)
		EndReloadAssembly (1173ms)
			LoadAssemblies (118ms)
			RebuildTransferFunctionScriptingTraits (0ms)
			SetupTypeCache (383ms)
			ReleaseScriptCaches (1ms)
			RebuildScriptCaches (60ms)
			SetupLoadedEditorAssemblies (462ms)
				LogAssemblyErrors (0ms)
				InitializePlatformSupportModulesInManaged (6ms)
				SetLoadedEditorAssemblies (1ms)
				RefreshPlugins (1ms)
				BeforeProcessingInitializeOnLoad (119ms)
				ProcessInitializeOnLoadAttributes (311ms)
				ProcessInitializeOnLoadMethodAttributes (20ms)
				AfterProcessingInitializeOnLoad (4ms)
				EditorAssembliesLoaded (0ms)
			ExecutionOrderSort2 (0ms)
			AwakeInstancesAfterBackupRestoration (17ms)
Platform modules already initialized, skipping
Refreshing native plugins compatible for Editor in 1.90 ms, found 3 plugins.
Preloading 0 native plugins for Editor in 0.00 ms.
Unloading 2206 Unused Serialized files (Serialized files now loaded: 0)
System memory in use before: 101.5 MB.
System memory in use after: 101.5 MB.

Unloading 20 unused Assets to reduce memory usage. Loaded Objects now: 2689.
Total: 6.490900 ms (FindLiveObjects: 0.316800 ms CreateObjectMapping: 0.351700 ms MarkObjects: 5.594900 ms  DeleteObjects: 0.225700 ms)

AssetImportParameters requested are different than current active one (requested -> active):
  custom:framework-win-MediaFoundation: 216162199b28c13a410421893ffa2e32 -> 
  custom:video-decoder-ogg-theora: a1e56fd34408186e4bbccfd4996cb3dc -> 
  custom:container-muxer-webm: aa71ff27fc2769a1b78a27578f13a17b -> 
  custom:container-demuxer-webm: 4f35f7cbe854078d1ac9338744f61a02 -> 
  custom:container-demuxer-ogg: 62fdf1f143b41e24485cea50d1cbac27 -> 
  custom:video-encoder-webm-vp8: eb34c28f22e8b96e1ab97ce403110664 -> 
  custom:video-codec-MediaFoundation-h265: 746d11721c4dcdbdad8f713fa42b33f4 -> 
  custom:video-decoder-webm-vp8: 9c59270c3fd7afecdb556c50c9e8de78 -> 
  custom:audio-decoder-ogg-vorbis: bf7c407c2cedff20999df2af8eb42d56 -> 
  custom:audio-encoder-webm-vorbis: bf7c407c2cedff20999df2af8eb42d56 -> 
========================================================================
Received Prepare
Registering precompiled user dll's ...
Registered in 0.002362 seconds.
Begin MonoManager ReloadAssembly
Native extension for WindowsStandalone target not found
Refreshing native plugins compatible for Editor in 0.56 ms, found 3 plugins.
Preloading 0 native plugins for Editor in 0.00 ms.
Mono: successfully reloaded assembly
- Completed reload, in  1.367 seconds
Domain Reload Profiling:
	ReloadAssembly (1368ms)
		BeginReloadAssembly (116ms)
			ExecutionOrderSort (0ms)
			DisableScriptedObjects (9ms)
			BackupInstance (0ms)
			ReleaseScriptingObjects (0ms)
			CreateAndSetChildDomain (33ms)
		EndReloadAssembly (1179ms)
			LoadAssemblies (101ms)
			RebuildTransferFunctionScriptingTraits (0ms)
			SetupTypeCache (368ms)
			ReleaseScriptCaches (1ms)
			RebuildScriptCaches (67ms)
			SetupLoadedEditorAssemblies (483ms)
				LogAssemblyErrors (0ms)
				InitializePlatformSupportModulesInManaged (7ms)
				SetLoadedEditorAssemblies (1ms)
				RefreshPlugins (1ms)
				BeforeProcessingInitializeOnLoad (138ms)
				ProcessInitializeOnLoadAttributes (315ms)
				ProcessInitializeOnLoadMethodAttributes (19ms)
				AfterProcessingInitializeOnLoad (3ms)
				EditorAssembliesLoaded (0ms)
			ExecutionOrderSort2 (0ms)
			AwakeInstancesAfterBackupRestoration (14ms)
Platform modules already initialized, skipping
Refreshing native plugins compatible for Editor in 0.93 ms, found 3 plugins.
Preloading 0 native plugins for Editor in 0.00 ms.
Unloading 2206 Unused Serialized files (Serialized files now loaded: 0)
System memory in use before: 101.6 MB.
System memory in use after: 101.6 MB.

Unloading 20 unused Assets to reduce memory usage. Loaded Objects now: 2692.
Total: 4.327300 ms (FindLiveObjects: 0.223500 ms CreateObjectMapping: 0.074100 ms MarkObjects: 3.860400 ms  DeleteObjects: 0.167700 ms)

AssetImportParameters requested are different than current active one (requested -> active):
  custom:framework-win-MediaFoundation: 216162199b28c13a410421893ffa2e32 -> 
  custom:video-decoder-ogg-theora: a1e56fd34408186e4bbccfd4996cb3dc -> 
  custom:container-muxer-webm: aa71ff27fc2769a1b78a27578f13a17b -> 
  custom:container-demuxer-webm: 4f35f7cbe854078d1ac9338744f61a02 -> 
  custom:container-demuxer-ogg: 62fdf1f143b41e24485cea50d1cbac27 -> 
  custom:video-encoder-webm-vp8: eb34c28f22e8b96e1ab97ce403110664 -> 
  custom:video-codec-MediaFoundation-h265: 746d11721c4dcdbdad8f713fa42b33f4 -> 
  custom:video-decoder-webm-vp8: 9c59270c3fd7afecdb556c50c9e8de78 -> 
  custom:audio-decoder-ogg-vorbis: bf7c407c2cedff20999df2af8eb42d56 -> 
  custom:audio-encoder-webm-vorbis: bf7c407c2cedff20999df2af8eb42d56 -> 
========================================================================
Received Import Request.
  Time since last request: 475.942308 seconds.
  path: Assets/Prefabs/Sbstacles
  artifactKey: Guid(8f98a7017a6afd240b90b986e7d99f37) Importer(815301076,1909f56bfc062723c751e8b465ee728b)
Start importing Assets/Prefabs/Sbstacles using Guid(8f98a7017a6afd240b90b986e7d99f37) Importer(815301076,1909f56bfc062723c751e8b465ee728b)  -> (artifact id: '673642c9d1c470e4cee3fa2c91c8c1f7') in 0.013740 seconds 
========================================================================
Received Import Request.
  Time since last request: 4.064026 seconds.
  path: Assets/Prefabs/Sbstacles/Obstacle.prefab
  artifactKey: Guid(9757c3908a7087548a802024e987fb8b) Importer(815301076,1909f56bfc062723c751e8b465ee728b)
Start importing Assets/Prefabs/Sbstacles/Obstacle.prefab using Guid(9757c3908a7087548a802024e987fb8b) Importer(815301076,1909f56bfc062723c751e8b465ee728b)  -> (artifact id: 'e762bdb18dc2c6a5929f5f5238d80359') in 0.073056 seconds 
========================================================================
Received Import Request.
  Time since last request: 29.491185 seconds.
  path: Assets/Scripts/Muvment.cs
  artifactKey: Guid(8513ef822e9c9cd4996c781fb170d47a) Importer(815301076,1909f56bfc062723c751e8b465ee728b)
Start importing Assets/Scripts/Muvment.cs using Guid(8513ef822e9c9cd4996c781fb170d47a) Importer(815301076,1909f56bfc062723c751e8b465ee728b)  -> (artifact id: 'b1c775504aa69594a78a0833c35506bb') in 0.007251 seconds 
========================================================================
Received Prepare
Registering precompiled user dll's ...
Registered in 0.002532 seconds.
Begin MonoManager ReloadAssembly
Native extension for WindowsStandalone target not found
Refreshing native plugins compatible for Editor in 0.52 ms, found 3 plugins.
Preloading 0 native plugins for Editor in 0.00 ms.
Mono: successfully reloaded assembly
- Completed reload, in  1.116 seconds
Domain Reload Profiling:
	ReloadAssembly (1116ms)
		BeginReloadAssembly (144ms)
			ExecutionOrderSort (0ms)
			DisableScriptedObjects (10ms)
			BackupInstance (0ms)
			ReleaseScriptingObjects (0ms)
			CreateAndSetChildDomain (42ms)
		EndReloadAssembly (900ms)
			LoadAssemblies (123ms)
			RebuildTransferFunctionScriptingTraits (0ms)
			SetupTypeCache (311ms)
			ReleaseScriptCaches (1ms)
			RebuildScriptCaches (46ms)
			SetupLoadedEditorAssemblies (326ms)
				LogAssemblyErrors (0ms)
				InitializePlatformSupportModulesInManaged (5ms)
				SetLoadedEditorAssemblies (1ms)
				RefreshPlugins (1ms)
				BeforeProcessingInitializeOnLoad (100ms)
				ProcessInitializeOnLoadAttributes (204ms)
				ProcessInitializeOnLoadMethodAttributes (13ms)
				AfterProcessingInitializeOnLoad (3ms)
				EditorAssembliesLoaded (0ms)
			ExecutionOrderSort2 (0ms)
			AwakeInstancesAfterBackupRestoration (12ms)
Platform modules already initialized, skipping
Refreshing native plugins compatible for Editor in 0.52 ms, found 3 plugins.
Preloading 0 native plugins for Editor in 0.00 ms.
Unloading 2206 Unused Serialized files (Serialized files now loaded: 0)
System memory in use before: 101.6 MB.
System memory in use after: 101.6 MB.

Unloading 20 unused Assets to reduce memory usage. Loaded Objects now: 2696.
Total: 3.584600 ms (FindLiveObjects: 0.189200 ms CreateObjectMapping: 0.053700 ms MarkObjects: 3.204900 ms  DeleteObjects: 0.135700 ms)

AssetImportParameters requested are different than current active one (requested -> active):
  custom:framework-win-MediaFoundation: 216162199b28c13a410421893ffa2e32 -> 
  custom:video-decoder-ogg-theora: a1e56fd34408186e4bbccfd4996cb3dc -> 
  custom:container-muxer-webm: aa71ff27fc2769a1b78a27578f13a17b -> 
  custom:container-demuxer-webm: 4f35f7cbe854078d1ac9338744f61a02 -> 
  custom:container-demuxer-ogg: 62fdf1f143b41e24485cea50d1cbac27 -> 
  custom:video-encoder-webm-vp8: eb34c28f22e8b96e1ab97ce403110664 -> 
  custom:video-codec-MediaFoundation-h265: 746d11721c4dcdbdad8f713fa42b33f4 -> 
  custom:video-decoder-webm-vp8: 9c59270c3fd7afecdb556c50c9e8de78 -> 
  custom:audio-decoder-ogg-vorbis: bf7c407c2cedff20999df2af8eb42d56 -> 
  custom:audio-encoder-webm-vorbis: bf7c407c2cedff20999df2af8eb42d56 -> 
========================================================================
Received Prepare
Registering precompiled user dll's ...
Registered in 0.002453 seconds.
Begin MonoManager ReloadAssembly
Native extension for WindowsStandalone target not found
Refreshing native plugins compatible for Editor in 0.50 ms, found 3 plugins.
Preloading 0 native plugins for Editor in 0.00 ms.
Mono: successfully reloaded assembly
- Completed reload, in  1.243 seconds
Domain Reload Profiling:
	ReloadAssembly (1244ms)
		BeginReloadAssembly (130ms)
			ExecutionOrderSort (0ms)
			DisableScriptedObjects (7ms)
			BackupInstance (0ms)
			ReleaseScriptingObjects (0ms)
			CreateAndSetChildDomain (38ms)
		EndReloadAssembly (1045ms)
			LoadAssemblies (111ms)
			RebuildTransferFunctionScriptingTraits (0ms)
			SetupTypeCache (342ms)
			ReleaseScriptCaches (1ms)
			RebuildScriptCaches (54ms)
			SetupLoadedEditorAssemblies (421ms)
				LogAssemblyErrors (0ms)
				InitializePlatformSupportModulesInManaged (5ms)
				SetLoadedEditorAssemblies (1ms)
				RefreshPlugins (1ms)
				BeforeProcessingInitializeOnLoad (113ms)
				ProcessInitializeOnLoadAttributes (283ms)
				ProcessInitializeOnLoadMethodAttributes (15ms)
				AfterProcessingInitializeOnLoad (3ms)
				EditorAssembliesLoaded (0ms)
			ExecutionOrderSort2 (0ms)
			AwakeInstancesAfterBackupRestoration (13ms)
Platform modules already initialized, skipping
Refreshing native plugins compatible for Editor in 0.57 ms, found 3 plugins.
Preloading 0 native plugins for Editor in 0.00 ms.
Unloading 2206 Unused Serialized files (Serialized files now loaded: 0)
System memory in use before: 101.6 MB.
System memory in use after: 101.6 MB.

Unloading 20 unused Assets to reduce memory usage. Loaded Objects now: 2699.
Total: 3.932600 ms (FindLiveObjects: 0.246200 ms CreateObjectMapping: 0.065300 ms MarkObjects: 3.463000 ms  DeleteObjects: 0.156700 ms)

AssetImportParameters requested are different than current active one (requested -> active):
  custom:framework-win-MediaFoundation: 216162199b28c13a410421893ffa2e32 -> 
  custom:video-decoder-ogg-theora: a1e56fd34408186e4bbccfd4996cb3dc -> 
  custom:container-muxer-webm: aa71ff27fc2769a1b78a27578f13a17b -> 
  custom:container-demuxer-webm: 4f35f7cbe854078d1ac9338744f61a02 -> 
  custom:container-demuxer-ogg: 62fdf1f143b41e24485cea50d1cbac27 -> 
  custom:video-encoder-webm-vp8: eb34c28f22e8b96e1ab97ce403110664 -> 
  custom:video-codec-MediaFoundation-h265: 746d11721c4dcdbdad8f713fa42b33f4 -> 
  custom:video-decoder-webm-vp8: 9c59270c3fd7afecdb556c50c9e8de78 -> 
  custom:audio-decoder-ogg-vorbis: bf7c407c2cedff20999df2af8eb42d56 -> 
  custom:audio-encoder-webm-vorbis: bf7c407c2cedff20999df2af8eb42d56 -> 
========================================================================
Received Prepare
Registering precompiled user dll's ...
Registered in 0.002571 seconds.
Begin MonoManager ReloadAssembly
Native extension for WindowsStandalone target not found
Refreshing native plugins compatible for Editor in 0.62 ms, found 3 plugins.
Preloading 0 native plugins for Editor in 0.00 ms.
Mono: successfully reloaded assembly
- Completed reload, in  1.241 seconds
Domain Reload Profiling:
	ReloadAssembly (1241ms)
		BeginReloadAssembly (121ms)
			ExecutionOrderSort (0ms)
			DisableScriptedObjects (7ms)
			BackupInstance (0ms)
			ReleaseScriptingObjects (0ms)
			CreateAndSetChildDomain (38ms)
		EndReloadAssembly (1054ms)
			LoadAssemblies (102ms)
			RebuildTransferFunctionScriptingTraits (0ms)
			SetupTypeCache (340ms)
			ReleaseScriptCaches (1ms)
			RebuildScriptCaches (52ms)
			SetupLoadedEditorAssemblies (437ms)
				LogAssemblyErrors (0ms)
				InitializePlatformSupportModulesInManaged (6ms)
				SetLoadedEditorAssemblies (1ms)
				RefreshPlugins (1ms)
				BeforeProcessingInitializeOnLoad (121ms)
				ProcessInitializeOnLoadAttributes (292ms)
				ProcessInitializeOnLoadMethodAttributes (15ms)
				AfterProcessingInitializeOnLoad (3ms)
				EditorAssembliesLoaded (0ms)
			ExecutionOrderSort2 (0ms)
			AwakeInstancesAfterBackupRestoration (11ms)
Platform modules already initialized, skipping
Refreshing native plugins compatible for Editor in 0.58 ms, found 3 plugins.
Preloading 0 native plugins for Editor in 0.00 ms.
Unloading 2206 Unused Serialized files (Serialized files now loaded: 0)
System memory in use before: 101.6 MB.
System memory in use after: 101.6 MB.

Unloading 20 unused Assets to reduce memory usage. Loaded Objects now: 2702.
Total: 3.954800 ms (FindLiveObjects: 0.190100 ms CreateObjectMapping: 0.052500 ms MarkObjects: 3.522600 ms  DeleteObjects: 0.188200 ms)

AssetImportParameters requested are different than current active one (requested -> active):
  custom:framework-win-MediaFoundation: 216162199b28c13a410421893ffa2e32 -> 
  custom:video-decoder-ogg-theora: a1e56fd34408186e4bbccfd4996cb3dc -> 
  custom:container-muxer-webm: aa71ff27fc2769a1b78a27578f13a17b -> 
  custom:container-demuxer-webm: 4f35f7cbe854078d1ac9338744f61a02 -> 
  custom:container-demuxer-ogg: 62fdf1f143b41e24485cea50d1cbac27 -> 
  custom:video-encoder-webm-vp8: eb34c28f22e8b96e1ab97ce403110664 -> 
  custom:video-codec-MediaFoundation-h265: 746d11721c4dcdbdad8f713fa42b33f4 -> 
  custom:video-decoder-webm-vp8: 9c59270c3fd7afecdb556c50c9e8de78 -> 
  custom:audio-decoder-ogg-vorbis: bf7c407c2cedff20999df2af8eb42d56 -> 
  custom:audio-encoder-webm-vorbis: bf7c407c2cedff20999df2af8eb42d56 -> 
========================================================================
Received Prepare
Registering precompiled user dll's ...
Registered in 0.002392 seconds.
Begin MonoManager ReloadAssembly
Native extension for WindowsStandalone target not found
Refreshing native plugins compatible for Editor in 0.60 ms, found 3 plugins.
Preloading 0 native plugins for Editor in 0.00 ms.
Mono: successfully reloaded assembly
- Completed reload, in  1.132 seconds
Domain Reload Profiling:
	ReloadAssembly (1133ms)
		BeginReloadAssembly (116ms)
			ExecutionOrderSort (0ms)
			DisableScriptedObjects (7ms)
			BackupInstance (0ms)
			ReleaseScriptingObjects (0ms)
			CreateAndSetChildDomain (36ms)
		EndReloadAssembly (952ms)
			LoadAssemblies (100ms)
			RebuildTransferFunctionScriptingTraits (0ms)
			SetupTypeCache (302ms)
			ReleaseScriptCaches (1ms)
			RebuildScriptCaches (49ms)
			SetupLoadedEditorAssemblies (384ms)
				LogAssemblyErrors (0ms)
				InitializePlatformSupportModulesInManaged (5ms)
				SetLoadedEditorAssemblies (1ms)
				RefreshPlugins (1ms)
				BeforeProcessingInitializeOnLoad (111ms)
				ProcessInitializeOnLoadAttributes (248ms)
				ProcessInitializeOnLoadMethodAttributes (16ms)
				AfterProcessingInitializeOnLoad (2ms)
				EditorAssembliesLoaded (0ms)
			ExecutionOrderSort2 (0ms)
			AwakeInstancesAfterBackupRestoration (12ms)
Platform modules already initialized, skipping
Refreshing native plugins compatible for Editor in 0.74 ms, found 3 plugins.
Preloading 0 native plugins for Editor in 0.00 ms.
Unloading 2206 Unused Serialized files (Serialized files now loaded: 0)
System memory in use before: 101.5 MB.
System memory in use after: 101.5 MB.

Unloading 20 unused Assets to reduce memory usage. Loaded Objects now: 2705.
Total: 3.375000 ms (FindLiveObjects: 0.200200 ms CreateObjectMapping: 0.076800 ms MarkObjects: 2.960300 ms  DeleteObjects: 0.136100 ms)

AssetImportParameters requested are different than current active one (requested -> active):
  custom:framework-win-MediaFoundation: 216162199b28c13a410421893ffa2e32 -> 
  custom:video-decoder-ogg-theora: a1e56fd34408186e4bbccfd4996cb3dc -> 
  custom:container-muxer-webm: aa71ff27fc2769a1b78a27578f13a17b -> 
  custom:container-demuxer-webm: 4f35f7cbe854078d1ac9338744f61a02 -> 
  custom:container-demuxer-ogg: 62fdf1f143b41e24485cea50d1cbac27 -> 
  custom:video-encoder-webm-vp8: eb34c28f22e8b96e1ab97ce403110664 -> 
  custom:video-codec-MediaFoundation-h265: 746d11721c4dcdbdad8f713fa42b33f4 -> 
  custom:video-decoder-webm-vp8: 9c59270c3fd7afecdb556c50c9e8de78 -> 
  custom:audio-decoder-ogg-vorbis: bf7c407c2cedff20999df2af8eb42d56 -> 
  custom:audio-encoder-webm-vorbis: bf7c407c2cedff20999df2af8eb42d56 -> 
========================================================================
Received Import Request.
  Time since last request: 82.923484 seconds.
  path: Assets/Prefabs/Sbstacles/Obstacle.prefab
  artifactKey: Guid(9757c3908a7087548a802024e987fb8b) Importer(815301076,1909f56bfc062723c751e8b465ee728b)
Start importing Assets/Prefabs/Sbstacles/Obstacle.prefab using Guid(9757c3908a7087548a802024e987fb8b) Importer(815301076,1909f56bfc062723c751e8b465ee728b)  -> (artifact id: '4f7f091273cd5f4d1e945cea97ab3899') in 0.063089 seconds 
========================================================================
Received Import Request.
  Time since last request: 194.066092 seconds.
  path: Assets/Prefabs/LeftStair.prefab
  artifactKey: Guid(07a4275091d23c946837f1a475d80f3f) Importer(815301076,1909f56bfc062723c751e8b465ee728b)
Start importing Assets/Prefabs/LeftStair.prefab using Guid(07a4275091d23c946837f1a475d80f3f) Importer(815301076,1909f56bfc062723c751e8b465ee728b)  -> (artifact id: '4a99ab6ea43191413325c7f2409f6dc3') in 0.020350 seconds 
========================================================================
Received Import Request.
  Time since last request: 31.627781 seconds.
  path: Assets/Prefabs/Map.prefab
  artifactKey: Guid(585f4b269a4e35744af52b08f29ba4e5) Importer(815301076,1909f56bfc062723c751e8b465ee728b)
Start importing Assets/Prefabs/Map.prefab using Guid(585f4b269a4e35744af52b08f29ba4e5) Importer(815301076,1909f56bfc062723c751e8b465ee728b)  -> (artifact id: 'ec53ee6fe178811cfc260b8dfd2c3d38') in 0.019595 seconds 
========================================================================
Received Import Request.
  Time since last request: 0.772000 seconds.
  path: Assets/Prefabs/Map.prefab
  artifactKey: Guid(585f4b269a4e35744af52b08f29ba4e5) Importer(815301076,1909f56bfc062723c751e8b465ee728b)
Start importing Assets/Prefabs/Map.prefab using Guid(585f4b269a4e35744af52b08f29ba4e5) Importer(815301076,1909f56bfc062723c751e8b465ee728b)  -> (artifact id: 'ba2f79f86139a80e0ccda9be238a6bf3') in 0.018881 seconds 
========================================================================
Received Import Request.
  Time since last request: 0.390015 seconds.
  path: Assets/Prefabs/Map.prefab
  artifactKey: Guid(585f4b269a4e35744af52b08f29ba4e5) Importer(815301076,1909f56bfc062723c751e8b465ee728b)
Start importing Assets/Prefabs/Map.prefab using Guid(585f4b269a4e35744af52b08f29ba4e5) Importer(815301076,1909f56bfc062723c751e8b465ee728b)  -> (artifact id: '9734a389568a9be4f030bf18c10dc6cf') in 0.013240 seconds 
AssetImportWorkerClient::OnTransportError - code=2 error=End of file
