Using pre-set license
Built from '2020.3/staging' branch; Version is '2020.3.32f1 (12f8b0834f07) revision 1243312'; Using compiler version '192528614'; Build Type 'Release'
OS: 'Windows 11  (10.0.22621) 64bit Professional' Language: 'ru' Physical Memory: 16327 MB
BatchMode: 1, IsHumanControllingUs: 0, StartBugReporterOnCrash: 0, Is64bit: 1, IsPro: 0

COMMAND LINE ARGUMENTS:
D:\ProgramSD\Unity 2020.3.32f1\Editor\Unity.exe
-adb2
-batchMode
-noUpm
-name
AssetImportWorker0
-projectPath
D:/ProgramSD/Git/NINJA_DELIVERY_XP_YAZAEBALSA/NINJA_DELIVERY
-logFile
Logs/AssetImportWorker0.log
-srvPort
55212
Successfully changed project path to: D:/ProgramSD/Git/NINJA_DELIVERY_XP_YAZAEBALSA/NINJA_DELIVERY
D:/ProgramSD/Git/NINJA_DELIVERY_XP_YAZAEBALSA/NINJA_DELIVERY
Using Asset Import Pipeline V2.
Refreshing native plugins compatible for Editor in 71.02 ms, found 3 plugins.
Preloading 0 native plugins for Editor in 0.00 ms.
Initialize engine version: 2020.3.32f1 (12f8b0834f07)
[Subsystems] Discovering subsystems at path D:/ProgramSD/Unity 2020.3.32f1/Editor/Data/Resources/UnitySubsystems
[Subsystems] Discovering subsystems at path D:/ProgramSD/Git/NINJA_DELIVERY_XP_YAZAEBALSA/NINJA_DELIVERY/Assets
GfxDevice: creating device client; threaded=0
Direct3D:
    Version:  Direct3D 11.0 [level 11.1]
    Renderer: NVIDIA GeForce RTX 3060 Ti (ID=0x2489)
    Vendor:   
    VRAM:     8038 MB
    Driver:   31.0.15.3168
Initialize mono
Mono path[0] = 'D:/ProgramSD/Unity 2020.3.32f1/Editor/Data/Managed'
Mono path[1] = 'D:/ProgramSD/Unity 2020.3.32f1/Editor/Data/MonoBleedingEdge/lib/mono/unityjit'
Mono config path = 'D:/ProgramSD/Unity 2020.3.32f1/Editor/Data/MonoBleedingEdge/etc'
Using monoOptions --debugger-agent=transport=dt_socket,embedding=1,server=y,suspend=n,address=127.0.0.1:56384
Begin MonoManager ReloadAssembly
Registering precompiled unity dll's ...
Register platform support module: D:/ProgramSD/Unity 2020.3.32f1/Editor/Data/PlaybackEngines/WindowsStandaloneSupport/UnityEditor.WindowsStandalone.Extensions.dll
Registered in 0.000922 seconds.
Native extension for WindowsStandalone target not found
Refreshing native plugins compatible for Editor in 53.64 ms, found 3 plugins.
Preloading 0 native plugins for Editor in 0.00 ms.
Mono: successfully reloaded assembly
- Completed reload, in  0.756 seconds
Domain Reload Profiling:
	ReloadAssembly (756ms)
		BeginReloadAssembly (68ms)
			ExecutionOrderSort (0ms)
			DisableScriptedObjects (0ms)
			BackupInstance (0ms)
			ReleaseScriptingObjects (0ms)
			CreateAndSetChildDomain (1ms)
		EndReloadAssembly (609ms)
			LoadAssemblies (67ms)
			RebuildTransferFunctionScriptingTraits (0ms)
			SetupTypeCache (178ms)
			ReleaseScriptCaches (0ms)
			RebuildScriptCaches (36ms)
			SetupLoadedEditorAssemblies (265ms)
				LogAssemblyErrors (0ms)
				InitializePlatformSupportModulesInManaged (5ms)
				SetLoadedEditorAssemblies (0ms)
				RefreshPlugins (54ms)
				BeforeProcessingInitializeOnLoad (15ms)
				ProcessInitializeOnLoadAttributes (152ms)
				ProcessInitializeOnLoadMethodAttributes (39ms)
				AfterProcessingInitializeOnLoad (0ms)
				EditorAssembliesLoaded (0ms)
			ExecutionOrderSort2 (0ms)
			AwakeInstancesAfterBackupRestoration (0ms)
Platform modules already initialized, skipping
Registering precompiled user dll's ...
Registered in 0.002294 seconds.
Begin MonoManager ReloadAssembly
Native extension for WindowsStandalone target not found
Refreshing native plugins compatible for Editor in 52.46 ms, found 3 plugins.
Preloading 0 native plugins for Editor in 0.00 ms.
Mono: successfully reloaded assembly
- Completed reload, in  1.275 seconds
Domain Reload Profiling:
	ReloadAssembly (1276ms)
		BeginReloadAssembly (173ms)
			ExecutionOrderSort (0ms)
			DisableScriptedObjects (5ms)
			BackupInstance (0ms)
			ReleaseScriptingObjects (0ms)
			CreateAndSetChildDomain (24ms)
		EndReloadAssembly (1039ms)
			LoadAssemblies (111ms)
			RebuildTransferFunctionScriptingTraits (0ms)
			SetupTypeCache (318ms)
			ReleaseScriptCaches (1ms)
			RebuildScriptCaches (58ms)
			SetupLoadedEditorAssemblies (412ms)
				LogAssemblyErrors (0ms)
				InitializePlatformSupportModulesInManaged (3ms)
				SetLoadedEditorAssemblies (0ms)
				RefreshPlugins (53ms)
				BeforeProcessingInitializeOnLoad (83ms)
				ProcessInitializeOnLoadAttributes (246ms)
				ProcessInitializeOnLoadMethodAttributes (24ms)
				AfterProcessingInitializeOnLoad (3ms)
				EditorAssembliesLoaded (0ms)
			ExecutionOrderSort2 (0ms)
			AwakeInstancesAfterBackupRestoration (13ms)
Platform modules already initialized, skipping
========================================================================
Worker process is ready to serve import requests
Launched and connected shader compiler UnityShaderCompiler.exe after 0.07 seconds
Refreshing native plugins compatible for Editor in 0.92 ms, found 3 plugins.
Preloading 0 native plugins for Editor in 0.00 ms.
Unloading 2224 Unused Serialized files (Serialized files now loaded: 0)
System memory in use before: 99.6 MB.
System memory in use after: 99.5 MB.

Unloading 31 unused Assets to reduce memory usage. Loaded Objects now: 2657.
Total: 5.412500 ms (FindLiveObjects: 0.263300 ms CreateObjectMapping: 0.212300 ms MarkObjects: 4.721600 ms  DeleteObjects: 0.213400 ms)

AssetImportParameters requested are different than current active one (requested -> active):
  custom:framework-win-MediaFoundation: 216162199b28c13a410421893ffa2e32 -> 
  custom:video-decoder-ogg-theora: a1e56fd34408186e4bbccfd4996cb3dc -> 
  custom:container-muxer-webm: aa71ff27fc2769a1b78a27578f13a17b -> 
  custom:container-demuxer-webm: 4f35f7cbe854078d1ac9338744f61a02 -> 
  custom:container-demuxer-ogg: 62fdf1f143b41e24485cea50d1cbac27 -> 
  custom:video-encoder-webm-vp8: eb34c28f22e8b96e1ab97ce403110664 -> 
  custom:video-codec-MediaFoundation-h265: 746d11721c4dcdbdad8f713fa42b33f4 -> 
  custom:video-decoder-webm-vp8: 9c59270c3fd7afecdb556c50c9e8de78 -> 
  custom:audio-decoder-ogg-vorbis: bf7c407c2cedff20999df2af8eb42d56 -> 
  custom:audio-encoder-webm-vorbis: bf7c407c2cedff20999df2af8eb42d56 -> 
========================================================================
Received Import Request.
  path: Assets/Prefabs/Interer/Perpul/Трассировка пропсов1_15 (2).prefab
  artifactKey: Guid(c8be3b74d0afc914b855854616ca9bf7) Importer(815301076,1909f56bfc062723c751e8b465ee728b)
Start importing Assets/Prefabs/Interer/Perpul/Трассировка пропсов1_15 (2).prefab using Guid(c8be3b74d0afc914b855854616ca9bf7) Importer(815301076,1909f56bfc062723c751e8b465ee728b)  -> (artifact id: '2072331466a0b8de23b2c7be6206ae47') in 0.186122 seconds 
========================================================================
Received Import Request.
  Time since last request: 18.302652 seconds.
  path: Assets/Pictures/Robot
  artifactKey: Guid(64b453c48b524ba419333354cb4c9578) Importer(815301076,1909f56bfc062723c751e8b465ee728b)
Start importing Assets/Pictures/Robot using Guid(64b453c48b524ba419333354cb4c9578) Importer(815301076,1909f56bfc062723c751e8b465ee728b)  -> (artifact id: '4a8a41be5633142ebfae3444fb7147b0') in 0.007680 seconds 
========================================================================
Received Import Request.
  Time since last request: 27.128149 seconds.
  path: Assets/Pictures/Robot/Layer 1.png
  artifactKey: Guid(ea630eee917c30b4bb91c27fa978b4cd) Importer(815301076,1909f56bfc062723c751e8b465ee728b)
Start importing Assets/Pictures/Robot/Layer 1.png using Guid(ea630eee917c30b4bb91c27fa978b4cd) Importer(815301076,1909f56bfc062723c751e8b465ee728b)  -> (artifact id: 'd245a35c58d5db345ed364366a94c985') in 0.048880 seconds 
========================================================================
Received Import Request.
  Time since last request: 0.000280 seconds.
  path: Assets/Pictures/Robot/Layer 15.png
  artifactKey: Guid(c53f3330c8b28fd43946d444ed98a9fc) Importer(815301076,1909f56bfc062723c751e8b465ee728b)
Start importing Assets/Pictures/Robot/Layer 15.png using Guid(c53f3330c8b28fd43946d444ed98a9fc) Importer(815301076,1909f56bfc062723c751e8b465ee728b)  -> (artifact id: 'df5e77361c1e7be522fb1889d291ded8') in 0.024095 seconds 
========================================================================
Received Import Request.
  Time since last request: 0.000420 seconds.
  path: Assets/Pictures/Robot/Layer 19.png
  artifactKey: Guid(8bcb4d17c02c18c40bba1f7e38323027) Importer(815301076,1909f56bfc062723c751e8b465ee728b)
Start importing Assets/Pictures/Robot/Layer 19.png using Guid(8bcb4d17c02c18c40bba1f7e38323027) Importer(815301076,1909f56bfc062723c751e8b465ee728b)  -> (artifact id: 'f038dfb4ed96814d98e2895efc45d8e0') in 0.024850 seconds 
========================================================================
Received Import Request.
  Time since last request: 0.000264 seconds.
  path: Assets/Pictures/Robot/Layer 22.png
  artifactKey: Guid(b25dcaf926b6d594eb456a2e93bf661a) Importer(815301076,1909f56bfc062723c751e8b465ee728b)
Start importing Assets/Pictures/Robot/Layer 22.png using Guid(b25dcaf926b6d594eb456a2e93bf661a) Importer(815301076,1909f56bfc062723c751e8b465ee728b)  -> (artifact id: 'dc8e8f7f224f2cbdff96fb6187143fc3') in 0.017419 seconds 
========================================================================
Received Import Request.
  Time since last request: 0.000228 seconds.
  path: Assets/Pictures/Robot/Layer 3.png
  artifactKey: Guid(53e364c87e52ed443ba5996715652087) Importer(815301076,1909f56bfc062723c751e8b465ee728b)
Start importing Assets/Pictures/Robot/Layer 3.png using Guid(53e364c87e52ed443ba5996715652087) Importer(815301076,1909f56bfc062723c751e8b465ee728b)  -> (artifact id: '95bf1a69f17d7ab390707bef8b4ff2b4') in 0.017290 seconds 
========================================================================
Received Import Request.
  Time since last request: 0.000241 seconds.
  path: Assets/Pictures/Robot/Layer 9.png
  artifactKey: Guid(d39a8bbf766f2f646b8e12445c071549) Importer(815301076,1909f56bfc062723c751e8b465ee728b)
Start importing Assets/Pictures/Robot/Layer 9.png using Guid(d39a8bbf766f2f646b8e12445c071549) Importer(815301076,1909f56bfc062723c751e8b465ee728b)  -> (artifact id: '96290897999f4c42446cc9deb810e022') in 0.018141 seconds 
========================================================================
Received Import Request.
  Time since last request: 0.000356 seconds.
  path: Assets/Pictures/Robot/Layer 16.png
  artifactKey: Guid(b8780df895ffb46458092ceafce75c21) Importer(815301076,1909f56bfc062723c751e8b465ee728b)
Start importing Assets/Pictures/Robot/Layer 16.png using Guid(b8780df895ffb46458092ceafce75c21) Importer(815301076,1909f56bfc062723c751e8b465ee728b)  -> (artifact id: 'fbf8ab17a9327f79e810d2b3faddbe7f') in 0.025699 seconds 
========================================================================
Received Import Request.
  Time since last request: 0.000270 seconds.
  path: Assets/Pictures/Robot/Layer 2.png
  artifactKey: Guid(001f6721d8f6a534ba0e678a610ede20) Importer(815301076,1909f56bfc062723c751e8b465ee728b)
Start importing Assets/Pictures/Robot/Layer 2.png using Guid(001f6721d8f6a534ba0e678a610ede20) Importer(815301076,1909f56bfc062723c751e8b465ee728b)  -> (artifact id: '2a8af898c8a2b17164991fff2b0818b2') in 0.020379 seconds 
========================================================================
Received Import Request.
  Time since last request: 0.000249 seconds.
  path: Assets/Pictures/Robot/Layer 32.png
  artifactKey: Guid(cec9691e371f005448d8d2e950fd7ac4) Importer(815301076,1909f56bfc062723c751e8b465ee728b)
Start importing Assets/Pictures/Robot/Layer 32.png using Guid(cec9691e371f005448d8d2e950fd7ac4) Importer(815301076,1909f56bfc062723c751e8b465ee728b)  -> (artifact id: '7fd5aeb9d4de1aad4af47dd4db4b3b11') in 0.017519 seconds 
========================================================================
Received Import Request.
  Time since last request: 0.000296 seconds.
  path: Assets/Pictures/Robot/Layer 20.png
  artifactKey: Guid(8a9b024d41e4b914d91f92e6f238e3d3) Importer(815301076,1909f56bfc062723c751e8b465ee728b)
Start importing Assets/Pictures/Robot/Layer 20.png using Guid(8a9b024d41e4b914d91f92e6f238e3d3) Importer(815301076,1909f56bfc062723c751e8b465ee728b)  -> (artifact id: '09675e2cdfb14cadaeb5f844d641e304') in 0.015508 seconds 
========================================================================
Received Import Request.
  Time since last request: 0.000289 seconds.
  path: Assets/Pictures/Robot/Layer 30.png
  artifactKey: Guid(3372e4746eb524e4ca5479f14db9818c) Importer(815301076,1909f56bfc062723c751e8b465ee728b)
Start importing Assets/Pictures/Robot/Layer 30.png using Guid(3372e4746eb524e4ca5479f14db9818c) Importer(815301076,1909f56bfc062723c751e8b465ee728b)  -> (artifact id: 'ebacdc285bc886e5c3460dedbca7f205') in 0.015453 seconds 
========================================================================
Received Import Request.
  Time since last request: 0.000230 seconds.
  path: Assets/Pictures/Robot/Layer 4.png
  artifactKey: Guid(afd770d427fd43b4a985d5baab8375fa) Importer(815301076,1909f56bfc062723c751e8b465ee728b)
Start importing Assets/Pictures/Robot/Layer 4.png using Guid(afd770d427fd43b4a985d5baab8375fa) Importer(815301076,1909f56bfc062723c751e8b465ee728b)  -> (artifact id: '0063a144659ce5de78a32cb0cf208d82') in 0.016396 seconds 
========================================================================
Received Import Request.
  Time since last request: 0.000319 seconds.
  path: Assets/Pictures/Robot/Layer 21.png
  artifactKey: Guid(e2e54e8b4f7aa8f4b8b937d8d4336359) Importer(815301076,1909f56bfc062723c751e8b465ee728b)
Start importing Assets/Pictures/Robot/Layer 21.png using Guid(e2e54e8b4f7aa8f4b8b937d8d4336359) Importer(815301076,1909f56bfc062723c751e8b465ee728b)  -> (artifact id: '51507fda5ab4baf0113b9356c93dd023') in 0.017330 seconds 
========================================================================
Received Import Request.
  Time since last request: 0.000238 seconds.
  path: Assets/Pictures/Robot/Layer 17.png
  artifactKey: Guid(c2d93e91cd1d33845aa7f54c5a49035d) Importer(815301076,1909f56bfc062723c751e8b465ee728b)
Start importing Assets/Pictures/Robot/Layer 17.png using Guid(c2d93e91cd1d33845aa7f54c5a49035d) Importer(815301076,1909f56bfc062723c751e8b465ee728b)  -> (artifact id: '28aad5e4aa9da9a61bc906212281a5b5') in 0.015026 seconds 
========================================================================
Received Import Request.
  Time since last request: 0.000232 seconds.
  path: Assets/Pictures/Robot/Layer 34.png
  artifactKey: Guid(4b94715219fdc174e83aee49d79a7492) Importer(815301076,1909f56bfc062723c751e8b465ee728b)
Start importing Assets/Pictures/Robot/Layer 34.png using Guid(4b94715219fdc174e83aee49d79a7492) Importer(815301076,1909f56bfc062723c751e8b465ee728b)  -> (artifact id: '6f669550cc4b300fe8089e4b6f7a20e1') in 0.015734 seconds 
========================================================================
Received Import Request.
  Time since last request: 0.000237 seconds.
  path: Assets/Pictures/Robot/Layer 10.png
  artifactKey: Guid(744116d7c96a67b49b7d8ae9000f1d9d) Importer(815301076,1909f56bfc062723c751e8b465ee728b)
Start importing Assets/Pictures/Robot/Layer 10.png using Guid(744116d7c96a67b49b7d8ae9000f1d9d) Importer(815301076,1909f56bfc062723c751e8b465ee728b)  -> (artifact id: '58bba555fb5b904bc1ef3c0f966b20a7') in 0.016522 seconds 
========================================================================
Received Import Request.
  Time since last request: 0.000212 seconds.
  path: Assets/Pictures/Robot/Layer 13.png
  artifactKey: Guid(26d4d73f4f147654090c7203023067be) Importer(815301076,1909f56bfc062723c751e8b465ee728b)
Start importing Assets/Pictures/Robot/Layer 13.png using Guid(26d4d73f4f147654090c7203023067be) Importer(815301076,1909f56bfc062723c751e8b465ee728b)  -> (artifact id: 'f105e90157e3d6fb7a3b6af7f2d09a87') in 0.014725 seconds 
========================================================================
Received Import Request.
  Time since last request: 0.000288 seconds.
  path: Assets/Pictures/Robot/Layer 28.png
  artifactKey: Guid(2c2003ad692091c458ae949533396724) Importer(815301076,1909f56bfc062723c751e8b465ee728b)
Start importing Assets/Pictures/Robot/Layer 28.png using Guid(2c2003ad692091c458ae949533396724) Importer(815301076,1909f56bfc062723c751e8b465ee728b)  -> (artifact id: '348aa85a76db84488312241bdf166bbd') in 0.015875 seconds 
========================================================================
Received Import Request.
  Time since last request: 0.000385 seconds.
  path: Assets/Pictures/Robot/Layer 12.png
  artifactKey: Guid(4990696f2942eb34f85e3ca2dee3f7f5) Importer(815301076,1909f56bfc062723c751e8b465ee728b)
Start importing Assets/Pictures/Robot/Layer 12.png using Guid(4990696f2942eb34f85e3ca2dee3f7f5) Importer(815301076,1909f56bfc062723c751e8b465ee728b)  -> (artifact id: 'ae2d4100b08dccfcf2dbd8d86c66dc94') in 0.015890 seconds 
========================================================================
Received Import Request.
  Time since last request: 0.000285 seconds.
  path: Assets/Pictures/Robot/Layer 18.png
  artifactKey: Guid(270fe737e25fe204a968a4216f28bd27) Importer(815301076,1909f56bfc062723c751e8b465ee728b)
Start importing Assets/Pictures/Robot/Layer 18.png using Guid(270fe737e25fe204a968a4216f28bd27) Importer(815301076,1909f56bfc062723c751e8b465ee728b)  -> (artifact id: '7e6287d4eb262054785b80d986388f78') in 0.016275 seconds 
========================================================================
Received Import Request.
  Time since last request: 0.000251 seconds.
  path: Assets/Pictures/Robot/Layer 14.png
  artifactKey: Guid(363e4017188db96479f5fd3dbcbf949b) Importer(815301076,1909f56bfc062723c751e8b465ee728b)
Start importing Assets/Pictures/Robot/Layer 14.png using Guid(363e4017188db96479f5fd3dbcbf949b) Importer(815301076,1909f56bfc062723c751e8b465ee728b)  -> (artifact id: '8c5531d06f61eceba5c1725dc957c71c') in 0.015350 seconds 
========================================================================
Received Import Request.
  Time since last request: 0.000315 seconds.
  path: Assets/Pictures/Robot/Layer 31.png
  artifactKey: Guid(7fca01a16ddd6074a87df84ec711db25) Importer(815301076,1909f56bfc062723c751e8b465ee728b)
Start importing Assets/Pictures/Robot/Layer 31.png using Guid(7fca01a16ddd6074a87df84ec711db25) Importer(815301076,1909f56bfc062723c751e8b465ee728b)  -> (artifact id: '86081d04c2483f6158ee173470b6c017') in 0.016754 seconds 
========================================================================
Received Import Request.
  Time since last request: 0.000244 seconds.
  path: Assets/Pictures/Robot/Layer 23.png
  artifactKey: Guid(3b46e60c36cb777499d069989e3777f9) Importer(815301076,1909f56bfc062723c751e8b465ee728b)
Start importing Assets/Pictures/Robot/Layer 23.png using Guid(3b46e60c36cb777499d069989e3777f9) Importer(815301076,1909f56bfc062723c751e8b465ee728b)  -> (artifact id: '2f1bfdefe8c91d1259b7424a57bfca7f') in 0.017335 seconds 
========================================================================
Received Import Request.
  Time since last request: 0.000234 seconds.
  path: Assets/Pictures/Robot/Layer 26.png
  artifactKey: Guid(73797d6daa1bae54ab1a590a2a4b59b0) Importer(815301076,1909f56bfc062723c751e8b465ee728b)
Start importing Assets/Pictures/Robot/Layer 26.png using Guid(73797d6daa1bae54ab1a590a2a4b59b0) Importer(815301076,1909f56bfc062723c751e8b465ee728b)  -> (artifact id: 'd6b70e88b002f675787264fd28908868') in 0.016997 seconds 
========================================================================
Received Import Request.
  Time since last request: 0.000269 seconds.
  path: Assets/Pictures/Robot/Layer 11.png
  artifactKey: Guid(1c61337dfdec87b4da4b64d5e220ebe7) Importer(815301076,1909f56bfc062723c751e8b465ee728b)
Start importing Assets/Pictures/Robot/Layer 11.png using Guid(1c61337dfdec87b4da4b64d5e220ebe7) Importer(815301076,1909f56bfc062723c751e8b465ee728b)  -> (artifact id: 'e53b6ecd0a5375499b3e932caabc6914') in 0.018512 seconds 
========================================================================
Received Import Request.
  Time since last request: 0.000373 seconds.
  path: Assets/Pictures/Robot/Layer 8.png
  artifactKey: Guid(05155dce9b68a1442aea668252ed4469) Importer(815301076,1909f56bfc062723c751e8b465ee728b)
Start importing Assets/Pictures/Robot/Layer 8.png using Guid(05155dce9b68a1442aea668252ed4469) Importer(815301076,1909f56bfc062723c751e8b465ee728b)  -> (artifact id: 'd91b5c98e770ed7056770e68632995c8') in 0.018206 seconds 
========================================================================
Received Import Request.
  Time since last request: 0.000281 seconds.
  path: Assets/Pictures/Robot/Layer 6.png
  artifactKey: Guid(db40fe9d3c4f5764c98f5f08cccb7f94) Importer(815301076,1909f56bfc062723c751e8b465ee728b)
Start importing Assets/Pictures/Robot/Layer 6.png using Guid(db40fe9d3c4f5764c98f5f08cccb7f94) Importer(815301076,1909f56bfc062723c751e8b465ee728b)  -> (artifact id: '8c6ced1496d40bf6a064cf89dd331c54') in 0.017531 seconds 
========================================================================
Received Import Request.
  Time since last request: 0.000284 seconds.
  path: Assets/Pictures/Robot/Layer 27.png
  artifactKey: Guid(d0fa68e802db1fa46b10a997537bc365) Importer(815301076,1909f56bfc062723c751e8b465ee728b)
Start importing Assets/Pictures/Robot/Layer 27.png using Guid(d0fa68e802db1fa46b10a997537bc365) Importer(815301076,1909f56bfc062723c751e8b465ee728b)  -> (artifact id: '0f54fd605aada8069c77906fcf71deec') in 0.017825 seconds 
========================================================================
Received Import Request.
  Time since last request: 0.000263 seconds.
  path: Assets/Pictures/Robot/Layer 5.png
  artifactKey: Guid(6aca6ca62b6159949bb29e0a98cd0554) Importer(815301076,1909f56bfc062723c751e8b465ee728b)
Start importing Assets/Pictures/Robot/Layer 5.png using Guid(6aca6ca62b6159949bb29e0a98cd0554) Importer(815301076,1909f56bfc062723c751e8b465ee728b)  -> (artifact id: '1ecaa7f3ee6b496df4c570c78378b7cc') in 0.021246 seconds 
========================================================================
Received Import Request.
  Time since last request: 0.000241 seconds.
  path: Assets/Pictures/Robot/Layer 29.png
  artifactKey: Guid(8446e988d50a58446b30f5a71b2cc117) Importer(815301076,1909f56bfc062723c751e8b465ee728b)
Start importing Assets/Pictures/Robot/Layer 29.png using Guid(8446e988d50a58446b30f5a71b2cc117) Importer(815301076,1909f56bfc062723c751e8b465ee728b)  -> (artifact id: '25e33c04af1ca977bf8a5124fc44442f') in 0.015706 seconds 
========================================================================
Received Import Request.
  Time since last request: 0.000265 seconds.
  path: Assets/Pictures/Robot/Layer 33.png
  artifactKey: Guid(2f2261c53183f1b4083e3dd6655c9b16) Importer(815301076,1909f56bfc062723c751e8b465ee728b)
Start importing Assets/Pictures/Robot/Layer 33.png using Guid(2f2261c53183f1b4083e3dd6655c9b16) Importer(815301076,1909f56bfc062723c751e8b465ee728b)  -> (artifact id: 'f796f1397ff49a9c821281b94934c349') in 0.016981 seconds 
========================================================================
Received Import Request.
  Time since last request: 0.000245 seconds.
  path: Assets/Pictures/Robot/Layer 25.png
  artifactKey: Guid(40507c81e5b2dff41a13bd11bdfe531c) Importer(815301076,1909f56bfc062723c751e8b465ee728b)
Start importing Assets/Pictures/Robot/Layer 25.png using Guid(40507c81e5b2dff41a13bd11bdfe531c) Importer(815301076,1909f56bfc062723c751e8b465ee728b)  -> (artifact id: '1c347937889268ddac23ded045fed8a1') in 0.016293 seconds 
========================================================================
Received Import Request.
  Time since last request: 0.000241 seconds.
  path: Assets/Pictures/Robot/Layer 24.png
  artifactKey: Guid(6db679e79ed1f57418f15e5b5310d560) Importer(815301076,1909f56bfc062723c751e8b465ee728b)
Start importing Assets/Pictures/Robot/Layer 24.png using Guid(6db679e79ed1f57418f15e5b5310d560) Importer(815301076,1909f56bfc062723c751e8b465ee728b)  -> (artifact id: 'f3c624b1c4149330309f1057f72a4d40') in 0.014723 seconds 
========================================================================
Received Import Request.
  Time since last request: 0.000262 seconds.
  path: Assets/Pictures/Robot/Layer 35.png
  artifactKey: Guid(106f450cf1c6dc5429112ed0f5d89bec) Importer(815301076,1909f56bfc062723c751e8b465ee728b)
Start importing Assets/Pictures/Robot/Layer 35.png using Guid(106f450cf1c6dc5429112ed0f5d89bec) Importer(815301076,1909f56bfc062723c751e8b465ee728b)  -> (artifact id: 'c370eb2339b8457f76acf95937a0dcb4') in 0.015828 seconds 
========================================================================
Received Import Request.
  Time since last request: 0.000274 seconds.
  path: Assets/Pictures/Robot/Layer 36.png
  artifactKey: Guid(3a4ef1b47cda13c48a22818d393926af) Importer(815301076,1909f56bfc062723c751e8b465ee728b)
Start importing Assets/Pictures/Robot/Layer 36.png using Guid(3a4ef1b47cda13c48a22818d393926af) Importer(815301076,1909f56bfc062723c751e8b465ee728b)  -> (artifact id: 'e3ba2601cfe99c1a920f83aeb11db5f6') in 0.015199 seconds 
========================================================================
Received Import Request.
  Time since last request: 0.000240 seconds.
  path: Assets/Pictures/Robot/Layer 7.png
  artifactKey: Guid(e009e9ddaa5f9de41ba82b96ae5da5ab) Importer(815301076,1909f56bfc062723c751e8b465ee728b)
Start importing Assets/Pictures/Robot/Layer 7.png using Guid(e009e9ddaa5f9de41ba82b96ae5da5ab) Importer(815301076,1909f56bfc062723c751e8b465ee728b)  -> (artifact id: '7bb1caa3f3f7d7cfd34c6bfa58af26eb') in 0.015759 seconds 
========================================================================
Received Import Request.
  Time since last request: 19.141394 seconds.
  path: Assets/Pictures/Robot/Layer 1.png
  artifactKey: Guid(ea630eee917c30b4bb91c27fa978b4cd) Importer(815301076,1909f56bfc062723c751e8b465ee728b)
Start importing Assets/Pictures/Robot/Layer 1.png using Guid(ea630eee917c30b4bb91c27fa978b4cd) Importer(815301076,1909f56bfc062723c751e8b465ee728b)  -> (artifact id: 'ebec464a781d84ae73a1f2f598f51c0d') in 0.018938 seconds 
========================================================================
Received Import Request.
  Time since last request: 0.000234 seconds.
  path: Assets/Pictures/Robot/Layer 15.png
  artifactKey: Guid(c53f3330c8b28fd43946d444ed98a9fc) Importer(815301076,1909f56bfc062723c751e8b465ee728b)
Start importing Assets/Pictures/Robot/Layer 15.png using Guid(c53f3330c8b28fd43946d444ed98a9fc) Importer(815301076,1909f56bfc062723c751e8b465ee728b)  -> (artifact id: '91dc3eca327178998b4735217a2774f9') in 0.013015 seconds 
========================================================================
Received Import Request.
  Time since last request: 0.000233 seconds.
  path: Assets/Pictures/Robot/Layer 19.png
  artifactKey: Guid(8bcb4d17c02c18c40bba1f7e38323027) Importer(815301076,1909f56bfc062723c751e8b465ee728b)
Start importing Assets/Pictures/Robot/Layer 19.png using Guid(8bcb4d17c02c18c40bba1f7e38323027) Importer(815301076,1909f56bfc062723c751e8b465ee728b)  -> (artifact id: 'fc698822dedcc58f4a9a1ff159830412') in 0.016188 seconds 
========================================================================
Received Import Request.
  Time since last request: 0.000308 seconds.
  path: Assets/Pictures/Robot/Layer 22.png
  artifactKey: Guid(b25dcaf926b6d594eb456a2e93bf661a) Importer(815301076,1909f56bfc062723c751e8b465ee728b)
Start importing Assets/Pictures/Robot/Layer 22.png using Guid(b25dcaf926b6d594eb456a2e93bf661a) Importer(815301076,1909f56bfc062723c751e8b465ee728b)  -> (artifact id: 'f632f8f4c1fb8b65bd31070a5b700a1f') in 0.016927 seconds 
========================================================================
Received Import Request.
  Time since last request: 0.000284 seconds.
  path: Assets/Pictures/Robot/Layer 3.png
  artifactKey: Guid(53e364c87e52ed443ba5996715652087) Importer(815301076,1909f56bfc062723c751e8b465ee728b)
Start importing Assets/Pictures/Robot/Layer 3.png using Guid(53e364c87e52ed443ba5996715652087) Importer(815301076,1909f56bfc062723c751e8b465ee728b)  -> (artifact id: 'aecfb5df139ac240395deba71b00c903') in 0.023363 seconds 
========================================================================
Received Import Request.
  Time since last request: 0.000216 seconds.
  path: Assets/Pictures/Robot/Layer 9.png
  artifactKey: Guid(d39a8bbf766f2f646b8e12445c071549) Importer(815301076,1909f56bfc062723c751e8b465ee728b)
Start importing Assets/Pictures/Robot/Layer 9.png using Guid(d39a8bbf766f2f646b8e12445c071549) Importer(815301076,1909f56bfc062723c751e8b465ee728b)  -> (artifact id: '266228aa5b516f031cd0cb1fa4592569') in 0.016798 seconds 
========================================================================
Received Import Request.
  Time since last request: 0.000204 seconds.
  path: Assets/Pictures/Robot/Layer 16.png
  artifactKey: Guid(b8780df895ffb46458092ceafce75c21) Importer(815301076,1909f56bfc062723c751e8b465ee728b)
Start importing Assets/Pictures/Robot/Layer 16.png using Guid(b8780df895ffb46458092ceafce75c21) Importer(815301076,1909f56bfc062723c751e8b465ee728b)  -> (artifact id: '0d7285229512a5d21b84b3deb6bd5b41') in 0.027498 seconds 
========================================================================
Received Import Request.
  Time since last request: 0.000267 seconds.
  path: Assets/Pictures/Robot/Layer 2.png
  artifactKey: Guid(001f6721d8f6a534ba0e678a610ede20) Importer(815301076,1909f56bfc062723c751e8b465ee728b)
Start importing Assets/Pictures/Robot/Layer 2.png using Guid(001f6721d8f6a534ba0e678a610ede20) Importer(815301076,1909f56bfc062723c751e8b465ee728b)  -> (artifact id: 'e5cf44fba842f63d747531de5cecb82d') in 0.017512 seconds 
========================================================================
Received Import Request.
  Time since last request: 0.000228 seconds.
  path: Assets/Pictures/Robot/Layer 32.png
  artifactKey: Guid(cec9691e371f005448d8d2e950fd7ac4) Importer(815301076,1909f56bfc062723c751e8b465ee728b)
Start importing Assets/Pictures/Robot/Layer 32.png using Guid(cec9691e371f005448d8d2e950fd7ac4) Importer(815301076,1909f56bfc062723c751e8b465ee728b)  -> (artifact id: '13bf8a0db0ae2bcd6f689b3227686fc5') in 0.018230 seconds 
========================================================================
Received Import Request.
  Time since last request: 0.000222 seconds.
  path: Assets/Pictures/Robot/Layer 20.png
  artifactKey: Guid(8a9b024d41e4b914d91f92e6f238e3d3) Importer(815301076,1909f56bfc062723c751e8b465ee728b)
Start importing Assets/Pictures/Robot/Layer 20.png using Guid(8a9b024d41e4b914d91f92e6f238e3d3) Importer(815301076,1909f56bfc062723c751e8b465ee728b)  -> (artifact id: '4f7469ee241ba38c8583521e2a918d30') in 0.031237 seconds 
========================================================================
Received Import Request.
  Time since last request: 0.000246 seconds.
  path: Assets/Pictures/Robot/Layer 30.png
  artifactKey: Guid(3372e4746eb524e4ca5479f14db9818c) Importer(815301076,1909f56bfc062723c751e8b465ee728b)
Start importing Assets/Pictures/Robot/Layer 30.png using Guid(3372e4746eb524e4ca5479f14db9818c) Importer(815301076,1909f56bfc062723c751e8b465ee728b)  -> (artifact id: '4ceebe8faf7c72d53ddd082352103b88') in 0.024427 seconds 
========================================================================
Received Import Request.
  Time since last request: 0.000217 seconds.
  path: Assets/Pictures/Robot/Layer 4.png
  artifactKey: Guid(afd770d427fd43b4a985d5baab8375fa) Importer(815301076,1909f56bfc062723c751e8b465ee728b)
Start importing Assets/Pictures/Robot/Layer 4.png using Guid(afd770d427fd43b4a985d5baab8375fa) Importer(815301076,1909f56bfc062723c751e8b465ee728b)  -> (artifact id: 'c972afbe61b72be6aeb401243c6a6835') in 0.014946 seconds 
========================================================================
Received Import Request.
  Time since last request: 0.000216 seconds.
  path: Assets/Pictures/Robot/Layer 21.png
  artifactKey: Guid(e2e54e8b4f7aa8f4b8b937d8d4336359) Importer(815301076,1909f56bfc062723c751e8b465ee728b)
Start importing Assets/Pictures/Robot/Layer 21.png using Guid(e2e54e8b4f7aa8f4b8b937d8d4336359) Importer(815301076,1909f56bfc062723c751e8b465ee728b)  -> (artifact id: '2d2ba12fbc27f2ee15f0c4110c6e70e1') in 0.014927 seconds 
========================================================================
Received Import Request.
  Time since last request: 0.000227 seconds.
  path: Assets/Pictures/Robot/Layer 17.png
  artifactKey: Guid(c2d93e91cd1d33845aa7f54c5a49035d) Importer(815301076,1909f56bfc062723c751e8b465ee728b)
Start importing Assets/Pictures/Robot/Layer 17.png using Guid(c2d93e91cd1d33845aa7f54c5a49035d) Importer(815301076,1909f56bfc062723c751e8b465ee728b)  -> (artifact id: 'cb9a025e0f449c25c70f927a038ca1e3') in 0.015761 seconds 
========================================================================
Received Import Request.
  Time since last request: 0.000212 seconds.
  path: Assets/Pictures/Robot/Layer 34.png
  artifactKey: Guid(4b94715219fdc174e83aee49d79a7492) Importer(815301076,1909f56bfc062723c751e8b465ee728b)
Start importing Assets/Pictures/Robot/Layer 34.png using Guid(4b94715219fdc174e83aee49d79a7492) Importer(815301076,1909f56bfc062723c751e8b465ee728b)  -> (artifact id: '476aaf4592d12919dd7fcc2678544726') in 0.016124 seconds 
========================================================================
Received Import Request.
  Time since last request: 0.000248 seconds.
  path: Assets/Pictures/Robot/Layer 10.png
  artifactKey: Guid(744116d7c96a67b49b7d8ae9000f1d9d) Importer(815301076,1909f56bfc062723c751e8b465ee728b)
Start importing Assets/Pictures/Robot/Layer 10.png using Guid(744116d7c96a67b49b7d8ae9000f1d9d) Importer(815301076,1909f56bfc062723c751e8b465ee728b)  -> (artifact id: '1730089825dbf9e87f481d7e0bb5f3a7') in 0.014032 seconds 
========================================================================
Received Import Request.
  Time since last request: 0.000225 seconds.
  path: Assets/Pictures/Robot/Layer 13.png
  artifactKey: Guid(26d4d73f4f147654090c7203023067be) Importer(815301076,1909f56bfc062723c751e8b465ee728b)
Start importing Assets/Pictures/Robot/Layer 13.png using Guid(26d4d73f4f147654090c7203023067be) Importer(815301076,1909f56bfc062723c751e8b465ee728b)  -> (artifact id: '38c2f48729635d1d631e93145b4f63a2') in 0.018371 seconds 
========================================================================
Received Import Request.
  Time since last request: 0.000251 seconds.
  path: Assets/Pictures/Robot/Layer 28.png
  artifactKey: Guid(2c2003ad692091c458ae949533396724) Importer(815301076,1909f56bfc062723c751e8b465ee728b)
Start importing Assets/Pictures/Robot/Layer 28.png using Guid(2c2003ad692091c458ae949533396724) Importer(815301076,1909f56bfc062723c751e8b465ee728b)  -> (artifact id: '59b72ef2299b3f592362611091b90152') in 0.015665 seconds 
========================================================================
Received Import Request.
  Time since last request: 0.000244 seconds.
  path: Assets/Pictures/Robot/Layer 12.png
  artifactKey: Guid(4990696f2942eb34f85e3ca2dee3f7f5) Importer(815301076,1909f56bfc062723c751e8b465ee728b)
Start importing Assets/Pictures/Robot/Layer 12.png using Guid(4990696f2942eb34f85e3ca2dee3f7f5) Importer(815301076,1909f56bfc062723c751e8b465ee728b)  -> (artifact id: '8cb1c41fc8d28f4d982ecd51947ce262') in 0.015085 seconds 
========================================================================
Received Import Request.
  Time since last request: 0.000215 seconds.
  path: Assets/Pictures/Robot/Layer 18.png
  artifactKey: Guid(270fe737e25fe204a968a4216f28bd27) Importer(815301076,1909f56bfc062723c751e8b465ee728b)
Start importing Assets/Pictures/Robot/Layer 18.png using Guid(270fe737e25fe204a968a4216f28bd27) Importer(815301076,1909f56bfc062723c751e8b465ee728b)  -> (artifact id: '42a93dc368f11906e6487889553bb691') in 0.017468 seconds 
========================================================================
Received Import Request.
  Time since last request: 0.000239 seconds.
  path: Assets/Pictures/Robot/Layer 14.png
  artifactKey: Guid(363e4017188db96479f5fd3dbcbf949b) Importer(815301076,1909f56bfc062723c751e8b465ee728b)
Start importing Assets/Pictures/Robot/Layer 14.png using Guid(363e4017188db96479f5fd3dbcbf949b) Importer(815301076,1909f56bfc062723c751e8b465ee728b)  -> (artifact id: '683a072e743dd067855e23f90e2aa86d') in 0.014872 seconds 
========================================================================
Received Import Request.
  Time since last request: 0.000224 seconds.
  path: Assets/Pictures/Robot/Layer 31.png
  artifactKey: Guid(7fca01a16ddd6074a87df84ec711db25) Importer(815301076,1909f56bfc062723c751e8b465ee728b)
Start importing Assets/Pictures/Robot/Layer 31.png using Guid(7fca01a16ddd6074a87df84ec711db25) Importer(815301076,1909f56bfc062723c751e8b465ee728b)  -> (artifact id: 'bb18c4892d551ab070d63c7e25840c11') in 0.015388 seconds 
========================================================================
Received Import Request.
  Time since last request: 0.000221 seconds.
  path: Assets/Pictures/Robot/Layer 23.png
  artifactKey: Guid(3b46e60c36cb777499d069989e3777f9) Importer(815301076,1909f56bfc062723c751e8b465ee728b)
Start importing Assets/Pictures/Robot/Layer 23.png using Guid(3b46e60c36cb777499d069989e3777f9) Importer(815301076,1909f56bfc062723c751e8b465ee728b)  -> (artifact id: '0295bdd27de0c001c2f2b67e3c05067d') in 0.015542 seconds 
========================================================================
Received Import Request.
  Time since last request: 0.000233 seconds.
  path: Assets/Pictures/Robot/Layer 26.png
  artifactKey: Guid(73797d6daa1bae54ab1a590a2a4b59b0) Importer(815301076,1909f56bfc062723c751e8b465ee728b)
Start importing Assets/Pictures/Robot/Layer 26.png using Guid(73797d6daa1bae54ab1a590a2a4b59b0) Importer(815301076,1909f56bfc062723c751e8b465ee728b)  -> (artifact id: '72d028e607038e0ca6fcec0bf844d0f7') in 0.015159 seconds 
========================================================================
Received Import Request.
  Time since last request: 0.000241 seconds.
  path: Assets/Pictures/Robot/Layer 11.png
  artifactKey: Guid(1c61337dfdec87b4da4b64d5e220ebe7) Importer(815301076,1909f56bfc062723c751e8b465ee728b)
Start importing Assets/Pictures/Robot/Layer 11.png using Guid(1c61337dfdec87b4da4b64d5e220ebe7) Importer(815301076,1909f56bfc062723c751e8b465ee728b)  -> (artifact id: '4274fbbd5cca875b37b8162a65317f9f') in 0.015876 seconds 
========================================================================
Received Import Request.
  Time since last request: 0.000217 seconds.
  path: Assets/Pictures/Robot/Layer 8.png
  artifactKey: Guid(05155dce9b68a1442aea668252ed4469) Importer(815301076,1909f56bfc062723c751e8b465ee728b)
Start importing Assets/Pictures/Robot/Layer 8.png using Guid(05155dce9b68a1442aea668252ed4469) Importer(815301076,1909f56bfc062723c751e8b465ee728b)  -> (artifact id: '1382d122d49015a42ebf1f8e1d515520') in 0.016314 seconds 
========================================================================
Received Import Request.
  Time since last request: 0.000197 seconds.
  path: Assets/Pictures/Robot/Layer 6.png
  artifactKey: Guid(db40fe9d3c4f5764c98f5f08cccb7f94) Importer(815301076,1909f56bfc062723c751e8b465ee728b)
Start importing Assets/Pictures/Robot/Layer 6.png using Guid(db40fe9d3c4f5764c98f5f08cccb7f94) Importer(815301076,1909f56bfc062723c751e8b465ee728b)  -> (artifact id: '30664bc6780277d7f56116b7dae514d9') in 0.013377 seconds 
========================================================================
Received Import Request.
  Time since last request: 0.000226 seconds.
  path: Assets/Pictures/Robot/Layer 27.png
  artifactKey: Guid(d0fa68e802db1fa46b10a997537bc365) Importer(815301076,1909f56bfc062723c751e8b465ee728b)
Start importing Assets/Pictures/Robot/Layer 27.png using Guid(d0fa68e802db1fa46b10a997537bc365) Importer(815301076,1909f56bfc062723c751e8b465ee728b)  -> (artifact id: '5151c193484111b1cecd35c47b4330d8') in 0.014496 seconds 
========================================================================
Received Import Request.
  Time since last request: 0.000207 seconds.
  path: Assets/Pictures/Robot/Layer 5.png
  artifactKey: Guid(6aca6ca62b6159949bb29e0a98cd0554) Importer(815301076,1909f56bfc062723c751e8b465ee728b)
Start importing Assets/Pictures/Robot/Layer 5.png using Guid(6aca6ca62b6159949bb29e0a98cd0554) Importer(815301076,1909f56bfc062723c751e8b465ee728b)  -> (artifact id: '552772cde02bdd1cfce5101bd47188b1') in 0.017917 seconds 
========================================================================
Received Import Request.
  Time since last request: 0.000220 seconds.
  path: Assets/Pictures/Robot/Layer 29.png
  artifactKey: Guid(8446e988d50a58446b30f5a71b2cc117) Importer(815301076,1909f56bfc062723c751e8b465ee728b)
Start importing Assets/Pictures/Robot/Layer 29.png using Guid(8446e988d50a58446b30f5a71b2cc117) Importer(815301076,1909f56bfc062723c751e8b465ee728b)  -> (artifact id: '976bcc7198b9402d1386882b01a6cc95') in 0.018401 seconds 
========================================================================
Received Import Request.
  Time since last request: 0.000236 seconds.
  path: Assets/Pictures/Robot/Layer 33.png
  artifactKey: Guid(2f2261c53183f1b4083e3dd6655c9b16) Importer(815301076,1909f56bfc062723c751e8b465ee728b)
Start importing Assets/Pictures/Robot/Layer 33.png using Guid(2f2261c53183f1b4083e3dd6655c9b16) Importer(815301076,1909f56bfc062723c751e8b465ee728b)  -> (artifact id: '09d25b6f5c466e16f1ff83789deac85f') in 0.016318 seconds 
========================================================================
Received Import Request.
  Time since last request: 0.000242 seconds.
  path: Assets/Pictures/Robot/Layer 25.png
  artifactKey: Guid(40507c81e5b2dff41a13bd11bdfe531c) Importer(815301076,1909f56bfc062723c751e8b465ee728b)
Start importing Assets/Pictures/Robot/Layer 25.png using Guid(40507c81e5b2dff41a13bd11bdfe531c) Importer(815301076,1909f56bfc062723c751e8b465ee728b)  -> (artifact id: 'd1402d069b61b74bd439a3aea632f05e') in 0.015014 seconds 
========================================================================
Received Import Request.
  Time since last request: 0.000233 seconds.
  path: Assets/Pictures/Robot/Layer 24.png
  artifactKey: Guid(6db679e79ed1f57418f15e5b5310d560) Importer(815301076,1909f56bfc062723c751e8b465ee728b)
Start importing Assets/Pictures/Robot/Layer 24.png using Guid(6db679e79ed1f57418f15e5b5310d560) Importer(815301076,1909f56bfc062723c751e8b465ee728b)  -> (artifact id: 'a64de8bff462598602d5647ef6f48ff5') in 0.018199 seconds 
========================================================================
Received Import Request.
  Time since last request: 0.000254 seconds.
  path: Assets/Pictures/Robot/Layer 35.png
  artifactKey: Guid(106f450cf1c6dc5429112ed0f5d89bec) Importer(815301076,1909f56bfc062723c751e8b465ee728b)
Start importing Assets/Pictures/Robot/Layer 35.png using Guid(106f450cf1c6dc5429112ed0f5d89bec) Importer(815301076,1909f56bfc062723c751e8b465ee728b)  -> (artifact id: '6418c944a1540d36a96b25354fe42d00') in 0.016497 seconds 
========================================================================
Received Import Request.
  Time since last request: 0.000289 seconds.
  path: Assets/Pictures/Robot/Layer 36.png
  artifactKey: Guid(3a4ef1b47cda13c48a22818d393926af) Importer(815301076,1909f56bfc062723c751e8b465ee728b)
Start importing Assets/Pictures/Robot/Layer 36.png using Guid(3a4ef1b47cda13c48a22818d393926af) Importer(815301076,1909f56bfc062723c751e8b465ee728b)  -> (artifact id: 'bde8d7274fbf983dba383b546519d668') in 0.020580 seconds 
========================================================================
Received Import Request.
  Time since last request: 0.000223 seconds.
  path: Assets/Pictures/Robot/Layer 7.png
  artifactKey: Guid(e009e9ddaa5f9de41ba82b96ae5da5ab) Importer(815301076,1909f56bfc062723c751e8b465ee728b)
Start importing Assets/Pictures/Robot/Layer 7.png using Guid(e009e9ddaa5f9de41ba82b96ae5da5ab) Importer(815301076,1909f56bfc062723c751e8b465ee728b)  -> (artifact id: '81b38a2648639ec773938b4bb01583bc') in 0.013753 seconds 
========================================================================
Received Import Request.
  Time since last request: 34.156466 seconds.
  path: Assets/Pictures/Robot/Layer 1.png
  artifactKey: Guid(ea630eee917c30b4bb91c27fa978b4cd) Importer(815301076,1909f56bfc062723c751e8b465ee728b)
Start importing Assets/Pictures/Robot/Layer 1.png using Guid(ea630eee917c30b4bb91c27fa978b4cd) Importer(815301076,1909f56bfc062723c751e8b465ee728b)  -> (artifact id: 'e78deeb36f9a7bc9cbc69b929a179894') in 0.017028 seconds 
========================================================================
Received Import Request.
  Time since last request: 0.000224 seconds.
  path: Assets/Pictures/Robot/Layer 15.png
  artifactKey: Guid(c53f3330c8b28fd43946d444ed98a9fc) Importer(815301076,1909f56bfc062723c751e8b465ee728b)
Start importing Assets/Pictures/Robot/Layer 15.png using Guid(c53f3330c8b28fd43946d444ed98a9fc) Importer(815301076,1909f56bfc062723c751e8b465ee728b)  -> (artifact id: '76f2cfedff0a1e179bdea51fcfb1fdbf') in 0.014322 seconds 
========================================================================
Received Import Request.
  Time since last request: 0.000208 seconds.
  path: Assets/Pictures/Robot/Layer 19.png
  artifactKey: Guid(8bcb4d17c02c18c40bba1f7e38323027) Importer(815301076,1909f56bfc062723c751e8b465ee728b)
Start importing Assets/Pictures/Robot/Layer 19.png using Guid(8bcb4d17c02c18c40bba1f7e38323027) Importer(815301076,1909f56bfc062723c751e8b465ee728b)  -> (artifact id: '1a69ee60abf58b8ce570729f274069e7') in 0.015870 seconds 
========================================================================
Received Import Request.
  Time since last request: 0.000226 seconds.
  path: Assets/Pictures/Robot/Layer 22.png
  artifactKey: Guid(b25dcaf926b6d594eb456a2e93bf661a) Importer(815301076,1909f56bfc062723c751e8b465ee728b)
Start importing Assets/Pictures/Robot/Layer 22.png using Guid(b25dcaf926b6d594eb456a2e93bf661a) Importer(815301076,1909f56bfc062723c751e8b465ee728b)  -> (artifact id: 'f4d45aeedf0b66a8ecaf9a5deaddd772') in 0.017847 seconds 
========================================================================
Received Import Request.
  Time since last request: 0.000219 seconds.
  path: Assets/Pictures/Robot/Layer 3.png
  artifactKey: Guid(53e364c87e52ed443ba5996715652087) Importer(815301076,1909f56bfc062723c751e8b465ee728b)
Start importing Assets/Pictures/Robot/Layer 3.png using Guid(53e364c87e52ed443ba5996715652087) Importer(815301076,1909f56bfc062723c751e8b465ee728b)  -> (artifact id: '2682898d9fdccec77bc892542269a1e7') in 0.014935 seconds 
========================================================================
Received Import Request.
  Time since last request: 0.000226 seconds.
  path: Assets/Pictures/Robot/Layer 9.png
  artifactKey: Guid(d39a8bbf766f2f646b8e12445c071549) Importer(815301076,1909f56bfc062723c751e8b465ee728b)
Start importing Assets/Pictures/Robot/Layer 9.png using Guid(d39a8bbf766f2f646b8e12445c071549) Importer(815301076,1909f56bfc062723c751e8b465ee728b)  -> (artifact id: 'a83ed301056e5acbd0fba927b328590e') in 0.016963 seconds 
========================================================================
Received Import Request.
  Time since last request: 0.000223 seconds.
  path: Assets/Pictures/Robot/Layer 16.png
  artifactKey: Guid(b8780df895ffb46458092ceafce75c21) Importer(815301076,1909f56bfc062723c751e8b465ee728b)
Start importing Assets/Pictures/Robot/Layer 16.png using Guid(b8780df895ffb46458092ceafce75c21) Importer(815301076,1909f56bfc062723c751e8b465ee728b)  -> (artifact id: '990b2e865aed4fa82d7965da68ad94c8') in 0.028268 seconds 
========================================================================
Received Import Request.
  Time since last request: 0.000218 seconds.
  path: Assets/Pictures/Robot/Layer 2.png
  artifactKey: Guid(001f6721d8f6a534ba0e678a610ede20) Importer(815301076,1909f56bfc062723c751e8b465ee728b)
Start importing Assets/Pictures/Robot/Layer 2.png using Guid(001f6721d8f6a534ba0e678a610ede20) Importer(815301076,1909f56bfc062723c751e8b465ee728b)  -> (artifact id: 'a8211e7625720128723dc7e099532bfe') in 0.015890 seconds 
========================================================================
Received Import Request.
  Time since last request: 0.000304 seconds.
  path: Assets/Pictures/Robot/Layer 32.png
  artifactKey: Guid(cec9691e371f005448d8d2e950fd7ac4) Importer(815301076,1909f56bfc062723c751e8b465ee728b)
Start importing Assets/Pictures/Robot/Layer 32.png using Guid(cec9691e371f005448d8d2e950fd7ac4) Importer(815301076,1909f56bfc062723c751e8b465ee728b)  -> (artifact id: '7fc6b2c9bae312853960bffebd453af8') in 0.019680 seconds 
========================================================================
Received Import Request.
  Time since last request: 0.000255 seconds.
  path: Assets/Pictures/Robot/Layer 20.png
  artifactKey: Guid(8a9b024d41e4b914d91f92e6f238e3d3) Importer(815301076,1909f56bfc062723c751e8b465ee728b)
Start importing Assets/Pictures/Robot/Layer 20.png using Guid(8a9b024d41e4b914d91f92e6f238e3d3) Importer(815301076,1909f56bfc062723c751e8b465ee728b)  -> (artifact id: '236f822f12fdee1761509d863fa1da79') in 0.016743 seconds 
========================================================================
Received Import Request.
  Time since last request: 0.000210 seconds.
  path: Assets/Pictures/Robot/Layer 30.png
  artifactKey: Guid(3372e4746eb524e4ca5479f14db9818c) Importer(815301076,1909f56bfc062723c751e8b465ee728b)
Start importing Assets/Pictures/Robot/Layer 30.png using Guid(3372e4746eb524e4ca5479f14db9818c) Importer(815301076,1909f56bfc062723c751e8b465ee728b)  -> (artifact id: 'f2df0d200ca2853655ee6d2642b694f7') in 0.015907 seconds 
========================================================================
Received Import Request.
  Time since last request: 0.000326 seconds.
  path: Assets/Pictures/Robot/Layer 4.png
  artifactKey: Guid(afd770d427fd43b4a985d5baab8375fa) Importer(815301076,1909f56bfc062723c751e8b465ee728b)
Start importing Assets/Pictures/Robot/Layer 4.png using Guid(afd770d427fd43b4a985d5baab8375fa) Importer(815301076,1909f56bfc062723c751e8b465ee728b)  -> (artifact id: 'a7e12efe27c7460fa4a38fba57b1a8ce') in 0.016093 seconds 
========================================================================
Received Import Request.
  Time since last request: 0.000214 seconds.
  path: Assets/Pictures/Robot/Layer 21.png
  artifactKey: Guid(e2e54e8b4f7aa8f4b8b937d8d4336359) Importer(815301076,1909f56bfc062723c751e8b465ee728b)
Start importing Assets/Pictures/Robot/Layer 21.png using Guid(e2e54e8b4f7aa8f4b8b937d8d4336359) Importer(815301076,1909f56bfc062723c751e8b465ee728b)  -> (artifact id: 'e23edc5dbca6f935c40fb19c826b9b44') in 0.015615 seconds 
========================================================================
Received Import Request.
  Time since last request: 0.000219 seconds.
  path: Assets/Pictures/Robot/Layer 17.png
  artifactKey: Guid(c2d93e91cd1d33845aa7f54c5a49035d) Importer(815301076,1909f56bfc062723c751e8b465ee728b)
Start importing Assets/Pictures/Robot/Layer 17.png using Guid(c2d93e91cd1d33845aa7f54c5a49035d) Importer(815301076,1909f56bfc062723c751e8b465ee728b)  -> (artifact id: '14538968faa3ff74a28cb6dea74d5757') in 0.014616 seconds 
========================================================================
Received Import Request.
  Time since last request: 0.000229 seconds.
  path: Assets/Pictures/Robot/Layer 34.png
  artifactKey: Guid(4b94715219fdc174e83aee49d79a7492) Importer(815301076,1909f56bfc062723c751e8b465ee728b)
Start importing Assets/Pictures/Robot/Layer 34.png using Guid(4b94715219fdc174e83aee49d79a7492) Importer(815301076,1909f56bfc062723c751e8b465ee728b)  -> (artifact id: '0450d0d8b40f8a2826eccee918dbc64f') in 0.016678 seconds 
========================================================================
Received Import Request.
  Time since last request: 0.000226 seconds.
  path: Assets/Pictures/Robot/Layer 10.png
  artifactKey: Guid(744116d7c96a67b49b7d8ae9000f1d9d) Importer(815301076,1909f56bfc062723c751e8b465ee728b)
Start importing Assets/Pictures/Robot/Layer 10.png using Guid(744116d7c96a67b49b7d8ae9000f1d9d) Importer(815301076,1909f56bfc062723c751e8b465ee728b)  -> (artifact id: '1905a0ae87a9482c8159743c0bc7e677') in 0.013843 seconds 
========================================================================
Received Import Request.
  Time since last request: 0.000262 seconds.
  path: Assets/Pictures/Robot/Layer 13.png
  artifactKey: Guid(26d4d73f4f147654090c7203023067be) Importer(815301076,1909f56bfc062723c751e8b465ee728b)
Start importing Assets/Pictures/Robot/Layer 13.png using Guid(26d4d73f4f147654090c7203023067be) Importer(815301076,1909f56bfc062723c751e8b465ee728b)  -> (artifact id: 'e38b333966c6f7a931e80ef7ce22eaaa') in 0.014807 seconds 
========================================================================
Received Import Request.
  Time since last request: 0.000206 seconds.
  path: Assets/Pictures/Robot/Layer 28.png
  artifactKey: Guid(2c2003ad692091c458ae949533396724) Importer(815301076,1909f56bfc062723c751e8b465ee728b)
Start importing Assets/Pictures/Robot/Layer 28.png using Guid(2c2003ad692091c458ae949533396724) Importer(815301076,1909f56bfc062723c751e8b465ee728b)  -> (artifact id: '119b27575f1e3bdc1a2c7b84e6e176c0') in 0.013571 seconds 
========================================================================
Received Import Request.
  Time since last request: 0.000241 seconds.
  path: Assets/Pictures/Robot/Layer 12.png
  artifactKey: Guid(4990696f2942eb34f85e3ca2dee3f7f5) Importer(815301076,1909f56bfc062723c751e8b465ee728b)
Start importing Assets/Pictures/Robot/Layer 12.png using Guid(4990696f2942eb34f85e3ca2dee3f7f5) Importer(815301076,1909f56bfc062723c751e8b465ee728b)  -> (artifact id: '7d31f3e578d14d49241b772f9606258a') in 0.014013 seconds 
========================================================================
Received Import Request.
  Time since last request: 0.000234 seconds.
  path: Assets/Pictures/Robot/Layer 18.png
  artifactKey: Guid(270fe737e25fe204a968a4216f28bd27) Importer(815301076,1909f56bfc062723c751e8b465ee728b)
Start importing Assets/Pictures/Robot/Layer 18.png using Guid(270fe737e25fe204a968a4216f28bd27) Importer(815301076,1909f56bfc062723c751e8b465ee728b)  -> (artifact id: '8f6bad07875870ea5424022a5ea9445a') in 0.013684 seconds 
========================================================================
Received Import Request.
  Time since last request: 0.000243 seconds.
  path: Assets/Pictures/Robot/Layer 14.png
  artifactKey: Guid(363e4017188db96479f5fd3dbcbf949b) Importer(815301076,1909f56bfc062723c751e8b465ee728b)
Start importing Assets/Pictures/Robot/Layer 14.png using Guid(363e4017188db96479f5fd3dbcbf949b) Importer(815301076,1909f56bfc062723c751e8b465ee728b)  -> (artifact id: '5c76b377a9a5b0cb5fd9850e18e7ebab') in 0.014192 seconds 
========================================================================
Received Import Request.
  Time since last request: 0.000218 seconds.
  path: Assets/Pictures/Robot/Layer 31.png
  artifactKey: Guid(7fca01a16ddd6074a87df84ec711db25) Importer(815301076,1909f56bfc062723c751e8b465ee728b)
Start importing Assets/Pictures/Robot/Layer 31.png using Guid(7fca01a16ddd6074a87df84ec711db25) Importer(815301076,1909f56bfc062723c751e8b465ee728b)  -> (artifact id: '9cb84ca2964e718d11c0df5cf5490282') in 0.014805 seconds 
========================================================================
Received Import Request.
  Time since last request: 0.000290 seconds.
  path: Assets/Pictures/Robot/Layer 23.png
  artifactKey: Guid(3b46e60c36cb777499d069989e3777f9) Importer(815301076,1909f56bfc062723c751e8b465ee728b)
Start importing Assets/Pictures/Robot/Layer 23.png using Guid(3b46e60c36cb777499d069989e3777f9) Importer(815301076,1909f56bfc062723c751e8b465ee728b)  -> (artifact id: '32ff5c5601eb28eab7f94643758b0267') in 0.013756 seconds 
========================================================================
Received Import Request.
  Time since last request: 0.000232 seconds.
  path: Assets/Pictures/Robot/Layer 26.png
  artifactKey: Guid(73797d6daa1bae54ab1a590a2a4b59b0) Importer(815301076,1909f56bfc062723c751e8b465ee728b)
Start importing Assets/Pictures/Robot/Layer 26.png using Guid(73797d6daa1bae54ab1a590a2a4b59b0) Importer(815301076,1909f56bfc062723c751e8b465ee728b)  -> (artifact id: '5428c9e7e8a1773ebdfd420266883f32') in 0.013987 seconds 
========================================================================
Received Import Request.
  Time since last request: 0.000243 seconds.
  path: Assets/Pictures/Robot/Layer 11.png
  artifactKey: Guid(1c61337dfdec87b4da4b64d5e220ebe7) Importer(815301076,1909f56bfc062723c751e8b465ee728b)
Start importing Assets/Pictures/Robot/Layer 11.png using Guid(1c61337dfdec87b4da4b64d5e220ebe7) Importer(815301076,1909f56bfc062723c751e8b465ee728b)  -> (artifact id: 'c560290c2c39414ae8c8c255c039c773') in 0.013378 seconds 
========================================================================
Received Import Request.
  Time since last request: 0.000215 seconds.
  path: Assets/Pictures/Robot/Layer 8.png
  artifactKey: Guid(05155dce9b68a1442aea668252ed4469) Importer(815301076,1909f56bfc062723c751e8b465ee728b)
Start importing Assets/Pictures/Robot/Layer 8.png using Guid(05155dce9b68a1442aea668252ed4469) Importer(815301076,1909f56bfc062723c751e8b465ee728b)  -> (artifact id: 'dea14a85a3a64f13332707858df44bd5') in 0.015006 seconds 
========================================================================
Received Import Request.
  Time since last request: 0.000232 seconds.
  path: Assets/Pictures/Robot/Layer 6.png
  artifactKey: Guid(db40fe9d3c4f5764c98f5f08cccb7f94) Importer(815301076,1909f56bfc062723c751e8b465ee728b)
Start importing Assets/Pictures/Robot/Layer 6.png using Guid(db40fe9d3c4f5764c98f5f08cccb7f94) Importer(815301076,1909f56bfc062723c751e8b465ee728b)  -> (artifact id: '7a5576c0657d1657883e7ebf4f55102a') in 0.013088 seconds 
========================================================================
Received Import Request.
  Time since last request: 0.000234 seconds.
  path: Assets/Pictures/Robot/Layer 27.png
  artifactKey: Guid(d0fa68e802db1fa46b10a997537bc365) Importer(815301076,1909f56bfc062723c751e8b465ee728b)
Start importing Assets/Pictures/Robot/Layer 27.png using Guid(d0fa68e802db1fa46b10a997537bc365) Importer(815301076,1909f56bfc062723c751e8b465ee728b)  -> (artifact id: '901c8f1598810796a605d495de1ea801') in 0.014601 seconds 
========================================================================
Received Import Request.
  Time since last request: 0.000294 seconds.
  path: Assets/Pictures/Robot/Layer 5.png
  artifactKey: Guid(6aca6ca62b6159949bb29e0a98cd0554) Importer(815301076,1909f56bfc062723c751e8b465ee728b)
Start importing Assets/Pictures/Robot/Layer 5.png using Guid(6aca6ca62b6159949bb29e0a98cd0554) Importer(815301076,1909f56bfc062723c751e8b465ee728b)  -> (artifact id: '1ed30c93177487e3cc2d39cc1f7a24ac') in 0.013742 seconds 
========================================================================
Received Import Request.
  Time since last request: 0.000228 seconds.
  path: Assets/Pictures/Robot/Layer 29.png
  artifactKey: Guid(8446e988d50a58446b30f5a71b2cc117) Importer(815301076,1909f56bfc062723c751e8b465ee728b)
Start importing Assets/Pictures/Robot/Layer 29.png using Guid(8446e988d50a58446b30f5a71b2cc117) Importer(815301076,1909f56bfc062723c751e8b465ee728b)  -> (artifact id: '46b50b8b596bd69efbf36b0843e7a60d') in 0.013488 seconds 
========================================================================
Received Import Request.
  Time since last request: 0.000294 seconds.
  path: Assets/Pictures/Robot/Layer 33.png
  artifactKey: Guid(2f2261c53183f1b4083e3dd6655c9b16) Importer(815301076,1909f56bfc062723c751e8b465ee728b)
Start importing Assets/Pictures/Robot/Layer 33.png using Guid(2f2261c53183f1b4083e3dd6655c9b16) Importer(815301076,1909f56bfc062723c751e8b465ee728b)  -> (artifact id: 'a8b4c5d4d24a500a6776c435ae529cf6') in 0.014677 seconds 
========================================================================
Received Import Request.
  Time since last request: 0.000243 seconds.
  path: Assets/Pictures/Robot/Layer 25.png
  artifactKey: Guid(40507c81e5b2dff41a13bd11bdfe531c) Importer(815301076,1909f56bfc062723c751e8b465ee728b)
Start importing Assets/Pictures/Robot/Layer 25.png using Guid(40507c81e5b2dff41a13bd11bdfe531c) Importer(815301076,1909f56bfc062723c751e8b465ee728b)  -> (artifact id: 'af7168febab655052c40ccade6fd2cfa') in 0.014102 seconds 
========================================================================
Received Import Request.
  Time since last request: 0.000249 seconds.
  path: Assets/Pictures/Robot/Layer 24.png
  artifactKey: Guid(6db679e79ed1f57418f15e5b5310d560) Importer(815301076,1909f56bfc062723c751e8b465ee728b)
Start importing Assets/Pictures/Robot/Layer 24.png using Guid(6db679e79ed1f57418f15e5b5310d560) Importer(815301076,1909f56bfc062723c751e8b465ee728b)  -> (artifact id: '16950c221bfe25f9857c203435ee90da') in 0.014345 seconds 
========================================================================
Received Import Request.
  Time since last request: 0.000236 seconds.
  path: Assets/Pictures/Robot/Layer 35.png
  artifactKey: Guid(106f450cf1c6dc5429112ed0f5d89bec) Importer(815301076,1909f56bfc062723c751e8b465ee728b)
Start importing Assets/Pictures/Robot/Layer 35.png using Guid(106f450cf1c6dc5429112ed0f5d89bec) Importer(815301076,1909f56bfc062723c751e8b465ee728b)  -> (artifact id: '22e5fe4826b85c15822c567995092707') in 0.014107 seconds 
========================================================================
Received Import Request.
  Time since last request: 0.000226 seconds.
  path: Assets/Pictures/Robot/Layer 36.png
  artifactKey: Guid(3a4ef1b47cda13c48a22818d393926af) Importer(815301076,1909f56bfc062723c751e8b465ee728b)
Start importing Assets/Pictures/Robot/Layer 36.png using Guid(3a4ef1b47cda13c48a22818d393926af) Importer(815301076,1909f56bfc062723c751e8b465ee728b)  -> (artifact id: 'ed6972161b2ec9db61a6b567fb5f79be') in 0.012922 seconds 
========================================================================
Received Import Request.
  Time since last request: 0.000297 seconds.
  path: Assets/Pictures/Robot/Layer 7.png
  artifactKey: Guid(e009e9ddaa5f9de41ba82b96ae5da5ab) Importer(815301076,1909f56bfc062723c751e8b465ee728b)
Start importing Assets/Pictures/Robot/Layer 7.png using Guid(e009e9ddaa5f9de41ba82b96ae5da5ab) Importer(815301076,1909f56bfc062723c751e8b465ee728b)  -> (artifact id: '5f4987cb7dd06478d99c90e325fb2f0b') in 0.015495 seconds 
========================================================================
Received Import Request.
  Time since last request: 31.836799 seconds.
  path: Assets/Scripts/Finish.cs
  artifactKey: Guid(f3f4cc354ebcfba44acf78e89e06dbbb) Importer(815301076,1909f56bfc062723c751e8b465ee728b)
Start importing Assets/Scripts/Finish.cs using Guid(f3f4cc354ebcfba44acf78e89e06dbbb) Importer(815301076,1909f56bfc062723c751e8b465ee728b)  -> (artifact id: '2465a04b4fa43b6e89a1fd508898597b') in 0.012321 seconds 
========================================================================
Received Prepare
Registering precompiled user dll's ...
Registered in 0.002197 seconds.
Begin MonoManager ReloadAssembly
Native extension for WindowsStandalone target not found
Refreshing native plugins compatible for Editor in 0.50 ms, found 3 plugins.
Preloading 0 native plugins for Editor in 0.00 ms.
Mono: successfully reloaded assembly
- Completed reload, in  1.281 seconds
Domain Reload Profiling:
	ReloadAssembly (1281ms)
		BeginReloadAssembly (123ms)
			ExecutionOrderSort (0ms)
			DisableScriptedObjects (7ms)
			BackupInstance (0ms)
			ReleaseScriptingObjects (0ms)
			CreateAndSetChildDomain (38ms)
		EndReloadAssembly (1089ms)
			LoadAssemblies (101ms)
			RebuildTransferFunctionScriptingTraits (0ms)
			SetupTypeCache (341ms)
			ReleaseScriptCaches (1ms)
			RebuildScriptCaches (55ms)
			SetupLoadedEditorAssemblies (459ms)
				LogAssemblyErrors (0ms)
				InitializePlatformSupportModulesInManaged (4ms)
				SetLoadedEditorAssemblies (1ms)
				RefreshPlugins (1ms)
				BeforeProcessingInitializeOnLoad (103ms)
				ProcessInitializeOnLoadAttributes (328ms)
				ProcessInitializeOnLoadMethodAttributes (18ms)
				AfterProcessingInitializeOnLoad (4ms)
				EditorAssembliesLoaded (0ms)
			ExecutionOrderSort2 (0ms)
			AwakeInstancesAfterBackupRestoration (20ms)
Platform modules already initialized, skipping
Refreshing native plugins compatible for Editor in 1.15 ms, found 3 plugins.
Preloading 0 native plugins for Editor in 0.00 ms.
Unloading 2207 Unused Serialized files (Serialized files now loaded: 0)
System memory in use before: 101.4 MB.
System memory in use after: 101.4 MB.

Unloading 20 unused Assets to reduce memory usage. Loaded Objects now: 2675.
Total: 5.040200 ms (FindLiveObjects: 0.218000 ms CreateObjectMapping: 0.068500 ms MarkObjects: 4.569800 ms  DeleteObjects: 0.182000 ms)

AssetImportParameters requested are different than current active one (requested -> active):
  custom:framework-win-MediaFoundation: 216162199b28c13a410421893ffa2e32 -> 
  custom:video-decoder-ogg-theora: a1e56fd34408186e4bbccfd4996cb3dc -> 
  custom:container-muxer-webm: aa71ff27fc2769a1b78a27578f13a17b -> 
  custom:container-demuxer-webm: 4f35f7cbe854078d1ac9338744f61a02 -> 
  custom:container-demuxer-ogg: 62fdf1f143b41e24485cea50d1cbac27 -> 
  custom:video-encoder-webm-vp8: eb34c28f22e8b96e1ab97ce403110664 -> 
  custom:video-codec-MediaFoundation-h265: 746d11721c4dcdbdad8f713fa42b33f4 -> 
  custom:video-decoder-webm-vp8: 9c59270c3fd7afecdb556c50c9e8de78 -> 
  custom:audio-decoder-ogg-vorbis: bf7c407c2cedff20999df2af8eb42d56 -> 
  custom:audio-encoder-webm-vorbis: bf7c407c2cedff20999df2af8eb42d56 -> 
========================================================================
Received Import Request.
  Time since last request: 88.653476 seconds.
  path: Assets/Scenes/SampleScene.unity
  artifactKey: Guid(2cda990e2423bbf4892e6590ba056729) Importer(815301076,1909f56bfc062723c751e8b465ee728b)
Start importing Assets/Scenes/SampleScene.unity using Guid(2cda990e2423bbf4892e6590ba056729) Importer(815301076,1909f56bfc062723c751e8b465ee728b)  -> (artifact id: '1e18fef94c4ad8dd2ec3d1aa2047177c') in 0.013022 seconds 
AssetImportWorkerClient::OnTransportError - code=2 error=End of file
